<html>
<head>
<title>TestNG:  Default test</title>
<link href="../testng.css" rel="stylesheet" type="text/css" />
<link href="../my-testng.css" rel="stylesheet" type="text/css" />

<style type="text/css">
.log { display: none;} 
.stack-trace { display: none;} 
</style>
<script type="text/javascript">
<!--
function flip(e) {
  current = e.style.display;
  if (current == 'block') {
    e.style.display = 'none';
    return 0;
  }
  else {
    e.style.display = 'block';
    return 1;
  }
}

function toggleBox(szDivId, elem, msg1, msg2)
{
  var res = -1;  if (document.getElementById) {
    res = flip(document.getElementById(szDivId));
  }
  else if (document.all) {
    // this is the way old msie versions work
    res = flip(document.all[szDivId]);
  }
  if(elem) {
    if(res == 0) elem.innerHTML = msg1; else elem.innerHTML = msg2;
  }

}

function toggleAllBoxes() {
  if (document.getElementsByTagName) {
    d = document.getElementsByTagName('div');
    for (i = 0; i < d.length; i++) {
      if (d[i].className == 'log') {
        flip(d[i]);
      }
    }
  }
}

// -->
</script>

</head>
<body>
<h2 align='center'>Default test</h2><table border='1' align="center">
<tr>
<td>Tests passed/Failed/Skipped:</td><td>97/4/0</td>
</tr><tr>
<td>Started on:</td><td>Tue Apr 26 17:39:22 IST 2022</td>
</tr>
<tr><td>Total time:</td><td>13459 seconds (13459462 ms)</td>
</tr><tr>
<td>Included groups:</td><td></td>
</tr><tr>
<td>Excluded groups:</td><td></td>
</tr>
</table><p/>
<small><i>(Hover the method name to see the test class name)</i></small><p/>
<table width='100%' border='1' class='invocation-failed'>
<tr><td colspan='4' align='center'><b>FAILED CONFIGURATIONS</b></td></tr>
<tr><td><b>Test method</b></td>
<td width="30%"><b>Exception</b></td>
<td width="10%"><b>Time (seconds)</b></td>
<td><b>Instance</b></td>
</tr>
<tr>
<td title='com.twc.ios.app.testcases.RegressionTest.afterClass()'><b>afterClass</b><br>Test class: com.twc.ios.app.testcases.RegressionTest</td>
<td><div><pre>org.openqa.selenium.NoSuchElementException: An element could not be located on the page using the given search parameters.
For documentation on this error, please visit: https://www.seleniumhq.org/exceptions/no_such_element.html
Build info: version: &apos;3.141.59&apos;, revision: &apos;e82be7d358&apos;, time: &apos;2018-11-14T08:17:03&apos;
System info: host: &apos;Aswinikumars-MacBook-Pro.local&apos;, ip: &apos;2401:4900:1c27:2d19:34b4:eb8c:a068:accc%en0&apos;, os.name: &apos;Mac OS X&apos;, os.arch: &apos;x86_64&apos;, os.version: &apos;10.16&apos;, java.version: &apos;1.8.0_311&apos;
Driver info: io.appium.java_client.ios.IOSDriver
Capabilities {appPackage: com.weather.TWC, appium-version: 1.18.3, autoLaunch: true, automationName: XCUITest, browserName: , bundleId: com.weather.TWC, clearSystemFiles: true, databaseEnabled: false, device: iPhone, deviceName: =iPhone13, forceIphone: true, javascriptEnabled: true, launchTimeout: 60000, locationContextEnabled: false, networkConnectionEnabled: false, newCommandTimeout: 7200, noReset: true, platform: MAC, platformName: iOS, platformVersion: 15.2, realDeviceLogger: /Users/apple/node_modules/d..., takesScreenshot: true, udid: 00008110-000239112661801E, useNewWDA: true, wdaLocalPort: 7403, webStorageEnabled: false, xcodeConfigfile: /Applications/Appium.app/Co...}
Session ID: 188a4b80-9dbe-4153-b544-868ee71071e5
*** Element info: {Using=xpath, value=(//XCUIElementTypeButton[@name=&apos;close_menu_button&apos;])[1]}
	at sun.reflect.GeneratedConstructorAccessor56.newInstance(Unknown Source)
	at sun.reflect.DelegatingConstructorAccessorImpl.newInstance(DelegatingConstructorAccessorImpl.java:45)
	at java.lang.reflect.Constructor.newInstance(Constructor.java:423)
	at org.openqa.selenium.remote.http.W3CHttpResponseCodec.createException(W3CHttpResponseCodec.java:187)
	at org.openqa.selenium.remote.http.W3CHttpResponseCodec.decode(W3CHttpResponseCodec.java:122)
	at org.openqa.selenium.remote.http.W3CHttpResponseCodec.decode(W3CHttpResponseCodec.java:49)
	at org.openqa.selenium.remote.HttpCommandExecutor.execute(HttpCommandExecutor.java:158)
	at io.appium.java_client.remote.AppiumCommandExecutor.execute(AppiumCommandExecutor.java:239)
	at org.openqa.selenium.remote.RemoteWebDriver.execute(RemoteWebDriver.java:552)
	at io.appium.java_client.DefaultGenericMobileDriver.execute(DefaultGenericMobileDriver.java:41)
	at io.appium.java_client.AppiumDriver.execute(AppiumDriver.java:1)
	at io.appium.java_client.ios.IOSDriver.execute(IOSDriver.java:1)
	at org.openqa.selenium.remote.RemoteWebDriver.findElement(RemoteWebDriver.java:323)
	at io.appium.java_client.DefaultGenericMobileDriver.findElement(DefaultGenericMobileDriver.java:61)
	at io.appium.java_client.AppiumDriver.findElement(AppiumDriver.java:1)
	at io.appium.java_client.ios.IOSDriver.findElement(IOSDriver.java:1)
	at org.openqa.selenium.remote.RemoteWebDriver.findElementByXPath(RemoteWebDriver.java:428)
	at io.appium.java_client.DefaultGenericMobileDriver.findElementByXPath(DefaultGenericMobileDriver.java:151)
	at io.appium.java_client.AppiumDriver.findElementByXPath(AppiumDriver.java:1)
	at io.appium.java_client.ios.IOSDriver.findElementByXPath(IOSDriver.java:1)
	at org.openqa.selenium.By$ByXPath.findElement(By.java:353)
	at org.openqa.selenium.remote.RemoteWebDriver.findElement(RemoteWebDriver.java:315)
	at io.appium.java_client.DefaultGenericMobileDriver.findElement(DefaultGenericMobileDriver.java:57)
	at io.appium.java_client.AppiumDriver.findElement(AppiumDriver.java:1)
	at io.appium.java_client.ios.IOSDriver.findElement(IOSDriver.java:1)
	at com.twc.ios.app.pages.SettingsScreen.getAppVersion(SettingsScreen.java:123)
	at com.twc.ios.app.testcases.RegressionTest.afterClass(RegressionTest.java:78)
	at sun.reflect.NativeMethodAccessorImpl.invoke0(Native Method)
	at sun.reflect.NativeMethodAccessorImpl.invoke(NativeMethodAccessorImpl.java:62)
	at sun.reflect.DelegatingMethodAccessorImpl.invoke(DelegatingMethodAccessorImpl.java:43)
	at java.lang.reflect.Method.invoke(Method.java:498)
	at org.testng.internal.MethodInvocationHelper.invokeMethod(MethodInvocationHelper.java:86)
	at org.testng.internal.Invoker.invokeConfigurationMethod(Invoker.java:514)
	at org.testng.internal.Invoker.invokeConfigurations(Invoker.java:215)
	at org.testng.internal.Invoker.invokeConfigurations(Invoker.java:142)
	at org.testng.internal.TestMethodWorker.invokeAfterClassMethods(TestMethodWorker.java:232)
	at org.testng.internal.TestMethodWorker.run(TestMethodWorker.java:115)
	at org.testng.TestRunner.privateRun(TestRunner.java:782)
	at org.testng.TestRunner.run(TestRunner.java:632)
	at org.testng.SuiteRunner.runTest(SuiteRunner.java:366)
	at org.testng.SuiteRunner.runSequentially(SuiteRunner.java:361)
	at org.testng.SuiteRunner.privateRun(SuiteRunner.java:319)
	at org.testng.SuiteRunner.run(SuiteRunner.java:268)
	at org.testng.SuiteRunnerWorker.runSuite(SuiteRunnerWorker.java:52)
	at org.testng.SuiteRunnerWorker.run(SuiteRunnerWorker.java:86)
	at org.testng.TestNG.runSuitesSequentially(TestNG.java:1244)
	at org.testng.TestNG.runSuitesLocally(TestNG.java:1169)
	at org.testng.TestNG.run(TestNG.java:1064)
	at org.testng.remote.AbstractRemoteTestNG.run(AbstractRemoteTestNG.java:115)
	at org.testng.remote.RemoteTestNG.initAndRun(RemoteTestNG.java:251)
	at org.testng.remote.RemoteTestNG.main(RemoteTestNG.java:77)
</pre></div><a href='#' onClick='toggleBox("stack-trace1715938535", this, "Click to show all stack frames", "Click to hide stack frames")'>Click to show all stack frames</a>
<div class='stack-trace' id='stack-trace1715938535'><pre>org.openqa.selenium.NoSuchElementException: An element could not be located on the page using the given search parameters.
For documentation on this error, please visit: https://www.seleniumhq.org/exceptions/no_such_element.html
Build info: version: &apos;3.141.59&apos;, revision: &apos;e82be7d358&apos;, time: &apos;2018-11-14T08:17:03&apos;
System info: host: &apos;Aswinikumars-MacBook-Pro.local&apos;, ip: &apos;2401:4900:1c27:2d19:34b4:eb8c:a068:accc%en0&apos;, os.name: &apos;Mac OS X&apos;, os.arch: &apos;x86_64&apos;, os.version: &apos;10.16&apos;, java.version: &apos;1.8.0_311&apos;
Driver info: io.appium.java_client.ios.IOSDriver
Capabilities {appPackage: com.weather.TWC, appium-version: 1.18.3, autoLaunch: true, automationName: XCUITest, browserName: , bundleId: com.weather.TWC, clearSystemFiles: true, databaseEnabled: false, device: iPhone, deviceName: =iPhone13, forceIphone: true, javascriptEnabled: true, launchTimeout: 60000, locationContextEnabled: false, networkConnectionEnabled: false, newCommandTimeout: 7200, noReset: true, platform: MAC, platformName: iOS, platformVersion: 15.2, realDeviceLogger: /Users/apple/node_modules/d..., takesScreenshot: true, udid: 00008110-000239112661801E, useNewWDA: true, wdaLocalPort: 7403, webStorageEnabled: false, xcodeConfigfile: /Applications/Appium.app/Co...}
Session ID: 188a4b80-9dbe-4153-b544-868ee71071e5
*** Element info: {Using=xpath, value=(//XCUIElementTypeButton[@name=&apos;close_menu_button&apos;])[1]}
	at sun.reflect.GeneratedConstructorAccessor56.newInstance(Unknown Source)
	at sun.reflect.DelegatingConstructorAccessorImpl.newInstance(DelegatingConstructorAccessorImpl.java:45)
	at java.lang.reflect.Constructor.newInstance(Constructor.java:423)
	at org.openqa.selenium.remote.http.W3CHttpResponseCodec.createException(W3CHttpResponseCodec.java:187)
	at org.openqa.selenium.remote.http.W3CHttpResponseCodec.decode(W3CHttpResponseCodec.java:122)
	at org.openqa.selenium.remote.http.W3CHttpResponseCodec.decode(W3CHttpResponseCodec.java:49)
	at org.openqa.selenium.remote.HttpCommandExecutor.execute(HttpCommandExecutor.java:158)
	at io.appium.java_client.remote.AppiumCommandExecutor.execute(AppiumCommandExecutor.java:239)
	at org.openqa.selenium.remote.RemoteWebDriver.execute(RemoteWebDriver.java:552)
	at io.appium.java_client.DefaultGenericMobileDriver.execute(DefaultGenericMobileDriver.java:41)
	at io.appium.java_client.AppiumDriver.execute(AppiumDriver.java:1)
	at io.appium.java_client.ios.IOSDriver.execute(IOSDriver.java:1)
	at org.openqa.selenium.remote.RemoteWebDriver.findElement(RemoteWebDriver.java:323)
	at io.appium.java_client.DefaultGenericMobileDriver.findElement(DefaultGenericMobileDriver.java:61)
	at io.appium.java_client.AppiumDriver.findElement(AppiumDriver.java:1)
	at io.appium.java_client.ios.IOSDriver.findElement(IOSDriver.java:1)
	at org.openqa.selenium.remote.RemoteWebDriver.findElementByXPath(RemoteWebDriver.java:428)
	at io.appium.java_client.DefaultGenericMobileDriver.findElementByXPath(DefaultGenericMobileDriver.java:151)
	at io.appium.java_client.AppiumDriver.findElementByXPath(AppiumDriver.java:1)
	at io.appium.java_client.ios.IOSDriver.findElementByXPath(IOSDriver.java:1)
	at org.openqa.selenium.By$ByXPath.findElement(By.java:353)
	at org.openqa.selenium.remote.RemoteWebDriver.findElement(RemoteWebDriver.java:315)
	at io.appium.java_client.DefaultGenericMobileDriver.findElement(DefaultGenericMobileDriver.java:57)
	at io.appium.java_client.AppiumDriver.findElement(AppiumDriver.java:1)
	at io.appium.java_client.ios.IOSDriver.findElement(IOSDriver.java:1)
	at com.twc.ios.app.pages.SettingsScreen.getAppVersion(SettingsScreen.java:123)
	at com.twc.ios.app.testcases.RegressionTest.afterClass(RegressionTest.java:78)
	at sun.reflect.NativeMethodAccessorImpl.invoke0(Native Method)
	at sun.reflect.NativeMethodAccessorImpl.invoke(NativeMethodAccessorImpl.java:62)
	at sun.reflect.DelegatingMethodAccessorImpl.invoke(DelegatingMethodAccessorImpl.java:43)
	at java.lang.reflect.Method.invoke(Method.java:498)
	at org.testng.internal.MethodInvocationHelper.invokeMethod(MethodInvocationHelper.java:86)
	at org.testng.internal.Invoker.invokeConfigurationMethod(Invoker.java:514)
	at org.testng.internal.Invoker.invokeConfigurations(Invoker.java:215)
	at org.testng.internal.Invoker.invokeConfigurations(Invoker.java:142)
	at org.testng.internal.TestMethodWorker.invokeAfterClassMethods(TestMethodWorker.java:232)
	at org.testng.internal.TestMethodWorker.run(TestMethodWorker.java:115)
	at org.testng.TestRunner.privateRun(TestRunner.java:782)
	at org.testng.TestRunner.run(TestRunner.java:632)
	at org.testng.SuiteRunner.runTest(SuiteRunner.java:366)
	at org.testng.SuiteRunner.runSequentially(SuiteRunner.java:361)
	at org.testng.SuiteRunner.privateRun(SuiteRunner.java:319)
	at org.testng.SuiteRunner.run(SuiteRunner.java:268)
	at org.testng.SuiteRunnerWorker.runSuite(SuiteRunnerWorker.java:52)
	at org.testng.SuiteRunnerWorker.run(SuiteRunnerWorker.java:86)
	at org.testng.TestNG.runSuitesSequentially(TestNG.java:1244)
	at org.testng.TestNG.runSuitesLocally(TestNG.java:1169)
	at org.testng.TestNG.run(TestNG.java:1064)
	at org.testng.remote.AbstractRemoteTestNG.run(AbstractRemoteTestNG.java:115)
	at org.testng.remote.RemoteTestNG.initAndRun(RemoteTestNG.java:251)
	at org.testng.remote.RemoteTestNG.main(RemoteTestNG.java:77)
</pre></div></td>
<td>0</td>
<td>com.twc.ios.app.testcases.RegressionTest@a10c1b5</td></tr>
</table><p>
<table width='100%' border='1' class='invocation-failed'>
<tr><td colspan='4' align='center'><b>FAILED TESTS</b></td></tr>
<tr><td><b>Test method</b></td>
<td width="30%"><b>Exception</b></td>
<td width="10%"><b>Time (seconds)</b></td>
<td><b>Instance</b></td>
</tr>
<tr>
<td title='com.twc.ios.app.testcases.RegressionTest.Validate_Integrated_FeedCard_VideoAd_bgAssetCall()'><b>Validate_Integrated_FeedCard_VideoAd_bgAssetCall</b><br>Test class: com.twc.ios.app.testcases.RegressionTest</td>
<td><div><pre>java.lang.AssertionError: -bg Asset Call is not present in Charles session
	at org.testng.Assert.fail(Assert.java:94)
	at com.twc.ios.app.general.Utils.verifyAssetCallWithHostandPath(Utils.java:10959)
	at com.twc.ios.app.testcases.RegressionTest.Validate_Integrated_FeedCard_VideoAd_bgAssetCall(RegressionTest.java:1317)
	at sun.reflect.NativeMethodAccessorImpl.invoke0(Native Method)
	at sun.reflect.NativeMethodAccessorImpl.invoke(NativeMethodAccessorImpl.java:62)
	at sun.reflect.DelegatingMethodAccessorImpl.invoke(DelegatingMethodAccessorImpl.java:43)
	at java.lang.reflect.Method.invoke(Method.java:498)
	at org.testng.internal.MethodInvocationHelper.invokeMethod(MethodInvocationHelper.java:86)
	at org.testng.internal.Invoker.invokeMethod(Invoker.java:643)
	at org.testng.internal.Invoker.invokeTestMethod(Invoker.java:820)
	at org.testng.internal.Invoker.invokeTestMethods(Invoker.java:1128)
	at org.testng.internal.TestMethodWorker.invokeTestMethods(TestMethodWorker.java:129)
	at org.testng.internal.TestMethodWorker.run(TestMethodWorker.java:112)
	at org.testng.TestRunner.privateRun(TestRunner.java:782)
	at org.testng.TestRunner.run(TestRunner.java:632)
	at org.testng.SuiteRunner.runTest(SuiteRunner.java:366)
	at org.testng.SuiteRunner.runSequentially(SuiteRunner.java:361)
	at org.testng.SuiteRunner.privateRun(SuiteRunner.java:319)
	at org.testng.SuiteRunner.run(SuiteRunner.java:268)
	at org.testng.SuiteRunnerWorker.runSuite(SuiteRunnerWorker.java:52)
	at org.testng.SuiteRunnerWorker.run(SuiteRunnerWorker.java:86)
	at org.testng.TestNG.runSuitesSequentially(TestNG.java:1244)
	at org.testng.TestNG.runSuitesLocally(TestNG.java:1169)
	at org.testng.TestNG.run(TestNG.java:1064)
	at org.testng.remote.AbstractRemoteTestNG.run(AbstractRemoteTestNG.java:115)
	at org.testng.remote.RemoteTestNG.initAndRun(RemoteTestNG.java:251)
	at org.testng.remote.RemoteTestNG.main(RemoteTestNG.java:77)
</pre></div><a href='#' onClick='toggleBox("stack-trace603690046", this, "Click to show all stack frames", "Click to hide stack frames")'>Click to show all stack frames</a>
<div class='stack-trace' id='stack-trace603690046'><pre>java.lang.AssertionError: -bg Asset Call is not present in Charles session
	at org.testng.Assert.fail(Assert.java:94)
	at com.twc.ios.app.general.Utils.verifyAssetCallWithHostandPath(Utils.java:10959)
	at com.twc.ios.app.testcases.RegressionTest.Validate_Integrated_FeedCard_VideoAd_bgAssetCall(RegressionTest.java:1317)
	at sun.reflect.NativeMethodAccessorImpl.invoke0(Native Method)
	at sun.reflect.NativeMethodAccessorImpl.invoke(NativeMethodAccessorImpl.java:62)
	at sun.reflect.DelegatingMethodAccessorImpl.invoke(DelegatingMethodAccessorImpl.java:43)
	at java.lang.reflect.Method.invoke(Method.java:498)
	at org.testng.internal.MethodInvocationHelper.invokeMethod(MethodInvocationHelper.java:86)
	at org.testng.internal.Invoker.invokeMethod(Invoker.java:643)
	at org.testng.internal.Invoker.invokeTestMethod(Invoker.java:820)
	at org.testng.internal.Invoker.invokeTestMethods(Invoker.java:1128)
	at org.testng.internal.TestMethodWorker.invokeTestMethods(TestMethodWorker.java:129)
	at org.testng.internal.TestMethodWorker.run(TestMethodWorker.java:112)
	at org.testng.TestRunner.privateRun(TestRunner.java:782)
	at org.testng.TestRunner.run(TestRunner.java:632)
	at org.testng.SuiteRunner.runTest(SuiteRunner.java:366)
	at org.testng.SuiteRunner.runSequentially(SuiteRunner.java:361)
	at org.testng.SuiteRunner.privateRun(SuiteRunner.java:319)
	at org.testng.SuiteRunner.run(SuiteRunner.java:268)
	at org.testng.SuiteRunnerWorker.runSuite(SuiteRunnerWorker.java:52)
	at org.testng.SuiteRunnerWorker.run(SuiteRunnerWorker.java:86)
	at org.testng.TestNG.runSuitesSequentially(TestNG.java:1244)
	at org.testng.TestNG.runSuitesLocally(TestNG.java:1169)
	at org.testng.TestNG.run(TestNG.java:1064)
	at org.testng.remote.AbstractRemoteTestNG.run(AbstractRemoteTestNG.java:115)
	at org.testng.remote.RemoteTestNG.initAndRun(RemoteTestNG.java:251)
	at org.testng.remote.RemoteTestNG.main(RemoteTestNG.java:77)
</pre></div></td>
<td>0</td>
<td>com.twc.ios.app.testcases.RegressionTest@a10c1b5</td></tr>
<tr>
<td title='com.twc.ios.app.testcases.RegressionTest.Validate_SafetyAndPreparednessCard_Call_Response()'><b>Validate_SafetyAndPreparednessCard_Call_Response</b><br>Test class: com.twc.ios.app.testcases.RegressionTest</td>
<td><div><pre>java.lang.NullPointerException
	at com.twc.ios.app.excel.ExcelData.excelread(ExcelData.java:41)
	at com.twc.ios.app.general.ReadExcelValues.excelValues(ReadExcelValues.java:11)
	at com.twc.ios.app.general.Utils.Verify_Gampad_Call_ByResponseText(Utils.java:2122)
	at com.twc.ios.app.testcases.RegressionTest.Validate_SafetyAndPreparednessCard_Call_Response(RegressionTest.java:1753)
	at sun.reflect.NativeMethodAccessorImpl.invoke0(Native Method)
	at sun.reflect.NativeMethodAccessorImpl.invoke(NativeMethodAccessorImpl.java:62)
	at sun.reflect.DelegatingMethodAccessorImpl.invoke(DelegatingMethodAccessorImpl.java:43)
	at java.lang.reflect.Method.invoke(Method.java:498)
	at org.testng.internal.MethodInvocationHelper.invokeMethod(MethodInvocationHelper.java:86)
	at org.testng.internal.Invoker.invokeMethod(Invoker.java:643)
	at org.testng.internal.Invoker.invokeTestMethod(Invoker.java:820)
	at org.testng.internal.Invoker.invokeTestMethods(Invoker.java:1128)
	at org.testng.internal.TestMethodWorker.invokeTestMethods(TestMethodWorker.java:129)
	at org.testng.internal.TestMethodWorker.run(TestMethodWorker.java:112)
	at org.testng.TestRunner.privateRun(TestRunner.java:782)
	at org.testng.TestRunner.run(TestRunner.java:632)
	at org.testng.SuiteRunner.runTest(SuiteRunner.java:366)
	at org.testng.SuiteRunner.runSequentially(SuiteRunner.java:361)
	at org.testng.SuiteRunner.privateRun(SuiteRunner.java:319)
	at org.testng.SuiteRunner.run(SuiteRunner.java:268)
	at org.testng.SuiteRunnerWorker.runSuite(SuiteRunnerWorker.java:52)
	at org.testng.SuiteRunnerWorker.run(SuiteRunnerWorker.java:86)
	at org.testng.TestNG.runSuitesSequentially(TestNG.java:1244)
	at org.testng.TestNG.runSuitesLocally(TestNG.java:1169)
	at org.testng.TestNG.run(TestNG.java:1064)
	at org.testng.remote.AbstractRemoteTestNG.run(AbstractRemoteTestNG.java:115)
	at org.testng.remote.RemoteTestNG.initAndRun(RemoteTestNG.java:251)
	at org.testng.remote.RemoteTestNG.main(RemoteTestNG.java:77)
</pre></div><a href='#' onClick='toggleBox("stack-trace747892972", this, "Click to show all stack frames", "Click to hide stack frames")'>Click to show all stack frames</a>
<div class='stack-trace' id='stack-trace747892972'><pre>java.lang.NullPointerException
	at com.twc.ios.app.excel.ExcelData.excelread(ExcelData.java:41)
	at com.twc.ios.app.general.ReadExcelValues.excelValues(ReadExcelValues.java:11)
	at com.twc.ios.app.general.Utils.Verify_Gampad_Call_ByResponseText(Utils.java:2122)
	at com.twc.ios.app.testcases.RegressionTest.Validate_SafetyAndPreparednessCard_Call_Response(RegressionTest.java:1753)
	at sun.reflect.NativeMethodAccessorImpl.invoke0(Native Method)
	at sun.reflect.NativeMethodAccessorImpl.invoke(NativeMethodAccessorImpl.java:62)
	at sun.reflect.DelegatingMethodAccessorImpl.invoke(DelegatingMethodAccessorImpl.java:43)
	at java.lang.reflect.Method.invoke(Method.java:498)
	at org.testng.internal.MethodInvocationHelper.invokeMethod(MethodInvocationHelper.java:86)
	at org.testng.internal.Invoker.invokeMethod(Invoker.java:643)
	at org.testng.internal.Invoker.invokeTestMethod(Invoker.java:820)
	at org.testng.internal.Invoker.invokeTestMethods(Invoker.java:1128)
	at org.testng.internal.TestMethodWorker.invokeTestMethods(TestMethodWorker.java:129)
	at org.testng.internal.TestMethodWorker.run(TestMethodWorker.java:112)
	at org.testng.TestRunner.privateRun(TestRunner.java:782)
	at org.testng.TestRunner.run(TestRunner.java:632)
	at org.testng.SuiteRunner.runTest(SuiteRunner.java:366)
	at org.testng.SuiteRunner.runSequentially(SuiteRunner.java:361)
	at org.testng.SuiteRunner.privateRun(SuiteRunner.java:319)
	at org.testng.SuiteRunner.run(SuiteRunner.java:268)
	at org.testng.SuiteRunnerWorker.runSuite(SuiteRunnerWorker.java:52)
	at org.testng.SuiteRunnerWorker.run(SuiteRunnerWorker.java:86)
	at org.testng.TestNG.runSuitesSequentially(TestNG.java:1244)
	at org.testng.TestNG.runSuitesLocally(TestNG.java:1169)
	at org.testng.TestNG.run(TestNG.java:1064)
	at org.testng.remote.AbstractRemoteTestNG.run(AbstractRemoteTestNG.java:115)
	at org.testng.remote.RemoteTestNG.initAndRun(RemoteTestNG.java:251)
	at org.testng.remote.RemoteTestNG.main(RemoteTestNG.java:77)
</pre></div></td>
<td>0</td>
<td>com.twc.ios.app.testcases.RegressionTest@a10c1b5</td></tr>
<tr>
<td title='com.twc.ios.app.testcases.RegressionTest.Verify_interstitial_ads_hourlyTab()'><b>Verify_interstitial_ads_hourlyTab</b><br>Test class: com.twc.ios.app.testcases.RegressionTest</td>
<td><div><pre>java.lang.AssertionError: Interstitial Ad call not generated after 1 min, no need to perform further checks
	at org.testng.Assert.fail(Assert.java:94)
	at com.twc.ios.app.general.Utils.assertinterStitialAd(Utils.java:4778)
	at com.twc.ios.app.testcases.RegressionTest.Verify_interstitial_ads_hourlyTab(RegressionTest.java:1371)
	at sun.reflect.NativeMethodAccessorImpl.invoke0(Native Method)
	at sun.reflect.NativeMethodAccessorImpl.invoke(NativeMethodAccessorImpl.java:62)
	at sun.reflect.DelegatingMethodAccessorImpl.invoke(DelegatingMethodAccessorImpl.java:43)
	at java.lang.reflect.Method.invoke(Method.java:498)
	at org.testng.internal.MethodInvocationHelper.invokeMethod(MethodInvocationHelper.java:86)
	at org.testng.internal.Invoker.invokeMethod(Invoker.java:643)
	at org.testng.internal.Invoker.invokeTestMethod(Invoker.java:820)
	at org.testng.internal.Invoker.invokeTestMethods(Invoker.java:1128)
	at org.testng.internal.TestMethodWorker.invokeTestMethods(TestMethodWorker.java:129)
	at org.testng.internal.TestMethodWorker.run(TestMethodWorker.java:112)
	at org.testng.TestRunner.privateRun(TestRunner.java:782)
	at org.testng.TestRunner.run(TestRunner.java:632)
	at org.testng.SuiteRunner.runTest(SuiteRunner.java:366)
	at org.testng.SuiteRunner.runSequentially(SuiteRunner.java:361)
	at org.testng.SuiteRunner.privateRun(SuiteRunner.java:319)
	at org.testng.SuiteRunner.run(SuiteRunner.java:268)
	at org.testng.SuiteRunnerWorker.runSuite(SuiteRunnerWorker.java:52)
	at org.testng.SuiteRunnerWorker.run(SuiteRunnerWorker.java:86)
	at org.testng.TestNG.runSuitesSequentially(TestNG.java:1244)
	at org.testng.TestNG.runSuitesLocally(TestNG.java:1169)
	at org.testng.TestNG.run(TestNG.java:1064)
	at org.testng.remote.AbstractRemoteTestNG.run(AbstractRemoteTestNG.java:115)
	at org.testng.remote.RemoteTestNG.initAndRun(RemoteTestNG.java:251)
	at org.testng.remote.RemoteTestNG.main(RemoteTestNG.java:77)
</pre></div><a href='#' onClick='toggleBox("stack-trace666101229", this, "Click to show all stack frames", "Click to hide stack frames")'>Click to show all stack frames</a>
<div class='stack-trace' id='stack-trace666101229'><pre>java.lang.AssertionError: Interstitial Ad call not generated after 1 min, no need to perform further checks
	at org.testng.Assert.fail(Assert.java:94)
	at com.twc.ios.app.general.Utils.assertinterStitialAd(Utils.java:4778)
	at com.twc.ios.app.testcases.RegressionTest.Verify_interstitial_ads_hourlyTab(RegressionTest.java:1371)
	at sun.reflect.NativeMethodAccessorImpl.invoke0(Native Method)
	at sun.reflect.NativeMethodAccessorImpl.invoke(NativeMethodAccessorImpl.java:62)
	at sun.reflect.DelegatingMethodAccessorImpl.invoke(DelegatingMethodAccessorImpl.java:43)
	at java.lang.reflect.Method.invoke(Method.java:498)
	at org.testng.internal.MethodInvocationHelper.invokeMethod(MethodInvocationHelper.java:86)
	at org.testng.internal.Invoker.invokeMethod(Invoker.java:643)
	at org.testng.internal.Invoker.invokeTestMethod(Invoker.java:820)
	at org.testng.internal.Invoker.invokeTestMethods(Invoker.java:1128)
	at org.testng.internal.TestMethodWorker.invokeTestMethods(TestMethodWorker.java:129)
	at org.testng.internal.TestMethodWorker.run(TestMethodWorker.java:112)
	at org.testng.TestRunner.privateRun(TestRunner.java:782)
	at org.testng.TestRunner.run(TestRunner.java:632)
	at org.testng.SuiteRunner.runTest(SuiteRunner.java:366)
	at org.testng.SuiteRunner.runSequentially(SuiteRunner.java:361)
	at org.testng.SuiteRunner.privateRun(SuiteRunner.java:319)
	at org.testng.SuiteRunner.run(SuiteRunner.java:268)
	at org.testng.SuiteRunnerWorker.runSuite(SuiteRunnerWorker.java:52)
	at org.testng.SuiteRunnerWorker.run(SuiteRunnerWorker.java:86)
	at org.testng.TestNG.runSuitesSequentially(TestNG.java:1244)
	at org.testng.TestNG.runSuitesLocally(TestNG.java:1169)
	at org.testng.TestNG.run(TestNG.java:1064)
	at org.testng.remote.AbstractRemoteTestNG.run(AbstractRemoteTestNG.java:115)
	at org.testng.remote.RemoteTestNG.initAndRun(RemoteTestNG.java:251)
	at org.testng.remote.RemoteTestNG.main(RemoteTestNG.java:77)
</pre></div></td>
<td>602</td>
<td>com.twc.ios.app.testcases.RegressionTest@a10c1b5</td></tr>
<tr>
<td title='com.twc.ios.app.testcases.RegressionTest.Verify_interstitial_ads_videoTab()'><b>Verify_interstitial_ads_videoTab</b><br>Test class: com.twc.ios.app.testcases.RegressionTest</td>
<td><div><pre>java.lang.AssertionError: Home Tab is not displayed, to get interstitial ad
	at org.testng.Assert.fail(Assert.java:94)
	at com.twc.ios.app.pages.HomeNavTab.navigateToHomeTab_toGetInterStitialAd(HomeNavTab.java:93)
	at com.twc.ios.app.general.Utils.verifyInterstitialAd(Utils.java:4542)
	at com.twc.ios.app.general.Utils.assertinterStitialAd(Utils.java:4774)
	at com.twc.ios.app.testcases.RegressionTest.Verify_interstitial_ads_videoTab(RegressionTest.java:1423)
	at sun.reflect.NativeMethodAccessorImpl.invoke0(Native Method)
	at sun.reflect.NativeMethodAccessorImpl.invoke(NativeMethodAccessorImpl.java:62)
	at sun.reflect.DelegatingMethodAccessorImpl.invoke(DelegatingMethodAccessorImpl.java:43)
	at java.lang.reflect.Method.invoke(Method.java:498)
	at org.testng.internal.MethodInvocationHelper.invokeMethod(MethodInvocationHelper.java:86)
	at org.testng.internal.Invoker.invokeMethod(Invoker.java:643)
	at org.testng.internal.Invoker.invokeTestMethod(Invoker.java:820)
	at org.testng.internal.Invoker.invokeTestMethods(Invoker.java:1128)
	at org.testng.internal.TestMethodWorker.invokeTestMethods(TestMethodWorker.java:129)
	at org.testng.internal.TestMethodWorker.run(TestMethodWorker.java:112)
	at org.testng.TestRunner.privateRun(TestRunner.java:782)
	at org.testng.TestRunner.run(TestRunner.java:632)
	at org.testng.SuiteRunner.runTest(SuiteRunner.java:366)
	at org.testng.SuiteRunner.runSequentially(SuiteRunner.java:361)
	at org.testng.SuiteRunner.privateRun(SuiteRunner.java:319)
	at org.testng.SuiteRunner.run(SuiteRunner.java:268)
	at org.testng.SuiteRunnerWorker.runSuite(SuiteRunnerWorker.java:52)
	at org.testng.SuiteRunnerWorker.run(SuiteRunnerWorker.java:86)
	at org.testng.TestNG.runSuitesSequentially(TestNG.java:1244)
	at org.testng.TestNG.runSuitesLocally(TestNG.java:1169)
	at org.testng.TestNG.run(TestNG.java:1064)
	at org.testng.remote.AbstractRemoteTestNG.run(AbstractRemoteTestNG.java:115)
	at org.testng.remote.RemoteTestNG.initAndRun(RemoteTestNG.java:251)
	at org.testng.remote.RemoteTestNG.main(RemoteTestNG.java:77)
</pre></div><a href='#' onClick='toggleBox("stack-trace14755253", this, "Click to show all stack frames", "Click to hide stack frames")'>Click to show all stack frames</a>
<div class='stack-trace' id='stack-trace14755253'><pre>java.lang.AssertionError: Home Tab is not displayed, to get interstitial ad
	at org.testng.Assert.fail(Assert.java:94)
	at com.twc.ios.app.pages.HomeNavTab.navigateToHomeTab_toGetInterStitialAd(HomeNavTab.java:93)
	at com.twc.ios.app.general.Utils.verifyInterstitialAd(Utils.java:4542)
	at com.twc.ios.app.general.Utils.assertinterStitialAd(Utils.java:4774)
	at com.twc.ios.app.testcases.RegressionTest.Verify_interstitial_ads_videoTab(RegressionTest.java:1423)
	at sun.reflect.NativeMethodAccessorImpl.invoke0(Native Method)
	at sun.reflect.NativeMethodAccessorImpl.invoke(NativeMethodAccessorImpl.java:62)
	at sun.reflect.DelegatingMethodAccessorImpl.invoke(DelegatingMethodAccessorImpl.java:43)
	at java.lang.reflect.Method.invoke(Method.java:498)
	at org.testng.internal.MethodInvocationHelper.invokeMethod(MethodInvocationHelper.java:86)
	at org.testng.internal.Invoker.invokeMethod(Invoker.java:643)
	at org.testng.internal.Invoker.invokeTestMethod(Invoker.java:820)
	at org.testng.internal.Invoker.invokeTestMethods(Invoker.java:1128)
	at org.testng.internal.TestMethodWorker.invokeTestMethods(TestMethodWorker.java:129)
	at org.testng.internal.TestMethodWorker.run(TestMethodWorker.java:112)
	at org.testng.TestRunner.privateRun(TestRunner.java:782)
	at org.testng.TestRunner.run(TestRunner.java:632)
	at org.testng.SuiteRunner.runTest(SuiteRunner.java:366)
	at org.testng.SuiteRunner.runSequentially(SuiteRunner.java:361)
	at org.testng.SuiteRunner.privateRun(SuiteRunner.java:319)
	at org.testng.SuiteRunner.run(SuiteRunner.java:268)
	at org.testng.SuiteRunnerWorker.runSuite(SuiteRunnerWorker.java:52)
	at org.testng.SuiteRunnerWorker.run(SuiteRunnerWorker.java:86)
	at org.testng.TestNG.runSuitesSequentially(TestNG.java:1244)
	at org.testng.TestNG.runSuitesLocally(TestNG.java:1169)
	at org.testng.TestNG.run(TestNG.java:1064)
	at org.testng.remote.AbstractRemoteTestNG.run(AbstractRemoteTestNG.java:115)
	at org.testng.remote.RemoteTestNG.initAndRun(RemoteTestNG.java:251)
	at org.testng.remote.RemoteTestNG.main(RemoteTestNG.java:77)
</pre></div></td>
<td>269</td>
<td>com.twc.ios.app.testcases.RegressionTest@a10c1b5</td></tr>
</table><p>
<table width='100%' border='1' class='invocation-passed'>
<tr><td colspan='4' align='center'><b>PASSED TESTS</b></td></tr>
<tr><td><b>Test method</b></td>
<td width="30%"><b>Exception</b></td>
<td width="10%"><b>Time (seconds)</b></td>
<td><b>Instance</b></td>
</tr>
<tr>
<td title='com.twc.ios.app.testcases.RegressionTest.Validate_Amazon_SDK_adsdk_parameter()'><b>Validate_Amazon_SDK_adsdk_parameter</b><br>Test class: com.twc.ios.app.testcases.RegressionTest</td>
<td></td>
<td>0</td>
<td>com.twc.ios.app.testcases.RegressionTest@a10c1b5</td></tr>
<tr>
<td title='com.twc.ios.app.testcases.RegressionTest.Validate_BreakingNews_Severe1_bn_Custom_param()'><b>Validate_BreakingNews_Severe1_bn_Custom_param</b><br>Test class: com.twc.ios.app.testcases.RegressionTest</td>
<td></td>
<td>0</td>
<td>com.twc.ios.app.testcases.RegressionTest@a10c1b5</td></tr>
<tr>
<td title='com.twc.ios.app.testcases.RegressionTest.Validate_BreakingNews_Severe1_pos_Custom_param()'><b>Validate_BreakingNews_Severe1_pos_Custom_param</b><br>Test class: com.twc.ios.app.testcases.RegressionTest</td>
<td></td>
<td>0</td>
<td>com.twc.ios.app.testcases.RegressionTest@a10c1b5</td></tr>
<tr>
<td title='com.twc.ios.app.testcases.RegressionTest.Validate_BreakingNews_Severe2_bn_Custom_param()'><b>Validate_BreakingNews_Severe2_bn_Custom_param</b><br>Test class: com.twc.ios.app.testcases.RegressionTest</td>
<td></td>
<td>0</td>
<td>com.twc.ios.app.testcases.RegressionTest@a10c1b5</td></tr>
<tr>
<td title='com.twc.ios.app.testcases.RegressionTest.Validate_BreakingNews_Severe2_pos_Custom_param()'><b>Validate_BreakingNews_Severe2_pos_Custom_param</b><br>Test class: com.twc.ios.app.testcases.RegressionTest</td>
<td></td>
<td>1</td>
<td>com.twc.ios.app.testcases.RegressionTest@a10c1b5</td></tr>
<tr>
<td title='com.twc.ios.app.testcases.RegressionTest.Validate_BreakingNews_Video1_Severe1_bn_Custom_param()'><b>Validate_BreakingNews_Video1_Severe1_bn_Custom_param</b><br>Test class: com.twc.ios.app.testcases.RegressionTest</td>
<td></td>
<td>0</td>
<td>com.twc.ios.app.testcases.RegressionTest@a10c1b5</td></tr>
<tr>
<td title='com.twc.ios.app.testcases.RegressionTest.Validate_BreakingNews_Video1_Severe1_ref_Custom_param()'><b>Validate_BreakingNews_Video1_Severe1_ref_Custom_param</b><br>Test class: com.twc.ios.app.testcases.RegressionTest</td>
<td></td>
<td>0</td>
<td>com.twc.ios.app.testcases.RegressionTest@a10c1b5</td></tr>
<tr>
<td title='com.twc.ios.app.testcases.RegressionTest.Validate_BreakingNews_Video1_Severe2_bn_Custom_param()'><b>Validate_BreakingNews_Video1_Severe2_bn_Custom_param</b><br>Test class: com.twc.ios.app.testcases.RegressionTest</td>
<td></td>
<td>0</td>
<td>com.twc.ios.app.testcases.RegressionTest@a10c1b5</td></tr>
<tr>
<td title='com.twc.ios.app.testcases.RegressionTest.Validate_BreakingNews_Video1_Severe2_ref_Custom_param()'><b>Validate_BreakingNews_Video1_Severe2_ref_Custom_param</b><br>Test class: com.twc.ios.app.testcases.RegressionTest</td>
<td></td>
<td>0</td>
<td>com.twc.ios.app.testcases.RegressionTest@a10c1b5</td></tr>
<tr>
<td title='com.twc.ios.app.testcases.RegressionTest.Validate_Criteo_SDK_Bidder_API_Call_Response_Code()'><b>Validate_Criteo_SDK_Bidder_API_Call_Response_Code</b><br>Test class: com.twc.ios.app.testcases.RegressionTest</td>
<td></td>
<td>0</td>
<td>com.twc.ios.app.testcases.RegressionTest@a10c1b5</td></tr>
<tr>
<td title='com.twc.ios.app.testcases.RegressionTest.Validate_Criteo_SDK_Initialization_API_Call_Response_Code()'><b>Validate_Criteo_SDK_Initialization_API_Call_Response_Code</b><br>Test class: com.twc.ios.app.testcases.RegressionTest</td>
<td></td>
<td>0</td>
<td>com.twc.ios.app.testcases.RegressionTest@a10c1b5</td></tr>
<tr>
<td title='com.twc.ios.app.testcases.RegressionTest.Validate_Criteo_SDK_Initialization_API_Call_Response_Parameter_csmEnabled()'><b>Validate_Criteo_SDK_Initialization_API_Call_Response_Parameter_csmEnabled</b><br>Test class: com.twc.ios.app.testcases.RegressionTest</td>
<td></td>
<td>0</td>
<td>com.twc.ios.app.testcases.RegressionTest@a10c1b5</td></tr>
<tr>
<td title='com.twc.ios.app.testcases.RegressionTest.Validate_Criteo_SDK_Initialization_API_Call_Response_Parameter_liveBiddingEnabled()'><b>Validate_Criteo_SDK_Initialization_API_Call_Response_Parameter_liveBiddingEnabled</b><br>Test class: com.twc.ios.app.testcases.RegressionTest</td>
<td></td>
<td>0</td>
<td>com.twc.ios.app.testcases.RegressionTest@a10c1b5</td></tr>
<tr>
<td title='com.twc.ios.app.testcases.RegressionTest.Validate_Criteo_SDK_Initialization_API_Call_Response_Parameter_prefetchOnInitEnabled()'><b>Validate_Criteo_SDK_Initialization_API_Call_Response_Parameter_prefetchOnInitEnabled</b><br>Test class: com.twc.ios.app.testcases.RegressionTest</td>
<td></td>
<td>0</td>
<td>com.twc.ios.app.testcases.RegressionTest@a10c1b5</td></tr>
<tr>
<td title='com.twc.ios.app.testcases.RegressionTest.Validate_Criteo_SDK_Initialization_API_Call_Response_Parameter_remoteLogLevel()'><b>Validate_Criteo_SDK_Initialization_API_Call_Response_Parameter_remoteLogLevel</b><br>Test class: com.twc.ios.app.testcases.RegressionTest</td>
<td></td>
<td>0</td>
<td>com.twc.ios.app.testcases.RegressionTest@a10c1b5</td></tr>
<tr>
<td title='com.twc.ios.app.testcases.RegressionTest.Validate_Criteo_SDK_config_app_Call_bundleId_parameter()'><b>Validate_Criteo_SDK_config_app_Call_bundleId_parameter</b><br>Test class: com.twc.ios.app.testcases.RegressionTest</td>
<td></td>
<td>0</td>
<td>com.twc.ios.app.testcases.RegressionTest@a10c1b5</td></tr>
<tr>
<td title='com.twc.ios.app.testcases.RegressionTest.Validate_Criteo_SDK_config_app_Call_cpId_parameter()'><b>Validate_Criteo_SDK_config_app_Call_cpId_parameter</b><br>Test class: com.twc.ios.app.testcases.RegressionTest</td>
<td></td>
<td>0</td>
<td>com.twc.ios.app.testcases.RegressionTest@a10c1b5</td></tr>
<tr>
<td title='com.twc.ios.app.testcases.RegressionTest.Validate_Criteo_SDK_config_app_Call_sdkVersion_parameter()'><b>Validate_Criteo_SDK_config_app_Call_sdkVersion_parameter</b><br>Test class: com.twc.ios.app.testcases.RegressionTest</td>
<td></td>
<td>0</td>
<td>com.twc.ios.app.testcases.RegressionTest@a10c1b5</td></tr>
<tr>
<td title='com.twc.ios.app.testcases.RegressionTest.Validate_Editorial_Video_Headline_Card_Breaking_News_Card_Video1_Severe1_ref_Custom_params()'><b>Validate_Editorial_Video_Headline_Card_Breaking_News_Card_Video1_Severe1_ref_Custom_params</b><br>Test class: com.twc.ios.app.testcases.RegressionTest</td>
<td></td>
<td>0</td>
<td>com.twc.ios.app.testcases.RegressionTest@a10c1b5</td></tr>
<tr>
<td title='com.twc.ios.app.testcases.RegressionTest.Validate_Editorial_Video_Headline_Card_Breaking_News_Card_Video1_Severe2_ref_Custom_params()'><b>Validate_Editorial_Video_Headline_Card_Breaking_News_Card_Video1_Severe2_ref_Custom_params</b><br>Test class: com.twc.ios.app.testcases.RegressionTest</td>
<td></td>
<td>0</td>
<td>com.twc.ios.app.testcases.RegressionTest@a10c1b5</td></tr>
<tr>
<td title='com.twc.ios.app.testcases.RegressionTest.Validate_GMA_SDK_version()'><b>Validate_GMA_SDK_version</b><br>Test class: com.twc.ios.app.testcases.RegressionTest</td>
<td></td>
<td>0</td>
<td>com.twc.ios.app.testcases.RegressionTest@a10c1b5</td></tr>
<tr>
<td title='com.twc.ios.app.testcases.RegressionTest.Validate_IDD_Ad()'><b>Validate_IDD_Ad</b><br>Test class: com.twc.ios.app.testcases.RegressionTest</td>
<td></td>
<td>1007</td>
<td>com.twc.ios.app.testcases.RegressionTest@a10c1b5</td></tr>
<tr>
<td title='com.twc.ios.app.testcases.RegressionTest.Validate_IDD_Ad_Size()'><b>Validate_IDD_Ad_Size</b><br>Test class: com.twc.ios.app.testcases.RegressionTest</td>
<td></td>
<td>0</td>
<td>com.twc.ios.app.testcases.RegressionTest@a10c1b5</td></tr>
<tr>
<td title='com.twc.ios.app.testcases.RegressionTest.Validate_IDD_Ad_response()'><b>Validate_IDD_Ad_response</b><br>Test class: com.twc.ios.app.testcases.RegressionTest</td>
<td></td>
<td>11</td>
<td>com.twc.ios.app.testcases.RegressionTest@a10c1b5</td></tr>
<tr>
<td title='com.twc.ios.app.testcases.RegressionTest.Validate_IDD_StaticAd_bgAssetCall()'><b>Validate_IDD_StaticAd_bgAssetCall</b><br>Test class: com.twc.ios.app.testcases.RegressionTest</td>
<td></td>
<td>0</td>
<td>com.twc.ios.app.testcases.RegressionTest@a10c1b5</td></tr>
<tr>
<td title='com.twc.ios.app.testcases.RegressionTest.Validate_IDD_StaticAd_fgAssetCall()'><b>Validate_IDD_StaticAd_fgAssetCall</b><br>Test class: com.twc.ios.app.testcases.RegressionTest</td>
<td></td>
<td>0</td>
<td>com.twc.ios.app.testcases.RegressionTest@a10c1b5</td></tr>
<tr>
<td title='com.twc.ios.app.testcases.RegressionTest.Validate_IMA_SDK_version()'><b>Validate_IMA_SDK_version</b><br>Test class: com.twc.ios.app.testcases.RegressionTest</td>
<td></td>
<td>0</td>
<td>com.twc.ios.app.testcases.RegressionTest@a10c1b5</td></tr>
<tr>
<td title='com.twc.ios.app.testcases.RegressionTest.Validate_Integrated_FeedCard_StaticAd()'><b>Validate_Integrated_FeedCard_StaticAd</b><br>Test class: com.twc.ios.app.testcases.RegressionTest</td>
<td></td>
<td>833</td>
<td>com.twc.ios.app.testcases.RegressionTest@a10c1b5</td></tr>
<tr>
<td title='com.twc.ios.app.testcases.RegressionTest.Validate_Integrated_FeedCard_StaticAd_Size()'><b>Validate_Integrated_FeedCard_StaticAd_Size</b><br>Test class: com.twc.ios.app.testcases.RegressionTest</td>
<td></td>
<td>0</td>
<td>com.twc.ios.app.testcases.RegressionTest@a10c1b5</td></tr>
<tr>
<td title='com.twc.ios.app.testcases.RegressionTest.Validate_Integrated_FeedCard_StaticAd_bgAssetCall()'><b>Validate_Integrated_FeedCard_StaticAd_bgAssetCall</b><br>Test class: com.twc.ios.app.testcases.RegressionTest</td>
<td></td>
<td>0</td>
<td>com.twc.ios.app.testcases.RegressionTest@a10c1b5</td></tr>
<tr>
<td title='com.twc.ios.app.testcases.RegressionTest.Validate_Integrated_FeedCard_StaticAd_fgAssetCall()'><b>Validate_Integrated_FeedCard_StaticAd_fgAssetCall</b><br>Test class: com.twc.ios.app.testcases.RegressionTest</td>
<td></td>
<td>0</td>
<td>com.twc.ios.app.testcases.RegressionTest@a10c1b5</td></tr>
<tr>
<td title='com.twc.ios.app.testcases.RegressionTest.Validate_Integrated_FeedCard_StaticAd_response()'><b>Validate_Integrated_FeedCard_StaticAd_response</b><br>Test class: com.twc.ios.app.testcases.RegressionTest</td>
<td></td>
<td>11</td>
<td>com.twc.ios.app.testcases.RegressionTest@a10c1b5</td></tr>
<tr>
<td title='com.twc.ios.app.testcases.RegressionTest.Validate_Integrated_FeedCard_VideoAd()'><b>Validate_Integrated_FeedCard_VideoAd</b><br>Test class: com.twc.ios.app.testcases.RegressionTest</td>
<td></td>
<td>384</td>
<td>com.twc.ios.app.testcases.RegressionTest@a10c1b5</td></tr>
<tr>
<td title='com.twc.ios.app.testcases.RegressionTest.Validate_Integrated_FeedCard_VideoAd_Size()'><b>Validate_Integrated_FeedCard_VideoAd_Size</b><br>Test class: com.twc.ios.app.testcases.RegressionTest</td>
<td></td>
<td>0</td>
<td>com.twc.ios.app.testcases.RegressionTest@a10c1b5</td></tr>
<tr>
<td title='com.twc.ios.app.testcases.RegressionTest.Validate_Integrated_FeedCard_VideoAd_response()'><b>Validate_Integrated_FeedCard_VideoAd_response</b><br>Test class: com.twc.ios.app.testcases.RegressionTest</td>
<td></td>
<td>11</td>
<td>com.twc.ios.app.testcases.RegressionTest@a10c1b5</td></tr>
<tr>
<td title='com.twc.ios.app.testcases.RegressionTest.Validate_NextGenIM_StaticAd()'><b>Validate_NextGenIM_StaticAd</b><br>Test class: com.twc.ios.app.testcases.RegressionTest</td>
<td></td>
<td>392</td>
<td>com.twc.ios.app.testcases.RegressionTest@a10c1b5</td></tr>
<tr>
<td title='com.twc.ios.app.testcases.RegressionTest.Validate_NextGenIM_StaticAd_Size()'><b>Validate_NextGenIM_StaticAd_Size</b><br>Test class: com.twc.ios.app.testcases.RegressionTest</td>
<td></td>
<td>0</td>
<td>com.twc.ios.app.testcases.RegressionTest@a10c1b5</td></tr>
<tr>
<td title='com.twc.ios.app.testcases.RegressionTest.Validate_NextGenIM_StaticAd_bgAssetCall()'><b>Validate_NextGenIM_StaticAd_bgAssetCall</b><br>Test class: com.twc.ios.app.testcases.RegressionTest</td>
<td></td>
<td>0</td>
<td>com.twc.ios.app.testcases.RegressionTest@a10c1b5</td></tr>
<tr>
<td title='com.twc.ios.app.testcases.RegressionTest.Validate_NextGenIM_StaticAd_fgAssetCall()'><b>Validate_NextGenIM_StaticAd_fgAssetCall</b><br>Test class: com.twc.ios.app.testcases.RegressionTest</td>
<td></td>
<td>0</td>
<td>com.twc.ios.app.testcases.RegressionTest@a10c1b5</td></tr>
<tr>
<td title='com.twc.ios.app.testcases.RegressionTest.Validate_NextGenIM_StaticAd_response()'><b>Validate_NextGenIM_StaticAd_response</b><br>Test class: com.twc.ios.app.testcases.RegressionTest</td>
<td></td>
<td>11</td>
<td>com.twc.ios.app.testcases.RegressionTest@a10c1b5</td></tr>
<tr>
<td title='com.twc.ios.app.testcases.RegressionTest.Validate_NextGenIM_VideoAd()'><b>Validate_NextGenIM_VideoAd</b><br>Test class: com.twc.ios.app.testcases.RegressionTest</td>
<td></td>
<td>134</td>
<td>com.twc.ios.app.testcases.RegressionTest@a10c1b5</td></tr>
<tr>
<td title='com.twc.ios.app.testcases.RegressionTest.Validate_NextGenIM_VideoAd_Size()'><b>Validate_NextGenIM_VideoAd_Size</b><br>Test class: com.twc.ios.app.testcases.RegressionTest</td>
<td></td>
<td>0</td>
<td>com.twc.ios.app.testcases.RegressionTest@a10c1b5</td></tr>
<tr>
<td title='com.twc.ios.app.testcases.RegressionTest.Validate_NextGenIM_VideoAd_bgAssetCall()'><b>Validate_NextGenIM_VideoAd_bgAssetCall</b><br>Test class: com.twc.ios.app.testcases.RegressionTest</td>
<td></td>
<td>0</td>
<td>com.twc.ios.app.testcases.RegressionTest@a10c1b5</td></tr>
<tr>
<td title='com.twc.ios.app.testcases.RegressionTest.Validate_NextGenIM_VideoAd_response()'><b>Validate_NextGenIM_VideoAd_response</b><br>Test class: com.twc.ios.app.testcases.RegressionTest</td>
<td></td>
<td>11</td>
<td>com.twc.ios.app.testcases.RegressionTest@a10c1b5</td></tr>
<tr>
<td title='com.twc.ios.app.testcases.RegressionTest.Validate_TapabilityOfDailyNavTabTestAd()'><b>Validate_TapabilityOfDailyNavTabTestAd</b><br>Test class: com.twc.ios.app.testcases.RegressionTest</td>
<td></td>
<td>120</td>
<td>com.twc.ios.app.testcases.RegressionTest@a10c1b5</td></tr>
<tr>
<td title='com.twc.ios.app.testcases.RegressionTest.Validate_TapabilityOfHomeScreenStickyTestAd()'><b>Validate_TapabilityOfHomeScreenStickyTestAd</b><br>Test class: com.twc.ios.app.testcases.RegressionTest</td>
<td></td>
<td>112</td>
<td>com.twc.ios.app.testcases.RegressionTest@a10c1b5</td></tr>
<tr>
<td title='com.twc.ios.app.testcases.RegressionTest.Validate_TapabilityOfRadarNavTabTestAd()'><b>Validate_TapabilityOfRadarNavTabTestAd</b><br>Test class: com.twc.ios.app.testcases.RegressionTest</td>
<td></td>
<td>154</td>
<td>com.twc.ios.app.testcases.RegressionTest@a10c1b5</td></tr>
<tr>
<td title='com.twc.ios.app.testcases.RegressionTest.Validate_WMAllergy_Ad_Size()'><b>Validate_WMAllergy_Ad_Size</b><br>Test class: com.twc.ios.app.testcases.RegressionTest</td>
<td></td>
<td>0</td>
<td>com.twc.ios.app.testcases.RegressionTest@a10c1b5</td></tr>
<tr>
<td title='com.twc.ios.app.testcases.RegressionTest.Validate_WMAllergy_Call_Response()'><b>Validate_WMAllergy_Call_Response</b><br>Test class: com.twc.ios.app.testcases.RegressionTest</td>
<td></td>
<td>0</td>
<td>com.twc.ios.app.testcases.RegressionTest@a10c1b5</td></tr>
<tr>
<td title='com.twc.ios.app.testcases.RegressionTest.Validate_WMAllergy_pos_Custom_param()'><b>Validate_WMAllergy_pos_Custom_param</b><br>Test class: com.twc.ios.app.testcases.RegressionTest</td>
<td></td>
<td>0</td>
<td>com.twc.ios.app.testcases.RegressionTest@a10c1b5</td></tr>
<tr>
<td title='com.twc.ios.app.testcases.RegressionTest.Validate_WMFlu_Ad_Size()'><b>Validate_WMFlu_Ad_Size</b><br>Test class: com.twc.ios.app.testcases.RegressionTest</td>
<td></td>
<td>0</td>
<td>com.twc.ios.app.testcases.RegressionTest@a10c1b5</td></tr>
<tr>
<td title='com.twc.ios.app.testcases.RegressionTest.Validate_WMFlu_Call_Response()'><b>Validate_WMFlu_Call_Response</b><br>Test class: com.twc.ios.app.testcases.RegressionTest</td>
<td></td>
<td>0</td>
<td>com.twc.ios.app.testcases.RegressionTest@a10c1b5</td></tr>
<tr>
<td title='com.twc.ios.app.testcases.RegressionTest.Validate_WMFlu_pos_Custom_param()'><b>Validate_WMFlu_pos_Custom_param</b><br>Test class: com.twc.ios.app.testcases.RegressionTest</td>
<td></td>
<td>0</td>
<td>com.twc.ios.app.testcases.RegressionTest@a10c1b5</td></tr>
<tr>
<td title='com.twc.ios.app.testcases.RegressionTest.Validate_Week_Ahead_Ad_Size()'><b>Validate_Week_Ahead_Ad_Size</b><br>Test class: com.twc.ios.app.testcases.RegressionTest</td>
<td></td>
<td>0</td>
<td>com.twc.ios.app.testcases.RegressionTest@a10c1b5</td></tr>
<tr>
<td title='com.twc.ios.app.testcases.RegressionTest.Validate_Week_Ahead_Call_Response()'><b>Validate_Week_Ahead_Call_Response</b><br>Test class: com.twc.ios.app.testcases.RegressionTest</td>
<td></td>
<td>1</td>
<td>com.twc.ios.app.testcases.RegressionTest@a10c1b5</td></tr>
<tr>
<td title='com.twc.ios.app.testcases.RegressionTest.Validate_Week_Ahead_pos_Custom_param()'><b>Validate_Week_Ahead_pos_Custom_param</b><br>Test class: com.twc.ios.app.testcases.RegressionTest</td>
<td></td>
<td>0</td>
<td>com.twc.ios.app.testcases.RegressionTest@a10c1b5</td></tr>
<tr>
<td title='com.twc.ios.app.testcases.RegressionTest.Validate_Weekend_Ad_Size()'><b>Validate_Weekend_Ad_Size</b><br>Test class: com.twc.ios.app.testcases.RegressionTest</td>
<td></td>
<td>0</td>
<td>com.twc.ios.app.testcases.RegressionTest@a10c1b5</td></tr>
<tr>
<td title='com.twc.ios.app.testcases.RegressionTest.Validate_Weekend_Call_Response()'><b>Validate_Weekend_Call_Response</b><br>Test class: com.twc.ios.app.testcases.RegressionTest</td>
<td></td>
<td>1</td>
<td>com.twc.ios.app.testcases.RegressionTest@a10c1b5</td></tr>
<tr>
<td title='com.twc.ios.app.testcases.RegressionTest.Validate_Weekend_pos_Custom_param()'><b>Validate_Weekend_pos_Custom_param</b><br>Test class: com.twc.ios.app.testcases.RegressionTest</td>
<td></td>
<td>0</td>
<td>com.twc.ios.app.testcases.RegressionTest@a10c1b5</td></tr>
<tr>
<td title='com.twc.ios.app.testcases.RegressionTest.Verify_BreakingNews_Severe1_AdCall()'><b>Verify_BreakingNews_Severe1_AdCall</b><br>Test class: com.twc.ios.app.testcases.RegressionTest</td>
<td></td>
<td>0</td>
<td>com.twc.ios.app.testcases.RegressionTest@a10c1b5</td></tr>
<tr>
<td title='com.twc.ios.app.testcases.RegressionTest.Verify_BreakingNews_Severe2_AdCall()'><b>Verify_BreakingNews_Severe2_AdCall</b><br>Test class: com.twc.ios.app.testcases.RegressionTest</td>
<td></td>
<td>0</td>
<td>com.twc.ios.app.testcases.RegressionTest@a10c1b5</td></tr>
<tr>
<td title='com.twc.ios.app.testcases.RegressionTest.Verify_BreakingNews_Video1_Severe1_AdCall()'><b>Verify_BreakingNews_Video1_Severe1_AdCall</b><br>Test class: com.twc.ios.app.testcases.RegressionTest</td>
<td></td>
<td>38</td>
<td>com.twc.ios.app.testcases.RegressionTest@a10c1b5</td></tr>
<tr>
<td title='com.twc.ios.app.testcases.RegressionTest.Verify_BreakingNews_Video1_Severe2_AdCall()'><b>Verify_BreakingNews_Video1_Severe2_AdCall</b><br>Test class: com.twc.ios.app.testcases.RegressionTest</td>
<td></td>
<td>39</td>
<td>com.twc.ios.app.testcases.RegressionTest@a10c1b5</td></tr>
<tr>
<td title='com.twc.ios.app.testcases.RegressionTest.Verify_Criteo_SDK_config_app_Call()'><b>Verify_Criteo_SDK_config_app_Call</b><br>Test class: com.twc.ios.app.testcases.RegressionTest</td>
<td></td>
<td>0</td>
<td>com.twc.ios.app.testcases.RegressionTest@a10c1b5</td></tr>
<tr>
<td title='com.twc.ios.app.testcases.RegressionTest.Verify_Criteo_SDK_inapp_v2_Call()'><b>Verify_Criteo_SDK_inapp_v2_Call</b><br>Test class: com.twc.ios.app.testcases.RegressionTest</td>
<td></td>
<td>0</td>
<td>com.twc.ios.app.testcases.RegressionTest@a10c1b5</td></tr>
<tr>
<td title='com.twc.ios.app.testcases.RegressionTest.Verify_Editorial_Video_Headline_Card_Breaking_News_Card_Video1_Severe1_AdCalls()'><b>Verify_Editorial_Video_Headline_Card_Breaking_News_Card_Video1_Severe1_AdCalls</b><br>Test class: com.twc.ios.app.testcases.RegressionTest</td>
<td></td>
<td>25</td>
<td>com.twc.ios.app.testcases.RegressionTest@a10c1b5</td></tr>
<tr>
<td title='com.twc.ios.app.testcases.RegressionTest.Verify_Editorial_Video_Headline_Card_Breaking_News_Card_Video1_Severe2_AdCalls()'><b>Verify_Editorial_Video_Headline_Card_Breaking_News_Card_Video1_Severe2_AdCalls</b><br>Test class: com.twc.ios.app.testcases.RegressionTest</td>
<td></td>
<td>25</td>
<td>com.twc.ios.app.testcases.RegressionTest@a10c1b5</td></tr>
<tr>
<td title='com.twc.ios.app.testcases.RegressionTest.Verify_WMAllergy_AdCall()'><b>Verify_WMAllergy_AdCall</b><br>Test class: com.twc.ios.app.testcases.RegressionTest</td>
<td></td>
<td>0</td>
<td>com.twc.ios.app.testcases.RegressionTest@a10c1b5</td></tr>
<tr>
<td title='com.twc.ios.app.testcases.RegressionTest.Verify_WMFlu_AdCall()'><b>Verify_WMFlu_AdCall</b><br>Test class: com.twc.ios.app.testcases.RegressionTest</td>
<td></td>
<td>0</td>
<td>com.twc.ios.app.testcases.RegressionTest@a10c1b5</td></tr>
<tr>
<td title='com.twc.ios.app.testcases.RegressionTest.Verify_Week_Ahead_AdCall()'><b>Verify_Week_Ahead_AdCall</b><br>Test class: com.twc.ios.app.testcases.RegressionTest</td>
<td></td>
<td>1</td>
<td>com.twc.ios.app.testcases.RegressionTest@a10c1b5</td></tr>
<tr>
<td title='com.twc.ios.app.testcases.RegressionTest.Verify_Weekend_AdCall()'><b>Verify_Weekend_AdCall</b><br>Test class: com.twc.ios.app.testcases.RegressionTest</td>
<td></td>
<td>0</td>
<td>com.twc.ios.app.testcases.RegressionTest@a10c1b5</td></tr>
<tr>
<td title='com.twc.ios.app.testcases.RegressionTest.Verify_amazon_aax_preload_Covid_details_adcall()'><b>Verify_amazon_aax_preload_Covid_details_adcall</b><br>Test class: com.twc.ios.app.testcases.RegressionTest</td>
<td></td>
<td>0</td>
<td>com.twc.ios.app.testcases.RegressionTest@a10c1b5</td></tr>
<tr>
<td title='com.twc.ios.app.testcases.RegressionTest.Verify_amazon_aax_preload_Daily_details_adcall()'><b>Verify_amazon_aax_preload_Daily_details_adcall</b><br>Test class: com.twc.ios.app.testcases.RegressionTest</td>
<td></td>
<td>0</td>
<td>com.twc.ios.app.testcases.RegressionTest@a10c1b5</td></tr>
<tr>
<td title='com.twc.ios.app.testcases.RegressionTest.Verify_amazon_aax_preload_Hourly_bigad_adcall()'><b>Verify_amazon_aax_preload_Hourly_bigad_adcall</b><br>Test class: com.twc.ios.app.testcases.RegressionTest</td>
<td></td>
<td>0</td>
<td>com.twc.ios.app.testcases.RegressionTest@a10c1b5</td></tr>
<tr>
<td title='com.twc.ios.app.testcases.RegressionTest.Verify_amazon_aax_preload_Hourly_details_adcall()'><b>Verify_amazon_aax_preload_Hourly_details_adcall</b><br>Test class: com.twc.ios.app.testcases.RegressionTest</td>
<td></td>
<td>0</td>
<td>com.twc.ios.app.testcases.RegressionTest@a10c1b5</td></tr>
<tr>
<td title='com.twc.ios.app.testcases.RegressionTest.Verify_amazon_aax_preload_PreRollVideo_adcall()'><b>Verify_amazon_aax_preload_PreRollVideo_adcall</b><br>Test class: com.twc.ios.app.testcases.RegressionTest</td>
<td></td>
<td>0</td>
<td>com.twc.ios.app.testcases.RegressionTest@a10c1b5</td></tr>
<tr>
<td title='com.twc.ios.app.testcases.RegressionTest.Verify_amazon_aax_preload_feed1_adcall()'><b>Verify_amazon_aax_preload_feed1_adcall</b><br>Test class: com.twc.ios.app.testcases.RegressionTest</td>
<td></td>
<td>0</td>
<td>com.twc.ios.app.testcases.RegressionTest@a10c1b5</td></tr>
<tr>
<td title='com.twc.ios.app.testcases.RegressionTest.Verify_amazon_aax_preload_feed2_adcall()'><b>Verify_amazon_aax_preload_feed2_adcall</b><br>Test class: com.twc.ios.app.testcases.RegressionTest</td>
<td></td>
<td>0</td>
<td>com.twc.ios.app.testcases.RegressionTest@a10c1b5</td></tr>
<tr>
<td title='com.twc.ios.app.testcases.RegressionTest.Verify_amazon_aax_preload_feed3_adcall()'><b>Verify_amazon_aax_preload_feed3_adcall</b><br>Test class: com.twc.ios.app.testcases.RegressionTest</td>
<td></td>
<td>0</td>
<td>com.twc.ios.app.testcases.RegressionTest@a10c1b5</td></tr>
<tr>
<td title='com.twc.ios.app.testcases.RegressionTest.Verify_amazon_aax_preload_feed4_adcall()'><b>Verify_amazon_aax_preload_feed4_adcall</b><br>Test class: com.twc.ios.app.testcases.RegressionTest</td>
<td></td>
<td>0</td>
<td>com.twc.ios.app.testcases.RegressionTest@a10c1b5</td></tr>
<tr>
<td title='com.twc.ios.app.testcases.RegressionTest.Verify_amazon_aax_preload_homescreen_adhesive_adcall()'><b>Verify_amazon_aax_preload_homescreen_adhesive_adcall</b><br>Test class: com.twc.ios.app.testcases.RegressionTest</td>
<td></td>
<td>0</td>
<td>com.twc.ios.app.testcases.RegressionTest@a10c1b5</td></tr>
<tr>
<td title='com.twc.ios.app.testcases.RegressionTest.Verify_amazon_aax_preload_map_details_adcall()'><b>Verify_amazon_aax_preload_map_details_adcall</b><br>Test class: com.twc.ios.app.testcases.RegressionTest</td>
<td></td>
<td>0</td>
<td>com.twc.ios.app.testcases.RegressionTest@a10c1b5</td></tr>
<tr>
<td title='com.twc.ios.app.testcases.RegressionTest.Verify_interstitial_ads_dailyCard()'><b>Verify_interstitial_ads_dailyCard</b><br>Test class: com.twc.ios.app.testcases.RegressionTest</td>
<td></td>
<td>1078</td>
<td>com.twc.ios.app.testcases.RegressionTest@a10c1b5</td></tr>
<tr>
<td title='com.twc.ios.app.testcases.RegressionTest.Verify_interstitial_ads_dailyDetailsBanner_fromPlanningCard()'><b>Verify_interstitial_ads_dailyDetailsBanner_fromPlanningCard</b><br>Test class: com.twc.ios.app.testcases.RegressionTest</td>
<td></td>
<td>652</td>
<td>com.twc.ios.app.testcases.RegressionTest@a10c1b5</td></tr>
<tr>
<td title='com.twc.ios.app.testcases.RegressionTest.Verify_interstitial_ads_dailyTab()'><b>Verify_interstitial_ads_dailyTab</b><br>Test class: com.twc.ios.app.testcases.RegressionTest</td>
<td></td>
<td>373</td>
<td>com.twc.ios.app.testcases.RegressionTest@a10c1b5</td></tr>
<tr>
<td title='com.twc.ios.app.testcases.RegressionTest.Verify_interstitial_ads_hourlyDetailsBanner_fromPlanningCard()'><b>Verify_interstitial_ads_hourlyDetailsBanner_fromPlanningCard</b><br>Test class: com.twc.ios.app.testcases.RegressionTest</td>
<td></td>
<td>607</td>
<td>com.twc.ios.app.testcases.RegressionTest@a10c1b5</td></tr>
<tr>
<td title='com.twc.ios.app.testcases.RegressionTest.Verify_interstitial_ads_mapCard()'><b>Verify_interstitial_ads_mapCard</b><br>Test class: com.twc.ios.app.testcases.RegressionTest</td>
<td></td>
<td>1188</td>
<td>com.twc.ios.app.testcases.RegressionTest@a10c1b5</td></tr>
<tr>
<td title='com.twc.ios.app.testcases.RegressionTest.Verify_interstitial_ads_radarTab()'><b>Verify_interstitial_ads_radarTab</b><br>Test class: com.twc.ios.app.testcases.RegressionTest</td>
<td></td>
<td>411</td>
<td>com.twc.ios.app.testcases.RegressionTest@a10c1b5</td></tr>
<tr>
<td title='com.twc.ios.app.testcases.RegressionTest.Verify_video_adcall_iu()'><b>Verify_video_adcall_iu</b><br>Test class: com.twc.ios.app.testcases.RegressionTest</td>
<td></td>
<td>52</td>
<td>com.twc.ios.app.testcases.RegressionTest@a10c1b5</td></tr>
<tr>
<td title='com.twc.ios.app.testcases.RegressionTest.beforeTest()'><b>beforeTest</b><br>Test class: com.twc.ios.app.testcases.RegressionTest</td>
<td></td>
<td>570</td>
<td>com.twc.ios.app.testcases.RegressionTest@a10c1b5</td></tr>
<tr>
<td title='com.twc.ios.app.testcases.RegressionTest.enable_PreConfiguration_for_WatsonAndPlanningMomentCards()'><b>enable_PreConfiguration_for_WatsonAndPlanningMomentCards</b><br>Test class: com.twc.ios.app.testcases.RegressionTest</td>
<td></td>
<td>1665</td>
<td>com.twc.ios.app.testcases.RegressionTest@a10c1b5</td></tr>
<tr>
<td title='com.twc.ios.app.testcases.RegressionTest.enable_PreConfiguration_for_servere1_BreakingNewsCard()'><b>enable_PreConfiguration_for_servere1_BreakingNewsCard</b><br>Test class: com.twc.ios.app.testcases.RegressionTest</td>
<td></td>
<td>660</td>
<td>com.twc.ios.app.testcases.RegressionTest@a10c1b5</td></tr>
<tr>
<td title='com.twc.ios.app.testcases.RegressionTest.enable_PreConfiguration_for_servere1_EditorialVideoHeadlineCard_BreakingNewsCard()'><b>enable_PreConfiguration_for_servere1_EditorialVideoHeadlineCard_BreakingNewsCard</b><br>Test class: com.twc.ios.app.testcases.RegressionTest</td>
<td></td>
<td>502</td>
<td>com.twc.ios.app.testcases.RegressionTest@a10c1b5</td></tr>
<tr>
<td title='com.twc.ios.app.testcases.RegressionTest.enable_PreConfiguration_for_servere2_BreakingNewsCard()'><b>enable_PreConfiguration_for_servere2_BreakingNewsCard</b><br>Test class: com.twc.ios.app.testcases.RegressionTest</td>
<td></td>
<td>650</td>
<td>com.twc.ios.app.testcases.RegressionTest@a10c1b5</td></tr>
<tr>
<td title='com.twc.ios.app.testcases.RegressionTest.enable_PreConfiguration_for_servere2_EditorialVideoHeadlineCard_BreakingNewsCard()'><b>enable_PreConfiguration_for_servere2_EditorialVideoHeadlineCard_BreakingNewsCard</b><br>Test class: com.twc.ios.app.testcases.RegressionTest</td>
<td></td>
<td>468</td>
<td>com.twc.ios.app.testcases.RegressionTest@a10c1b5</td></tr>
<tr>
<td title='com.twc.ios.app.testcases.RegressionTest.kill_and_Launch_app_for_aax_calls()'><b>kill_and_Launch_app_for_aax_calls</b><br>Test class: com.twc.ios.app.testcases.RegressionTest</td>
<td></td>
<td>185</td>
<td>com.twc.ios.app.testcases.RegressionTest@a10c1b5</td></tr>
<tr>
<td title='com.twc.ios.app.testcases.RegressionTest.validate_Privacy_card_and_Options()'><b>validate_Privacy_card_and_Options</b><br>Test class: com.twc.ios.app.testcases.RegressionTest</td>
<td></td>
<td>93</td>
<td>com.twc.ios.app.testcases.RegressionTest@a10c1b5</td></tr>
</table><p>
</body>
</html>