<?xml version="1.0" encoding="UTF-8"?>
<!-- Generated by org.testng.reporters.JUnitXMLReporter -->
<testsuite hostname="Aswinikumars-MacBook-Pro.local" name="Default test" tests="101" failures="4" timestamp="26 Apr 2022 15:53:41 GMT" time="13459.462" errors="0">
  <testcase name="@AfterClass afterClass" time="0.0" classname="com.twc.ios.app.testcases.RegressionTest">
    <failure type="org.openqa.selenium.NoSuchElementException" message="An element could not be located on the page using the given search parameters.
For documentation on this error, please visit: https://www.seleniumhq.org/exceptions/no_such_element.html
Build info: version: &amp;apos;3.141.59&amp;apos;, revision: &amp;apos;e82be7d358&amp;apos;, time: &amp;apos;2018-11-14T08:17:03&amp;apos;
System info: host: &amp;apos;Aswinikumars-MacBook-Pro.local&amp;apos;, ip: &amp;apos;2401:4900:1c27:2d19:34b4:eb8c:a068:accc%en0&amp;apos;, os.name: &amp;apos;Mac OS X&amp;apos;, os.arch: &amp;apos;x86_64&amp;apos;, os.version: &amp;apos;10.16&amp;apos;, java.version: &amp;apos;1.8.0_311&amp;apos;
Driver info: io.appium.java_client.ios.IOSDriver
Capabilities {appPackage: com.weather.TWC, appium-version: 1.18.3, autoLaunch: true, automationName: XCUITest, browserName: , bundleId: com.weather.TWC, clearSystemFiles: true, databaseEnabled: false, device: iPhone, deviceName: =iPhone13, forceIphone: true, javascriptEnabled: true, launchTimeout: 60000, locationContextEnabled: false, networkConnectionEnabled: false, newCommandTimeout: 7200, noReset: true, platform: MAC, platformName: iOS, platformVersion: 15.2, realDeviceLogger: /Users/apple/node_modules/d..., takesScreenshot: true, udid: 00008110-000239112661801E, useNewWDA: true, wdaLocalPort: 7403, webStorageEnabled: false, xcodeConfigfile: /Applications/Appium.app/Co...}
Session ID: 188a4b80-9dbe-4153-b544-868ee71071e5
*** Element info: {Using=xpath, value=(//XCUIElementTypeButton[@name=&amp;apos;close_menu_button&amp;apos;])[1]}">
      <![CDATA[org.openqa.selenium.NoSuchElementException: An element could not be located on the page using the given search parameters.
For documentation on this error, please visit: https://www.seleniumhq.org/exceptions/no_such_element.html
Build info: version: '3.141.59', revision: 'e82be7d358', time: '2018-11-14T08:17:03'
System info: host: 'Aswinikumars-MacBook-Pro.local', ip: '2401:4900:1c27:2d19:34b4:eb8c:a068:accc%en0', os.name: 'Mac OS X', os.arch: 'x86_64', os.version: '10.16', java.version: '1.8.0_311'
Driver info: io.appium.java_client.ios.IOSDriver
Capabilities {appPackage: com.weather.TWC, appium-version: 1.18.3, autoLaunch: true, automationName: XCUITest, browserName: , bundleId: com.weather.TWC, clearSystemFiles: true, databaseEnabled: false, device: iPhone, deviceName: =iPhone13, forceIphone: true, javascriptEnabled: true, launchTimeout: 60000, locationContextEnabled: false, networkConnectionEnabled: false, newCommandTimeout: 7200, noReset: true, platform: MAC, platformName: iOS, platformVersion: 15.2, realDeviceLogger: /Users/apple/node_modules/d..., takesScreenshot: true, udid: 00008110-000239112661801E, useNewWDA: true, wdaLocalPort: 7403, webStorageEnabled: false, xcodeConfigfile: /Applications/Appium.app/Co...}
Session ID: 188a4b80-9dbe-4153-b544-868ee71071e5
*** Element info: {Using=xpath, value=(//XCUIElementTypeButton[@name='close_menu_button'])[1]}
	at sun.reflect.GeneratedConstructorAccessor56.newInstance(Unknown Source)
	at sun.reflect.DelegatingConstructorAccessorImpl.newInstance(DelegatingConstructorAccessorImpl.java:45)
	at java.lang.reflect.Constructor.newInstance(Constructor.java:423)
	at org.openqa.selenium.remote.http.W3CHttpResponseCodec.createException(W3CHttpResponseCodec.java:187)
	at org.openqa.selenium.remote.http.W3CHttpResponseCodec.decode(W3CHttpResponseCodec.java:122)
	at org.openqa.selenium.remote.http.W3CHttpResponseCodec.decode(W3CHttpResponseCodec.java:49)
	at org.openqa.selenium.remote.HttpCommandExecutor.execute(HttpCommandExecutor.java:158)
	at io.appium.java_client.remote.AppiumCommandExecutor.execute(AppiumCommandExecutor.java:239)
	at org.openqa.selenium.remote.RemoteWebDriver.execute(RemoteWebDriver.java:552)
	at io.appium.java_client.DefaultGenericMobileDriver.execute(DefaultGenericMobileDriver.java:41)
	at io.appium.java_client.AppiumDriver.execute(AppiumDriver.java:1)
	at io.appium.java_client.ios.IOSDriver.execute(IOSDriver.java:1)
	at org.openqa.selenium.remote.RemoteWebDriver.findElement(RemoteWebDriver.java:323)
	at io.appium.java_client.DefaultGenericMobileDriver.findElement(DefaultGenericMobileDriver.java:61)
	at io.appium.java_client.AppiumDriver.findElement(AppiumDriver.java:1)
	at io.appium.java_client.ios.IOSDriver.findElement(IOSDriver.java:1)
	at org.openqa.selenium.remote.RemoteWebDriver.findElementByXPath(RemoteWebDriver.java:428)
	at io.appium.java_client.DefaultGenericMobileDriver.findElementByXPath(DefaultGenericMobileDriver.java:151)
	at io.appium.java_client.AppiumDriver.findElementByXPath(AppiumDriver.java:1)
	at io.appium.java_client.ios.IOSDriver.findElementByXPath(IOSDriver.java:1)
	at org.openqa.selenium.By$ByXPath.findElement(By.java:353)
	at org.openqa.selenium.remote.RemoteWebDriver.findElement(RemoteWebDriver.java:315)
	at io.appium.java_client.DefaultGenericMobileDriver.findElement(DefaultGenericMobileDriver.java:57)
	at io.appium.java_client.AppiumDriver.findElement(AppiumDriver.java:1)
	at io.appium.java_client.ios.IOSDriver.findElement(IOSDriver.java:1)
	at com.twc.ios.app.pages.SettingsScreen.getAppVersion(SettingsScreen.java:123)
	at com.twc.ios.app.testcases.RegressionTest.afterClass(RegressionTest.java:78)
	at sun.reflect.NativeMethodAccessorImpl.invoke0(Native Method)
	at sun.reflect.NativeMethodAccessorImpl.invoke(NativeMethodAccessorImpl.java:62)
	at sun.reflect.DelegatingMethodAccessorImpl.invoke(DelegatingMethodAccessorImpl.java:43)
	at java.lang.reflect.Method.invoke(Method.java:498)
	at org.testng.internal.MethodInvocationHelper.invokeMethod(MethodInvocationHelper.java:86)
	at org.testng.internal.Invoker.invokeConfigurationMethod(Invoker.java:514)
	at org.testng.internal.Invoker.invokeConfigurations(Invoker.java:215)
	at org.testng.internal.Invoker.invokeConfigurations(Invoker.java:142)
	at org.testng.internal.TestMethodWorker.invokeAfterClassMethods(TestMethodWorker.java:232)
	at org.testng.internal.TestMethodWorker.run(TestMethodWorker.java:115)
	at org.testng.TestRunner.privateRun(TestRunner.java:782)
	at org.testng.TestRunner.run(TestRunner.java:632)
	at org.testng.SuiteRunner.runTest(SuiteRunner.java:366)
	at org.testng.SuiteRunner.runSequentially(SuiteRunner.java:361)
	at org.testng.SuiteRunner.privateRun(SuiteRunner.java:319)
	at org.testng.SuiteRunner.run(SuiteRunner.java:268)
	at org.testng.SuiteRunnerWorker.runSuite(SuiteRunnerWorker.java:52)
	at org.testng.SuiteRunnerWorker.run(SuiteRunnerWorker.java:86)
	at org.testng.TestNG.runSuitesSequentially(TestNG.java:1244)
	at org.testng.TestNG.runSuitesLocally(TestNG.java:1169)
	at org.testng.TestNG.run(TestNG.java:1064)
	at org.testng.remote.AbstractRemoteTestNG.run(AbstractRemoteTestNG.java:115)
	at org.testng.remote.RemoteTestNG.initAndRun(RemoteTestNG.java:251)
	at org.testng.remote.RemoteTestNG.main(RemoteTestNG.java:77)
]]>
    </failure>
  </testcase> <!-- @AfterClass afterClass -->
  <testcase name="beforeTest" time="570.4" classname="com.twc.ios.app.testcases.RegressionTest"/>
  <testcase name="kill_and_Launch_app_for_aax_calls" time="185.176" classname="com.twc.ios.app.testcases.RegressionTest"/>
  <testcase name="Verify_amazon_aax_preload_homescreen_adhesive_adcall" time="0.565" classname="com.twc.ios.app.testcases.RegressionTest"/>
  <testcase name="Verify_amazon_aax_preload_feed1_adcall" time="0.456" classname="com.twc.ios.app.testcases.RegressionTest"/>
  <testcase name="Verify_amazon_aax_preload_feed2_adcall" time="0.499" classname="com.twc.ios.app.testcases.RegressionTest"/>
  <testcase name="Verify_amazon_aax_preload_feed3_adcall" time="0.405" classname="com.twc.ios.app.testcases.RegressionTest"/>
  <testcase name="Verify_amazon_aax_preload_feed4_adcall" time="0.368" classname="com.twc.ios.app.testcases.RegressionTest"/>
  <testcase name="Verify_amazon_aax_preload_PreRollVideo_adcall" time="0.478" classname="com.twc.ios.app.testcases.RegressionTest"/>
  <testcase name="Verify_amazon_aax_preload_map_details_adcall" time="0.387" classname="com.twc.ios.app.testcases.RegressionTest"/>
  <testcase name="Verify_amazon_aax_preload_Daily_details_adcall" time="0.455" classname="com.twc.ios.app.testcases.RegressionTest"/>
  <testcase name="Verify_amazon_aax_preload_Hourly_details_adcall" time="0.336" classname="com.twc.ios.app.testcases.RegressionTest"/>
  <testcase name="Verify_amazon_aax_preload_Hourly_bigad_adcall" time="0.519" classname="com.twc.ios.app.testcases.RegressionTest"/>
  <testcase name="Verify_amazon_aax_preload_Covid_details_adcall" time="0.348" classname="com.twc.ios.app.testcases.RegressionTest"/>
  <testcase name="Validate_Amazon_SDK_adsdk_parameter" time="0.826" classname="com.twc.ios.app.testcases.RegressionTest"/>
  <testcase name="Validate_GMA_SDK_version" time="0.383" classname="com.twc.ios.app.testcases.RegressionTest"/>
  <testcase name="Verify_Criteo_SDK_inapp_v2_Call" time="0.374" classname="com.twc.ios.app.testcases.RegressionTest"/>
  <testcase name="Verify_Criteo_SDK_config_app_Call" time="0.36" classname="com.twc.ios.app.testcases.RegressionTest"/>
  <testcase name="Validate_Criteo_SDK_config_app_Call_cpId_parameter" time="0.776" classname="com.twc.ios.app.testcases.RegressionTest"/>
  <testcase name="Validate_Criteo_SDK_config_app_Call_bundleId_parameter" time="0.732" classname="com.twc.ios.app.testcases.RegressionTest"/>
  <testcase name="Validate_Criteo_SDK_config_app_Call_sdkVersion_parameter" time="0.722" classname="com.twc.ios.app.testcases.RegressionTest"/>
  <testcase name="Validate_Criteo_SDK_Bidder_API_Call_Response_Code" time="0.689" classname="com.twc.ios.app.testcases.RegressionTest"/>
  <testcase name="Validate_Criteo_SDK_Initialization_API_Call_Response_Code" time="0.674" classname="com.twc.ios.app.testcases.RegressionTest"/>
  <testcase name="Validate_Criteo_SDK_Initialization_API_Call_Response_Parameter_csmEnabled" time="0.693" classname="com.twc.ios.app.testcases.RegressionTest"/>
  <testcase name="Validate_Criteo_SDK_Initialization_API_Call_Response_Parameter_liveBiddingEnabled" time="0.753" classname="com.twc.ios.app.testcases.RegressionTest"/>
  <testcase name="Validate_Criteo_SDK_Initialization_API_Call_Response_Parameter_prefetchOnInitEnabled" time="0.685" classname="com.twc.ios.app.testcases.RegressionTest"/>
  <testcase name="Validate_Criteo_SDK_Initialization_API_Call_Response_Parameter_remoteLogLevel" time="0.689" classname="com.twc.ios.app.testcases.RegressionTest"/>
  <testcase name="Verify_video_adcall_iu" time="52.026" classname="com.twc.ios.app.testcases.RegressionTest"/>
  <testcase name="Validate_IMA_SDK_version" time="0.108" classname="com.twc.ios.app.testcases.RegressionTest"/>
  <testcase name="validate_Privacy_card_and_Options" time="93.551" classname="com.twc.ios.app.testcases.RegressionTest"/>
  <testcase name="enable_PreConfiguration_for_servere1_BreakingNewsCard" time="660.151" classname="com.twc.ios.app.testcases.RegressionTest"/>
  <testcase name="Verify_BreakingNews_Severe1_AdCall" time="0.903" classname="com.twc.ios.app.testcases.RegressionTest"/>
  <testcase name="Validate_BreakingNews_Severe1_bn_Custom_param" time="0.58" classname="com.twc.ios.app.testcases.RegressionTest"/>
  <testcase name="Validate_BreakingNews_Severe1_pos_Custom_param" time="0.596" classname="com.twc.ios.app.testcases.RegressionTest"/>
  <testcase name="Verify_BreakingNews_Video1_Severe1_AdCall" time="38.794" classname="com.twc.ios.app.testcases.RegressionTest"/>
  <testcase name="Validate_BreakingNews_Video1_Severe1_bn_Custom_param" time="0.023" classname="com.twc.ios.app.testcases.RegressionTest"/>
  <testcase name="Validate_BreakingNews_Video1_Severe1_ref_Custom_param" time="0.023" classname="com.twc.ios.app.testcases.RegressionTest"/>
  <testcase name="enable_PreConfiguration_for_servere2_BreakingNewsCard" time="650.557" classname="com.twc.ios.app.testcases.RegressionTest"/>
  <testcase name="Verify_BreakingNews_Severe2_AdCall" time="0.892" classname="com.twc.ios.app.testcases.RegressionTest"/>
  <testcase name="Validate_BreakingNews_Severe2_bn_Custom_param" time="0.968" classname="com.twc.ios.app.testcases.RegressionTest"/>
  <testcase name="Validate_BreakingNews_Severe2_pos_Custom_param" time="1.136" classname="com.twc.ios.app.testcases.RegressionTest"/>
  <testcase name="Verify_BreakingNews_Video1_Severe2_AdCall" time="39.101" classname="com.twc.ios.app.testcases.RegressionTest"/>
  <testcase name="Validate_BreakingNews_Video1_Severe2_bn_Custom_param" time="0.043" classname="com.twc.ios.app.testcases.RegressionTest"/>
  <testcase name="Validate_BreakingNews_Video1_Severe2_ref_Custom_param" time="0.043" classname="com.twc.ios.app.testcases.RegressionTest"/>
  <testcase name="enable_PreConfiguration_for_servere1_EditorialVideoHeadlineCard_BreakingNewsCard" time="502.832" classname="com.twc.ios.app.testcases.RegressionTest"/>
  <testcase name="Verify_Editorial_Video_Headline_Card_Breaking_News_Card_Video1_Severe1_AdCalls" time="25.921" classname="com.twc.ios.app.testcases.RegressionTest"/>
  <testcase name="Validate_Editorial_Video_Headline_Card_Breaking_News_Card_Video1_Severe1_ref_Custom_params" time="0.092" classname="com.twc.ios.app.testcases.RegressionTest"/>
  <testcase name="enable_PreConfiguration_for_servere2_EditorialVideoHeadlineCard_BreakingNewsCard" time="468.657" classname="com.twc.ios.app.testcases.RegressionTest"/>
  <testcase name="Verify_Editorial_Video_Headline_Card_Breaking_News_Card_Video1_Severe2_AdCalls" time="25.347" classname="com.twc.ios.app.testcases.RegressionTest"/>
  <testcase name="Validate_Editorial_Video_Headline_Card_Breaking_News_Card_Video1_Severe2_ref_Custom_params" time="0.039" classname="com.twc.ios.app.testcases.RegressionTest"/>
  <testcase name="Validate_NextGenIM_StaticAd" time="392.419" classname="com.twc.ios.app.testcases.RegressionTest"/>
  <testcase name="Validate_NextGenIM_StaticAd_response" time="11.351" classname="com.twc.ios.app.testcases.RegressionTest"/>
  <testcase name="Validate_NextGenIM_StaticAd_bgAssetCall" time="0.394" classname="com.twc.ios.app.testcases.RegressionTest"/>
  <testcase name="Validate_NextGenIM_StaticAd_fgAssetCall" time="0.406" classname="com.twc.ios.app.testcases.RegressionTest"/>
  <testcase name="Validate_NextGenIM_StaticAd_Size" time="0.38" classname="com.twc.ios.app.testcases.RegressionTest"/>
  <testcase name="Validate_NextGenIM_VideoAd" time="134.067" classname="com.twc.ios.app.testcases.RegressionTest"/>
  <testcase name="Validate_NextGenIM_VideoAd_response" time="11.351" classname="com.twc.ios.app.testcases.RegressionTest"/>
  <testcase name="Validate_NextGenIM_VideoAd_bgAssetCall" time="0.201" classname="com.twc.ios.app.testcases.RegressionTest"/>
  <testcase name="Validate_NextGenIM_VideoAd_Size" time="0.277" classname="com.twc.ios.app.testcases.RegressionTest"/>
  <testcase name="Validate_TapabilityOfHomeScreenStickyTestAd" time="112.992" classname="com.twc.ios.app.testcases.RegressionTest"/>
  <testcase name="Validate_TapabilityOfDailyNavTabTestAd" time="120.57" classname="com.twc.ios.app.testcases.RegressionTest"/>
  <testcase name="Validate_TapabilityOfRadarNavTabTestAd" time="154.164" classname="com.twc.ios.app.testcases.RegressionTest"/>
  <testcase name="Validate_IDD_Ad" time="1007.639" classname="com.twc.ios.app.testcases.RegressionTest"/>
  <testcase name="Validate_IDD_Ad_response" time="11.41" classname="com.twc.ios.app.testcases.RegressionTest"/>
  <testcase name="Validate_IDD_StaticAd_bgAssetCall" time="0.229" classname="com.twc.ios.app.testcases.RegressionTest"/>
  <testcase name="Validate_IDD_StaticAd_fgAssetCall" time="0.234" classname="com.twc.ios.app.testcases.RegressionTest"/>
  <testcase name="Validate_IDD_Ad_Size" time="0.282" classname="com.twc.ios.app.testcases.RegressionTest"/>
  <testcase name="Validate_Integrated_FeedCard_StaticAd" time="833.399" classname="com.twc.ios.app.testcases.RegressionTest"/>
  <testcase name="Validate_Integrated_FeedCard_StaticAd_response" time="11.802" classname="com.twc.ios.app.testcases.RegressionTest"/>
  <testcase name="Validate_Integrated_FeedCard_StaticAd_bgAssetCall" time="0.535" classname="com.twc.ios.app.testcases.RegressionTest"/>
  <testcase name="Validate_Integrated_FeedCard_StaticAd_fgAssetCall" time="0.588" classname="com.twc.ios.app.testcases.RegressionTest"/>
  <testcase name="Validate_Integrated_FeedCard_StaticAd_Size" time="0.529" classname="com.twc.ios.app.testcases.RegressionTest"/>
  <testcase name="Validate_Integrated_FeedCard_VideoAd" time="384.305" classname="com.twc.ios.app.testcases.RegressionTest"/>
  <testcase name="Validate_Integrated_FeedCard_VideoAd_response" time="11.086" classname="com.twc.ios.app.testcases.RegressionTest"/>
  <testcase name="Validate_Integrated_FeedCard_VideoAd_bgAssetCall" time="0.225" classname="com.twc.ios.app.testcases.RegressionTest">
    <failure type="java.lang.AssertionError" message="-bg Asset Call is not present in Charles session">
      <![CDATA[java.lang.AssertionError: -bg Asset Call is not present in Charles session
	at org.testng.Assert.fail(Assert.java:94)
	at com.twc.ios.app.general.Utils.verifyAssetCallWithHostandPath(Utils.java:10959)
	at com.twc.ios.app.testcases.RegressionTest.Validate_Integrated_FeedCard_VideoAd_bgAssetCall(RegressionTest.java:1317)
	at sun.reflect.NativeMethodAccessorImpl.invoke0(Native Method)
	at sun.reflect.NativeMethodAccessorImpl.invoke(NativeMethodAccessorImpl.java:62)
	at sun.reflect.DelegatingMethodAccessorImpl.invoke(DelegatingMethodAccessorImpl.java:43)
	at java.lang.reflect.Method.invoke(Method.java:498)
	at org.testng.internal.MethodInvocationHelper.invokeMethod(MethodInvocationHelper.java:86)
	at org.testng.internal.Invoker.invokeMethod(Invoker.java:643)
	at org.testng.internal.Invoker.invokeTestMethod(Invoker.java:820)
	at org.testng.internal.Invoker.invokeTestMethods(Invoker.java:1128)
	at org.testng.internal.TestMethodWorker.invokeTestMethods(TestMethodWorker.java:129)
	at org.testng.internal.TestMethodWorker.run(TestMethodWorker.java:112)
	at org.testng.TestRunner.privateRun(TestRunner.java:782)
	at org.testng.TestRunner.run(TestRunner.java:632)
	at org.testng.SuiteRunner.runTest(SuiteRunner.java:366)
	at org.testng.SuiteRunner.runSequentially(SuiteRunner.java:361)
	at org.testng.SuiteRunner.privateRun(SuiteRunner.java:319)
	at org.testng.SuiteRunner.run(SuiteRunner.java:268)
	at org.testng.SuiteRunnerWorker.runSuite(SuiteRunnerWorker.java:52)
	at org.testng.SuiteRunnerWorker.run(SuiteRunnerWorker.java:86)
	at org.testng.TestNG.runSuitesSequentially(TestNG.java:1244)
	at org.testng.TestNG.runSuitesLocally(TestNG.java:1169)
	at org.testng.TestNG.run(TestNG.java:1064)
	at org.testng.remote.AbstractRemoteTestNG.run(AbstractRemoteTestNG.java:115)
	at org.testng.remote.RemoteTestNG.initAndRun(RemoteTestNG.java:251)
	at org.testng.remote.RemoteTestNG.main(RemoteTestNG.java:77)
]]>
    </failure>
  </testcase> <!-- Validate_Integrated_FeedCard_VideoAd_bgAssetCall -->
  <testcase name="Validate_Integrated_FeedCard_VideoAd_Size" time="0.226" classname="com.twc.ios.app.testcases.RegressionTest"/>
  <testcase name="Verify_interstitial_ads_hourlyTab" time="602.187" classname="com.twc.ios.app.testcases.RegressionTest">
    <failure type="java.lang.AssertionError" message="Interstitial Ad call not generated after 1 min, no need to perform further checks">
      <![CDATA[java.lang.AssertionError: Interstitial Ad call not generated after 1 min, no need to perform further checks
	at org.testng.Assert.fail(Assert.java:94)
	at com.twc.ios.app.general.Utils.assertinterStitialAd(Utils.java:4778)
	at com.twc.ios.app.testcases.RegressionTest.Verify_interstitial_ads_hourlyTab(RegressionTest.java:1371)
	at sun.reflect.NativeMethodAccessorImpl.invoke0(Native Method)
	at sun.reflect.NativeMethodAccessorImpl.invoke(NativeMethodAccessorImpl.java:62)
	at sun.reflect.DelegatingMethodAccessorImpl.invoke(DelegatingMethodAccessorImpl.java:43)
	at java.lang.reflect.Method.invoke(Method.java:498)
	at org.testng.internal.MethodInvocationHelper.invokeMethod(MethodInvocationHelper.java:86)
	at org.testng.internal.Invoker.invokeMethod(Invoker.java:643)
	at org.testng.internal.Invoker.invokeTestMethod(Invoker.java:820)
	at org.testng.internal.Invoker.invokeTestMethods(Invoker.java:1128)
	at org.testng.internal.TestMethodWorker.invokeTestMethods(TestMethodWorker.java:129)
	at org.testng.internal.TestMethodWorker.run(TestMethodWorker.java:112)
	at org.testng.TestRunner.privateRun(TestRunner.java:782)
	at org.testng.TestRunner.run(TestRunner.java:632)
	at org.testng.SuiteRunner.runTest(SuiteRunner.java:366)
	at org.testng.SuiteRunner.runSequentially(SuiteRunner.java:361)
	at org.testng.SuiteRunner.privateRun(SuiteRunner.java:319)
	at org.testng.SuiteRunner.run(SuiteRunner.java:268)
	at org.testng.SuiteRunnerWorker.runSuite(SuiteRunnerWorker.java:52)
	at org.testng.SuiteRunnerWorker.run(SuiteRunnerWorker.java:86)
	at org.testng.TestNG.runSuitesSequentially(TestNG.java:1244)
	at org.testng.TestNG.runSuitesLocally(TestNG.java:1169)
	at org.testng.TestNG.run(TestNG.java:1064)
	at org.testng.remote.AbstractRemoteTestNG.run(AbstractRemoteTestNG.java:115)
	at org.testng.remote.RemoteTestNG.initAndRun(RemoteTestNG.java:251)
	at org.testng.remote.RemoteTestNG.main(RemoteTestNG.java:77)
]]>
    </failure>
  </testcase> <!-- Verify_interstitial_ads_hourlyTab -->
  <testcase name="Verify_interstitial_ads_dailyTab" time="373.884" classname="com.twc.ios.app.testcases.RegressionTest"/>
  <testcase name="Verify_interstitial_ads_radarTab" time="411.725" classname="com.twc.ios.app.testcases.RegressionTest"/>
  <testcase name="Verify_interstitial_ads_videoTab" time="269.005" classname="com.twc.ios.app.testcases.RegressionTest">
    <failure type="java.lang.AssertionError" message="Home Tab is not displayed, to get interstitial ad">
      <![CDATA[java.lang.AssertionError: Home Tab is not displayed, to get interstitial ad
	at org.testng.Assert.fail(Assert.java:94)
	at com.twc.ios.app.pages.HomeNavTab.navigateToHomeTab_toGetInterStitialAd(HomeNavTab.java:93)
	at com.twc.ios.app.general.Utils.verifyInterstitialAd(Utils.java:4542)
	at com.twc.ios.app.general.Utils.assertinterStitialAd(Utils.java:4774)
	at com.twc.ios.app.testcases.RegressionTest.Verify_interstitial_ads_videoTab(RegressionTest.java:1423)
	at sun.reflect.NativeMethodAccessorImpl.invoke0(Native Method)
	at sun.reflect.NativeMethodAccessorImpl.invoke(NativeMethodAccessorImpl.java:62)
	at sun.reflect.DelegatingMethodAccessorImpl.invoke(DelegatingMethodAccessorImpl.java:43)
	at java.lang.reflect.Method.invoke(Method.java:498)
	at org.testng.internal.MethodInvocationHelper.invokeMethod(MethodInvocationHelper.java:86)
	at org.testng.internal.Invoker.invokeMethod(Invoker.java:643)
	at org.testng.internal.Invoker.invokeTestMethod(Invoker.java:820)
	at org.testng.internal.Invoker.invokeTestMethods(Invoker.java:1128)
	at org.testng.internal.TestMethodWorker.invokeTestMethods(TestMethodWorker.java:129)
	at org.testng.internal.TestMethodWorker.run(TestMethodWorker.java:112)
	at org.testng.TestRunner.privateRun(TestRunner.java:782)
	at org.testng.TestRunner.run(TestRunner.java:632)
	at org.testng.SuiteRunner.runTest(SuiteRunner.java:366)
	at org.testng.SuiteRunner.runSequentially(SuiteRunner.java:361)
	at org.testng.SuiteRunner.privateRun(SuiteRunner.java:319)
	at org.testng.SuiteRunner.run(SuiteRunner.java:268)
	at org.testng.SuiteRunnerWorker.runSuite(SuiteRunnerWorker.java:52)
	at org.testng.SuiteRunnerWorker.run(SuiteRunnerWorker.java:86)
	at org.testng.TestNG.runSuitesSequentially(TestNG.java:1244)
	at org.testng.TestNG.runSuitesLocally(TestNG.java:1169)
	at org.testng.TestNG.run(TestNG.java:1064)
	at org.testng.remote.AbstractRemoteTestNG.run(AbstractRemoteTestNG.java:115)
	at org.testng.remote.RemoteTestNG.initAndRun(RemoteTestNG.java:251)
	at org.testng.remote.RemoteTestNG.main(RemoteTestNG.java:77)
]]>
    </failure>
  </testcase> <!-- Verify_interstitial_ads_videoTab -->
  <testcase name="Verify_interstitial_ads_hourlyDetailsBanner_fromPlanningCard" time="607.048" classname="com.twc.ios.app.testcases.RegressionTest"/>
  <testcase name="Verify_interstitial_ads_dailyDetailsBanner_fromPlanningCard" time="652.564" classname="com.twc.ios.app.testcases.RegressionTest"/>
  <testcase name="Verify_interstitial_ads_dailyCard" time="1078.618" classname="com.twc.ios.app.testcases.RegressionTest"/>
  <testcase name="Verify_interstitial_ads_mapCard" time="1188.567" classname="com.twc.ios.app.testcases.RegressionTest"/>
  <testcase name="enable_PreConfiguration_for_WatsonAndPlanningMomentCards" time="1665.323" classname="com.twc.ios.app.testcases.RegressionTest"/>
  <testcase name="Verify_Week_Ahead_AdCall" time="1.083" classname="com.twc.ios.app.testcases.RegressionTest"/>
  <testcase name="Validate_Week_Ahead_pos_Custom_param" time="0.653" classname="com.twc.ios.app.testcases.RegressionTest"/>
  <testcase name="Validate_Week_Ahead_Ad_Size" time="0.705" classname="com.twc.ios.app.testcases.RegressionTest"/>
  <testcase name="Validate_Week_Ahead_Call_Response" time="1.304" classname="com.twc.ios.app.testcases.RegressionTest"/>
  <testcase name="Verify_Weekend_AdCall" time="0.664" classname="com.twc.ios.app.testcases.RegressionTest"/>
  <testcase name="Validate_Weekend_pos_Custom_param" time="0.974" classname="com.twc.ios.app.testcases.RegressionTest"/>
  <testcase name="Validate_Weekend_Ad_Size" time="0.913" classname="com.twc.ios.app.testcases.RegressionTest"/>
  <testcase name="Validate_Weekend_Call_Response" time="1.215" classname="com.twc.ios.app.testcases.RegressionTest"/>
  <testcase name="Verify_WMFlu_AdCall" time="0.816" classname="com.twc.ios.app.testcases.RegressionTest"/>
  <testcase name="Validate_WMFlu_pos_Custom_param" time="0.686" classname="com.twc.ios.app.testcases.RegressionTest"/>
  <testcase name="Validate_WMFlu_Ad_Size" time="0.692" classname="com.twc.ios.app.testcases.RegressionTest"/>
  <testcase name="Validate_WMFlu_Call_Response" time="0.692" classname="com.twc.ios.app.testcases.RegressionTest"/>
  <testcase name="Verify_WMAllergy_AdCall" time="0.683" classname="com.twc.ios.app.testcases.RegressionTest"/>
  <testcase name="Validate_WMAllergy_pos_Custom_param" time="0.729" classname="com.twc.ios.app.testcases.RegressionTest"/>
  <testcase name="Validate_WMAllergy_Ad_Size" time="0.672" classname="com.twc.ios.app.testcases.RegressionTest"/>
  <testcase name="Validate_WMAllergy_Call_Response" time="0.692" classname="com.twc.ios.app.testcases.RegressionTest"/>
  <testcase name="Validate_SafetyAndPreparednessCard_Call_Response" time="0.003" classname="com.twc.ios.app.testcases.RegressionTest">
    <failure type="java.lang.NullPointerException">
      <![CDATA[java.lang.NullPointerException
	at com.twc.ios.app.excel.ExcelData.excelread(ExcelData.java:41)
	at com.twc.ios.app.general.ReadExcelValues.excelValues(ReadExcelValues.java:11)
	at com.twc.ios.app.general.Utils.Verify_Gampad_Call_ByResponseText(Utils.java:2122)
	at com.twc.ios.app.testcases.RegressionTest.Validate_SafetyAndPreparednessCard_Call_Response(RegressionTest.java:1753)
	at sun.reflect.NativeMethodAccessorImpl.invoke0(Native Method)
	at sun.reflect.NativeMethodAccessorImpl.invoke(NativeMethodAccessorImpl.java:62)
	at sun.reflect.DelegatingMethodAccessorImpl.invoke(DelegatingMethodAccessorImpl.java:43)
	at java.lang.reflect.Method.invoke(Method.java:498)
	at org.testng.internal.MethodInvocationHelper.invokeMethod(MethodInvocationHelper.java:86)
	at org.testng.internal.Invoker.invokeMethod(Invoker.java:643)
	at org.testng.internal.Invoker.invokeTestMethod(Invoker.java:820)
	at org.testng.internal.Invoker.invokeTestMethods(Invoker.java:1128)
	at org.testng.internal.TestMethodWorker.invokeTestMethods(TestMethodWorker.java:129)
	at org.testng.internal.TestMethodWorker.run(TestMethodWorker.java:112)
	at org.testng.TestRunner.privateRun(TestRunner.java:782)
	at org.testng.TestRunner.run(TestRunner.java:632)
	at org.testng.SuiteRunner.runTest(SuiteRunner.java:366)
	at org.testng.SuiteRunner.runSequentially(SuiteRunner.java:361)
	at org.testng.SuiteRunner.privateRun(SuiteRunner.java:319)
	at org.testng.SuiteRunner.run(SuiteRunner.java:268)
	at org.testng.SuiteRunnerWorker.runSuite(SuiteRunnerWorker.java:52)
	at org.testng.SuiteRunnerWorker.run(SuiteRunnerWorker.java:86)
	at org.testng.TestNG.runSuitesSequentially(TestNG.java:1244)
	at org.testng.TestNG.runSuitesLocally(TestNG.java:1169)
	at org.testng.TestNG.run(TestNG.java:1064)
	at org.testng.remote.AbstractRemoteTestNG.run(AbstractRemoteTestNG.java:115)
	at org.testng.remote.RemoteTestNG.initAndRun(RemoteTestNG.java:251)
	at org.testng.remote.RemoteTestNG.main(RemoteTestNG.java:77)
]]>
    </failure>
  </testcase> <!-- Validate_SafetyAndPreparednessCard_Call_Response -->
</testsuite> <!-- Default test -->
