<?xml version="1.0" encoding="UTF-8"?>
<!-- Generated by org.testng.reporters.JUnitXMLReporter -->
<testsuite hostname="Aswinikumars-MacBook-Pro.local" name="Test" tests="143" failures="12" timestamp="27 Mar 2022 14:33:19 GMT" time="3119.733" errors="0">
  <testcase name="preConditionsTest_for_GDPR" time="385.618" classname="twc.Automation.ExecutableTestCases.GDPR_Run"/>
  <testcase name="Verify_Lotame_Call_for_GDPR" time="1.679" classname="twc.Automation.ExecutableTestCases.GDPR_Run"/>
  <testcase name="Verify_LocationWFXTriggers_Call__for_GDPR" time="0.695" classname="twc.Automation.ExecutableTestCases.GDPR_Run"/>
  <testcase name="Verify_WFXTriggers_Call_privacy_for_GDPR" time="0.557" classname="twc.Automation.ExecutableTestCases.GDPR_Run"/>
  <testcase name="Verify_Amazon_Call" time="0.363" classname="twc.Automation.ExecutableTestCases.GDPR_Run"/>
  <testcase name="Verify_amazon_aax_feed1_adcall_for_GDPR" time="0.245" classname="twc.Automation.ExecutableTestCases.GDPR_Run"/>
  <testcase name="Verify_amazon_aax_feed2_adcall_for_GDPR" time="0.249" classname="twc.Automation.ExecutableTestCases.GDPR_Run"/>
  <testcase name="Verify_amazon_aax_feed3_adcall_for_GDPR" time="0.286" classname="twc.Automation.ExecutableTestCases.GDPR_Run"/>
  <testcase name="Verify_amazon_aax_PreRollVideo_adcall_for_GDPR" time="0.218" classname="twc.Automation.ExecutableTestCases.GDPR_Run"/>
  <testcase name="Verify_amazon_aax_map_details_adcall_for_GDPR" time="0.244" classname="twc.Automation.ExecutableTestCases.GDPR_Run"/>
  <testcase name="Verify_amazon_aax_Daily_details_adcall_for_GDPR" time="0.241" classname="twc.Automation.ExecutableTestCases.GDPR_Run"/>
  <testcase name="Verify_amazon_aax_Hourly1_details_adcall_for_GDPR" time="0.287" classname="twc.Automation.ExecutableTestCases.GDPR_Run"/>
  <testcase name="Verify_amazon_aax_Hourly2_details_adcall_for_GDPR" time="0.21" classname="twc.Automation.ExecutableTestCases.GDPR_Run"/>
  <testcase name="Verify_amazon_aax_Hourly3_details_adcall_for_GDPR" time="0.203" classname="twc.Automation.ExecutableTestCases.GDPR_Run"/>
  <testcase name="Verify_amazon_aax_Hourly_details_adcall_for_GDPR" time="0.238" classname="twc.Automation.ExecutableTestCases.GDPR_Run"/>
  <testcase name="validate_NextGen_IM_call_npa_val_for_GDPR" time="0.307" classname="twc.Automation.ExecutableTestCases.GDPR_Run"/>
  <testcase name="validate_Video_call_npa_val_for_GDPR" time="0.304" classname="twc.Automation.ExecutableTestCases.GDPR_Run"/>
  <testcase name="Smoke_Test_CaseVerify_Homescreen_marquee_adCall_GDPR" time="0.296" classname="twc.Automation.ExecutableTestCases.GDPR_Run"/>
  <testcase name="Smoke_Test_CaseVerify_Video_adCall_GDPR" time="0.338" classname="twc.Automation.ExecutableTestCases.GDPR_Run"/>
  <testcase name="Verify_Criteo_SDK_inapp_v2_Call_for_GDPR" time="0.322" classname="twc.Automation.ExecutableTestCases.GDPR_Run"/>
  <testcase name="Verify_Criteo_SDK_config_app_Call_for_GDPR" time="0.297" classname="twc.Automation.ExecutableTestCases.GDPR_Run"/>
  <testcase name="preConditionsTest_for_LGPD" time="420.34" classname="twc.Automation.ExecutableTestCases.LGPD_Run">
    <failure type="java.lang.NullPointerException">
      <![CDATA[java.lang.NullPointerException
	at java.io.File.<init>(File.java:277)
	at twc.Automation.HandleWithCharles.CharlesFunctions.archive_folder(CharlesFunctions.java:318)
	at twc.Automation.ExecutableTestCases.LGPD_Run.preConditionsTest_for_LGPD(LGPD_Run.java:110)
... Removed 24 stack frames]]>
    </failure>
  </testcase> <!-- preConditionsTest_for_LGPD -->
  <testcase name="Verify_Lotame_Call_for_LGPD" time="0.34" classname="twc.Automation.ExecutableTestCases.LGPD_Run"/>
  <testcase name="Verify_LocationWFXTriggers_Call__for_LGPD" time="0.353" classname="twc.Automation.ExecutableTestCases.LGPD_Run"/>
  <testcase name="Verify_WFXTriggers_Call_privacy_for_LGPD" time="0.257" classname="twc.Automation.ExecutableTestCases.LGPD_Run"/>
  <testcase name="Verify_Amazon_Call" time="0.286" classname="twc.Automation.ExecutableTestCases.LGPD_Run"/>
  <testcase name="Verify_amazon_aax_feed1_adcall_for_LGPD" time="0.256" classname="twc.Automation.ExecutableTestCases.LGPD_Run"/>
  <testcase name="Verify_amazon_aax_feed2_adcall_for_LGPD" time="0.225" classname="twc.Automation.ExecutableTestCases.LGPD_Run"/>
  <testcase name="Verify_amazon_aax_feed3_adcall_for_LGPD" time="0.216" classname="twc.Automation.ExecutableTestCases.LGPD_Run"/>
  <testcase name="Verify_amazon_aax_PreRollVideo_adcall_for_LGPD" time="0.244" classname="twc.Automation.ExecutableTestCases.LGPD_Run"/>
  <testcase name="Verify_amazon_aax_map_details_adcall_for_LGPD" time="0.209" classname="twc.Automation.ExecutableTestCases.LGPD_Run"/>
  <testcase name="Verify_amazon_aax_Daily_details_adcall_for_LGPD" time="0.206" classname="twc.Automation.ExecutableTestCases.LGPD_Run"/>
  <testcase name="Verify_amazon_aax_Hourly_details_adcall_for_LGPD" time="0.247" classname="twc.Automation.ExecutableTestCases.LGPD_Run"/>
  <testcase name="Verify_amazon_aax_Hourly1_details_adcall_for_LGPD" time="0.204" classname="twc.Automation.ExecutableTestCases.LGPD_Run"/>
  <testcase name="Verify_amazon_aax_Hourly2_details_adcall_for_LGPD" time="0.224" classname="twc.Automation.ExecutableTestCases.LGPD_Run"/>
  <testcase name="Verify_amazon_aax_Hourly3_details_adcall_for_LGPD" time="0.227" classname="twc.Automation.ExecutableTestCases.LGPD_Run"/>
  <testcase name="validate_NextGen_IM_call_npa_val_for_LGPD" time="0.247" classname="twc.Automation.ExecutableTestCases.LGPD_Run"/>
  <testcase name="validate_Video_call_npa_val_for_LGPD" time="0.293" classname="twc.Automation.ExecutableTestCases.LGPD_Run"/>
  <testcase name="Smoke_Test_CaseVerify_Homescreen_marquee_adCall_LGPD" time="0.311" classname="twc.Automation.ExecutableTestCases.LGPD_Run"/>
  <testcase name="Smoke_Test_CaseVerify_Video_adCall_LGPD" time="0.278" classname="twc.Automation.ExecutableTestCases.LGPD_Run"/>
  <testcase name="Verify_Criteo_SDK_inapp_v2_Call_for_LGPD" time="0.462" classname="twc.Automation.ExecutableTestCases.LGPD_Run"/>
  <testcase name="Verify_Criteo_SDK_config_app_Call_for_LGPD" time="0.321" classname="twc.Automation.ExecutableTestCases.LGPD_Run">
    <failure type="java.lang.NullPointerException">
      <![CDATA[java.lang.NullPointerException
	at java.io.File.<init>(File.java:277)
	at twc.Automation.HandleWithCharles.CharlesFunctions.archive_folder(CharlesFunctions.java:318)
	at twc.Automation.ExecutableTestCases.LGPD_Run.Verify_Criteo_SDK_config_app_Call_for_LGPD(LGPD_Run.java:356)
... Removed 24 stack frames]]>
    </failure>
  </testcase> <!-- Verify_Criteo_SDK_config_app_Call_for_LGPD -->
  <testcase name="preConditionsTest_for_LATAM_CO" time="418.786" classname="twc.Automation.ExecutableTestCases.LATAM_CO_Run">
    <failure type="java.lang.NullPointerException">
      <![CDATA[java.lang.NullPointerException
	at java.io.File.<init>(File.java:277)
	at twc.Automation.HandleWithCharles.CharlesFunctions.archive_folder(CharlesFunctions.java:318)
	at twc.Automation.ExecutableTestCases.LATAM_CO_Run.preConditionsTest_for_LATAM_CO(LATAM_CO_Run.java:108)
... Removed 24 stack frames]]>
    </failure>
  </testcase> <!-- preConditionsTest_for_LATAM_CO -->
  <testcase name="Verify_Lotame_Call_for_LATAM_CO" time="0.508" classname="twc.Automation.ExecutableTestCases.LATAM_CO_Run"/>
  <testcase name="Verify_LocationWFXTriggers_Call__for_LATAM_CO" time="0.257" classname="twc.Automation.ExecutableTestCases.LATAM_CO_Run"/>
  <testcase name="Verify_WFXTriggers_Call_privacy_for_LATAM_CO" time="0.298" classname="twc.Automation.ExecutableTestCases.LATAM_CO_Run"/>
  <testcase name="Verify_Amazon_Call" time="0.315" classname="twc.Automation.ExecutableTestCases.LATAM_CO_Run"/>
  <testcase name="Verify_amazon_aax_feed1_adcall_for_LATAM_CO" time="0.222" classname="twc.Automation.ExecutableTestCases.LATAM_CO_Run"/>
  <testcase name="Verify_amazon_aax_feed2_adcall_for_LATAM_CO" time="0.201" classname="twc.Automation.ExecutableTestCases.LATAM_CO_Run"/>
  <testcase name="Verify_amazon_aax_feed3_adcall_for_LATAM_CO" time="0.255" classname="twc.Automation.ExecutableTestCases.LATAM_CO_Run"/>
  <testcase name="Verify_amazon_aax_PreRollVideo_adcall_for_LATAM_CO" time="0.212" classname="twc.Automation.ExecutableTestCases.LATAM_CO_Run"/>
  <testcase name="Verify_amazon_aax_map_details_adcall_for_LATAM_CO" time="0.205" classname="twc.Automation.ExecutableTestCases.LATAM_CO_Run"/>
  <testcase name="Verify_amazon_aax_Daily_details_adcall_for_LATAM_CO" time="0.229" classname="twc.Automation.ExecutableTestCases.LATAM_CO_Run"/>
  <testcase name="Verify_amazon_aax_Hourly_details_adcall_for_LATAM_CO" time="0.206" classname="twc.Automation.ExecutableTestCases.LATAM_CO_Run"/>
  <testcase name="Verify_amazon_aax_Hourly1_details_adcall_for_LATAM_CO" time="0.243" classname="twc.Automation.ExecutableTestCases.LATAM_CO_Run"/>
  <testcase name="Verify_amazon_aax_Hourly2_details_adcall_for_LATAM_CO" time="0.216" classname="twc.Automation.ExecutableTestCases.LATAM_CO_Run"/>
  <testcase name="Verify_amazon_aax_Hourly3_details_adcall_for_LATAM_CO" time="0.211" classname="twc.Automation.ExecutableTestCases.LATAM_CO_Run"/>
  <testcase name="validate_NextGen_IM_call_npa_val_for_LATAM_CO" time="0.312" classname="twc.Automation.ExecutableTestCases.LATAM_CO_Run"/>
  <testcase name="validate_Video_call_npa_val_for_LATAM_CO" time="0.389" classname="twc.Automation.ExecutableTestCases.LATAM_CO_Run"/>
  <testcase name="Smoke_Test_CaseVerify_Homescreen_marquee_adCall_LATAM_CO" time="0.268" classname="twc.Automation.ExecutableTestCases.LATAM_CO_Run"/>
  <testcase name="Smoke_Test_CaseVerify_Video_adCall_LATAM_CO" time="0.29" classname="twc.Automation.ExecutableTestCases.LATAM_CO_Run"/>
  <testcase name="Verify_Criteo_SDK_inapp_v2_Call_for_LATAM_CO" time="0.348" classname="twc.Automation.ExecutableTestCases.LATAM_CO_Run"/>
  <testcase name="Verify_Criteo_SDK_config_app_Call_for_LATAM_CO" time="0.285" classname="twc.Automation.ExecutableTestCases.LATAM_CO_Run">
    <failure type="java.lang.NullPointerException">
      <![CDATA[java.lang.NullPointerException
	at java.io.File.<init>(File.java:277)
	at twc.Automation.HandleWithCharles.CharlesFunctions.archive_folder(CharlesFunctions.java:318)
	at twc.Automation.ExecutableTestCases.LATAM_CO_Run.Verify_Criteo_SDK_config_app_Call_for_LATAM_CO(LATAM_CO_Run.java:357)
... Removed 24 stack frames]]>
    </failure>
  </testcase> <!-- Verify_Criteo_SDK_config_app_Call_for_LATAM_CO -->
  <testcase name="preConditionsTest_for_LATAM_DR" time="417.024" classname="twc.Automation.ExecutableTestCases.LATAM_DR_Run">
    <failure type="java.lang.NullPointerException">
      <![CDATA[java.lang.NullPointerException
	at java.io.File.<init>(File.java:277)
	at twc.Automation.HandleWithCharles.CharlesFunctions.archive_folder(CharlesFunctions.java:318)
	at twc.Automation.ExecutableTestCases.LATAM_DR_Run.preConditionsTest_for_LATAM_DR(LATAM_DR_Run.java:110)
... Removed 24 stack frames]]>
    </failure>
  </testcase> <!-- preConditionsTest_for_LATAM_DR -->
  <testcase name="Verify_Lotame_Call_for_LATAM_DR" time="0.313" classname="twc.Automation.ExecutableTestCases.LATAM_DR_Run"/>
  <testcase name="Verify_LocationWFXTriggers_Call__for_LATAM_DR" time="0.315" classname="twc.Automation.ExecutableTestCases.LATAM_DR_Run"/>
  <testcase name="Verify_WFXTriggers_Call_privacy_for_LATAM_DR" time="0.267" classname="twc.Automation.ExecutableTestCases.LATAM_DR_Run"/>
  <testcase name="Verify_Amazon_Call" time="0.291" classname="twc.Automation.ExecutableTestCases.LATAM_DR_Run"/>
  <testcase name="Verify_amazon_aax_feed1_adcall_for_LATAM_DR" time="0.215" classname="twc.Automation.ExecutableTestCases.LATAM_DR_Run"/>
  <testcase name="Verify_amazon_aax_feed2_adcall_for_LATAM_DR" time="0.227" classname="twc.Automation.ExecutableTestCases.LATAM_DR_Run"/>
  <testcase name="Verify_amazon_aax_feed3_adcall_for_LATAM_DR" time="0.205" classname="twc.Automation.ExecutableTestCases.LATAM_DR_Run"/>
  <testcase name="Verify_amazon_aax_PreRollVideo_adcall_for_LATAM_DR" time="0.208" classname="twc.Automation.ExecutableTestCases.LATAM_DR_Run"/>
  <testcase name="Verify_amazon_aax_map_details_adcall_for_LATAM_DR" time="0.215" classname="twc.Automation.ExecutableTestCases.LATAM_DR_Run"/>
  <testcase name="Verify_amazon_aax_Daily_details_adcall_for_LATAM_DR" time="0.198" classname="twc.Automation.ExecutableTestCases.LATAM_DR_Run"/>
  <testcase name="Verify_amazon_aax_Hourly_details_adcall_for_LATAM_DR" time="0.243" classname="twc.Automation.ExecutableTestCases.LATAM_DR_Run"/>
  <testcase name="Verify_amazon_aax_Hourly1_details_adcall_for_LATAM_DR" time="0.215" classname="twc.Automation.ExecutableTestCases.LATAM_DR_Run"/>
  <testcase name="Verify_amazon_aax_Hourly2_details_adcall_for_LATAM_DR" time="0.207" classname="twc.Automation.ExecutableTestCases.LATAM_DR_Run"/>
  <testcase name="Verify_amazon_aax_Hourly3_details_adcall_for_LATAM_DR" time="0.239" classname="twc.Automation.ExecutableTestCases.LATAM_DR_Run"/>
  <testcase name="validate_NextGen_IM_call_npa_val_for_LATAM_DR" time="0.267" classname="twc.Automation.ExecutableTestCases.LATAM_DR_Run"/>
  <testcase name="validate_NextGen_IM_call_npa_val_for_LATAM_PE" time="0.34" classname="twc.Automation.ExecutableTestCases.LATAM_PE_Run"/>
  <testcase name="validate_Video_call_npa_val_for_LATAM_DR" time="0.306" classname="twc.Automation.ExecutableTestCases.LATAM_DR_Run"/>
  <testcase name="Smoke_Test_CaseVerify_Homescreen_marquee_adCall_LATAM_DR" time="0.286" classname="twc.Automation.ExecutableTestCases.LATAM_DR_Run"/>
  <testcase name="Smoke_Test_CaseVerify_Video_adCall_LATAM_DR" time="0.321" classname="twc.Automation.ExecutableTestCases.LATAM_DR_Run"/>
  <testcase name="Verify_Criteo_SDK_inapp_v2_Call_for_LATAM_DR" time="0.302" classname="twc.Automation.ExecutableTestCases.LATAM_DR_Run"/>
  <testcase name="Verify_Criteo_SDK_config_app_Call_for_LATAM_DR" time="0.279" classname="twc.Automation.ExecutableTestCases.LATAM_DR_Run">
    <failure type="java.lang.NullPointerException">
      <![CDATA[java.lang.NullPointerException
	at java.io.File.<init>(File.java:277)
	at twc.Automation.HandleWithCharles.CharlesFunctions.archive_folder(CharlesFunctions.java:318)
	at twc.Automation.ExecutableTestCases.LATAM_DR_Run.Verify_Criteo_SDK_config_app_Call_for_LATAM_DR(LATAM_DR_Run.java:360)
... Removed 24 stack frames]]>
    </failure>
  </testcase> <!-- Verify_Criteo_SDK_config_app_Call_for_LATAM_DR -->
  <testcase name="preConditionsTest_for_LATAM_PE" time="418.152" classname="twc.Automation.ExecutableTestCases.LATAM_PE_Run">
    <failure type="java.lang.NullPointerException">
      <![CDATA[java.lang.NullPointerException
	at java.io.File.<init>(File.java:277)
	at twc.Automation.HandleWithCharles.CharlesFunctions.archive_folder(CharlesFunctions.java:318)
	at twc.Automation.ExecutableTestCases.LATAM_PE_Run.preConditionsTest_for_LATAM_PE(LATAM_PE_Run.java:111)
... Removed 24 stack frames]]>
    </failure>
  </testcase> <!-- preConditionsTest_for_LATAM_PE -->
  <testcase name="Verify_Lotame_Call_for_LATAM_PE" time="0.566" classname="twc.Automation.ExecutableTestCases.LATAM_PE_Run"/>
  <testcase name="Verify_LocationWFXTriggers_Call__for_LATAM_PE" time="0.354" classname="twc.Automation.ExecutableTestCases.LATAM_PE_Run"/>
  <testcase name="Verify_WFXTriggers_Call_privacy_for_LATAM_PE" time="0.272" classname="twc.Automation.ExecutableTestCases.LATAM_PE_Run"/>
  <testcase name="Verify_Amazon_Call" time="0.312" classname="twc.Automation.ExecutableTestCases.LATAM_PE_Run"/>
  <testcase name="Verify_amazon_aax_feed1_adcall_for_LATAM_PE" time="0.226" classname="twc.Automation.ExecutableTestCases.LATAM_PE_Run"/>
  <testcase name="Verify_amazon_aax_feed2_adcall_for_LATAM_PE" time="0.205" classname="twc.Automation.ExecutableTestCases.LATAM_PE_Run"/>
  <testcase name="Verify_amazon_aax_feed3_adcall_for_LATAM_PE" time="0.235" classname="twc.Automation.ExecutableTestCases.LATAM_PE_Run"/>
  <testcase name="Verify_amazon_aax_PreRollVideo_adcall_for_LATAM_PE" time="0.212" classname="twc.Automation.ExecutableTestCases.LATAM_PE_Run"/>
  <testcase name="Verify_amazon_aax_map_details_adcall_for_LATAM_PE" time="0.215" classname="twc.Automation.ExecutableTestCases.LATAM_PE_Run"/>
  <testcase name="Verify_amazon_aax_Daily_details_adcall_for_LATAM_PE" time="0.246" classname="twc.Automation.ExecutableTestCases.LATAM_PE_Run"/>
  <testcase name="Verify_amazon_aax_Hourly_details_adcall_for_LATAM_PE" time="0.206" classname="twc.Automation.ExecutableTestCases.LATAM_PE_Run"/>
  <testcase name="Verify_amazon_aax_Hourly1_details_adcall_for_LATAM_PE" time="0.216" classname="twc.Automation.ExecutableTestCases.LATAM_PE_Run"/>
  <testcase name="Verify_amazon_aax_Hourly2_details_adcall_for_LATAM_PE" time="0.21" classname="twc.Automation.ExecutableTestCases.LATAM_PE_Run"/>
  <testcase name="Verify_amazon_aax_Hourly3_details_adcall_for_LATAM_PE" time="0.229" classname="twc.Automation.ExecutableTestCases.LATAM_PE_Run"/>
  <testcase name="validate_Video_call_npa_val_for_LATAM_PE" time="0.256" classname="twc.Automation.ExecutableTestCases.LATAM_PE_Run"/>
  <testcase name="Smoke_Test_CaseVerify_Homescreen_marquee_adCall_LATAM_PE" time="0.341" classname="twc.Automation.ExecutableTestCases.LATAM_PE_Run"/>
  <testcase name="Smoke_Test_CaseVerify_Video_adCall_LATAM_PE" time="0.269" classname="twc.Automation.ExecutableTestCases.LATAM_PE_Run"/>
  <testcase name="Verify_Criteo_SDK_inapp_v2_Call_for_LATAM_PE" time="0.302" classname="twc.Automation.ExecutableTestCases.LATAM_PE_Run"/>
  <testcase name="Verify_Criteo_SDK_config_app_Call_for_LATAM_PE" time="0.277" classname="twc.Automation.ExecutableTestCases.LATAM_PE_Run">
    <failure type="java.lang.NullPointerException">
      <![CDATA[java.lang.NullPointerException
	at java.io.File.<init>(File.java:277)
	at twc.Automation.HandleWithCharles.CharlesFunctions.archive_folder(CharlesFunctions.java:318)
	at twc.Automation.ExecutableTestCases.LATAM_PE_Run.Verify_Criteo_SDK_config_app_Call_for_LATAM_PE(LATAM_PE_Run.java:359)
... Removed 24 stack frames]]>
    </failure>
  </testcase> <!-- Verify_Criteo_SDK_config_app_Call_for_LATAM_PE -->
  <testcase name="preConditionsTest_for_EXEMPT" time="418.922" classname="twc.Automation.ExecutableTestCases.EXEMPT_Run">
    <failure type="java.lang.NullPointerException">
      <![CDATA[java.lang.NullPointerException
	at java.io.File.<init>(File.java:277)
	at twc.Automation.HandleWithCharles.CharlesFunctions.archive_folder(CharlesFunctions.java:318)
	at twc.Automation.ExecutableTestCases.EXEMPT_Run.preConditionsTest_for_EXEMPT(EXEMPT_Run.java:119)
... Removed 24 stack frames]]>
    </failure>
  </testcase> <!-- preConditionsTest_for_EXEMPT -->
  <testcase name="Verify_Lotame_Call_for_EXEMPT" time="0.3" classname="twc.Automation.ExecutableTestCases.EXEMPT_Run"/>
  <testcase name="Verify_LocationWFXTriggers_Call__for_EXEMPT" time="0.285" classname="twc.Automation.ExecutableTestCases.EXEMPT_Run"/>
  <testcase name="Verify_WFXTriggers_Call_privacy_for_EXEMPT" time="0.287" classname="twc.Automation.ExecutableTestCases.EXEMPT_Run"/>
  <testcase name="Verify_Amazon_Call" time="0.258" classname="twc.Automation.ExecutableTestCases.EXEMPT_Run"/>
  <testcase name="Verify_amazon_aax_feed1_adcall_for_EXEMPT" time="0.226" classname="twc.Automation.ExecutableTestCases.EXEMPT_Run"/>
  <testcase name="Verify_amazon_aax_feed2_adcall_for_EXEMPT" time="0.208" classname="twc.Automation.ExecutableTestCases.EXEMPT_Run"/>
  <testcase name="Verify_amazon_aax_feed3_adcall_for_EXEMPT" time="0.207" classname="twc.Automation.ExecutableTestCases.EXEMPT_Run"/>
  <testcase name="Verify_amazon_aax_PreRollVideo_adcall_for_EXEMPT" time="0.21" classname="twc.Automation.ExecutableTestCases.EXEMPT_Run"/>
  <testcase name="Verify_amazon_aax_map_details_adcall_for_EXEMPT" time="0.23" classname="twc.Automation.ExecutableTestCases.EXEMPT_Run"/>
  <testcase name="Verify_amazon_aax_Daily_details_adcall_for_EXEMPT" time="0.202" classname="twc.Automation.ExecutableTestCases.EXEMPT_Run"/>
  <testcase name="Verify_amazon_aax_Hourly_details_adcall_for_EXEMPT" time="0.208" classname="twc.Automation.ExecutableTestCases.EXEMPT_Run"/>
  <testcase name="Verify_amazon_aax_Hourly1_details_adcall_for_EXEMPT" time="0.21" classname="twc.Automation.ExecutableTestCases.EXEMPT_Run"/>
  <testcase name="Verify_amazon_aax_Hourly2_details_adcall_for_EXEMPT" time="0.23" classname="twc.Automation.ExecutableTestCases.EXEMPT_Run"/>
  <testcase name="Verify_amazon_aax_Hourly3_details_adcall_for_EXEMPT" time="0.215" classname="twc.Automation.ExecutableTestCases.EXEMPT_Run"/>
  <testcase name="Verify_Criteo_SDK_inapp_v2_Call_for_EXEMPT" time="0.246" classname="twc.Automation.ExecutableTestCases.EXEMPT_Run"/>
  <testcase name="Verify_Criteo_SDK_config_app_Call_for_EXEMPT" time="0.304" classname="twc.Automation.ExecutableTestCases.EXEMPT_Run">
    <failure type="java.lang.NullPointerException">
      <![CDATA[java.lang.NullPointerException
	at java.io.File.<init>(File.java:277)
	at twc.Automation.HandleWithCharles.CharlesFunctions.archive_folder(CharlesFunctions.java:318)
	at twc.Automation.ExecutableTestCases.EXEMPT_Run.Verify_Criteo_SDK_config_app_Call_for_EXEMPT(EXEMPT_Run.java:325)
... Removed 24 stack frames]]>
    </failure>
  </testcase> <!-- Verify_Criteo_SDK_config_app_Call_for_EXEMPT -->
  <testcase name="preConditionsTest_for_Serbia" time="390.312" classname="twc.Automation.ExecutableTestCases.SerbiaPrivacyTest">
    <failure type="java.lang.NullPointerException">
      <![CDATA[java.lang.NullPointerException
	at java.io.File.<init>(File.java:277)
	at twc.Automation.HandleWithCharles.CharlesFunctions.archive_folder(CharlesFunctions.java:318)
	at twc.Automation.ExecutableTestCases.SerbiaPrivacyTest.preConditionsTest_for_Serbia(SerbiaPrivacyTest.java:134)
... Removed 24 stack frames]]>
    </failure>
  </testcase> <!-- preConditionsTest_for_Serbia -->
  <testcase name="Verify_Lotame_Call_for_Serbia" time="0.35" classname="twc.Automation.ExecutableTestCases.SerbiaPrivacyTest"/>
  <testcase name="Verify_LocationWFXTriggers_Call__for_Serbia" time="0.415" classname="twc.Automation.ExecutableTestCases.SerbiaPrivacyTest"/>
  <testcase name="Verify_WFXTriggers_Call_privacy_for_Serbia" time="0.339" classname="twc.Automation.ExecutableTestCases.SerbiaPrivacyTest"/>
  <testcase name="Verify_Amazon_Call" time="0.296" classname="twc.Automation.ExecutableTestCases.SerbiaPrivacyTest"/>
  <testcase name="Verify_amazon_aax_feed1_adcall_for_Serbia" time="0.233" classname="twc.Automation.ExecutableTestCases.SerbiaPrivacyTest"/>
  <testcase name="Verify_amazon_aax_feed2_adcall_for_Serbia" time="0.253" classname="twc.Automation.ExecutableTestCases.SerbiaPrivacyTest"/>
  <testcase name="Verify_amazon_aax_feed3_adcall_for_Serbia" time="0.207" classname="twc.Automation.ExecutableTestCases.SerbiaPrivacyTest"/>
  <testcase name="Verify_amazon_aax_PreRollVideo_adcall_for_Serbia" time="0.216" classname="twc.Automation.ExecutableTestCases.SerbiaPrivacyTest"/>
  <testcase name="Verify_amazon_aax_map_details_adcall_for_Serbia" time="0.214" classname="twc.Automation.ExecutableTestCases.SerbiaPrivacyTest"/>
  <testcase name="Verify_amazon_aax_Daily_details_adcall_for_Serbia" time="0.225" classname="twc.Automation.ExecutableTestCases.SerbiaPrivacyTest"/>
  <testcase name="Verify_amazon_aax_Hourly1_details_adcall_for_Serbia" time="0.219" classname="twc.Automation.ExecutableTestCases.SerbiaPrivacyTest"/>
  <testcase name="Verify_amazon_aax_Hourly_details_adcall_for_Serbia" time="0.227" classname="twc.Automation.ExecutableTestCases.SerbiaPrivacyTest"/>
  <testcase name="Verify_amazon_aax_Hourly2_details_adcall_for_Serbia" time="0.22" classname="twc.Automation.ExecutableTestCases.SerbiaPrivacyTest"/>
  <testcase name="Verify_amazon_aax_Hourly3_details_adcall_for_Serbia" time="0.205" classname="twc.Automation.ExecutableTestCases.SerbiaPrivacyTest"/>
  <testcase name="validate_NextGen_IM_call_npa_val_for_Serbia" time="0.313" classname="twc.Automation.ExecutableTestCases.SerbiaPrivacyTest"/>
  <testcase name="validate_Video_call_npa_val_for_Serbia" time="0.301" classname="twc.Automation.ExecutableTestCases.SerbiaPrivacyTest"/>
  <testcase name="Smoke_Test_CaseVerify_Homescreen_marquee_adCall_Serbia" time="0.297" classname="twc.Automation.ExecutableTestCases.SerbiaPrivacyTest"/>
  <testcase name="Smoke_Test_CaseVerify_Video_adCall_Serbia" time="0.28" classname="twc.Automation.ExecutableTestCases.SerbiaPrivacyTest"/>
  <testcase name="Verify_Criteo_SDK_inapp_v2_Call_for_Serbia" time="0.278" classname="twc.Automation.ExecutableTestCases.SerbiaPrivacyTest"/>
  <testcase name="Verify_Criteo_SDK_config_app_Call_for_Serbia" time="0.292" classname="twc.Automation.ExecutableTestCases.SerbiaPrivacyTest">
    <failure type="java.lang.NullPointerException">
      <![CDATA[java.lang.NullPointerException
	at java.io.File.<init>(File.java:277)
	at twc.Automation.HandleWithCharles.CharlesFunctions.archive_folder(CharlesFunctions.java:318)
	at twc.Automation.ExecutableTestCases.SerbiaPrivacyTest.Verify_Criteo_SDK_config_app_Call_for_Serbia(SerbiaPrivacyTest.java:382)
... Removed 24 stack frames]]>
    </failure>
  </testcase> <!-- Verify_Criteo_SDK_config_app_Call_for_Serbia -->
</testsuite> <!-- Test -->
