{"uuid":"2f542d14-9dd7-4859-be8d-e9fea78e0e2f","name":"com.twc.ios.app.testcases.SmokeTest","children":["45a53d1f-e98c-465f-8a82-45ffed9e4479","467226d8-2180-447b-bb47-e0469b1ecd0c","67a6bce6-e741-4d91-b875-b6775a274b91","d68abeda-2690-424d-9f31-429777fc57eb","dedc7d7c-869c-433e-9639-61613b9ce87b","1c34bb9a-c898-41fc-8c33-aa4f1528c3d6"],"befores":[{"name":"beforeClass","status":"passed","stage":"finished","description":"BeforeClass","steps":[{"name":"****** Smoke Test Started","status":"passed","stage":"finished","steps":[],"attachments":[],"parameters":[{"name":"stepName","value":"****** Smoke Test Started"}],"start":1652784021563,"stop":1652784021565},{"name":"Starting Charles headless: false using port: 8111","status":"passed","stage":"finished","steps":[],"attachments":[],"parameters":[{"name":"stepName","value":"Starting Charles headless: false using port: 8111"}],"start":1652784021655,"stop":1652784021655},{"name":"Error while executing: http://control.charles","status":"passed","stage":"finished","steps":[],"attachments":[],"parameters":[{"name":"stepName","value":"Error while executing: http://control.charles"}],"start":1652784021663,"stop":1652784021663},{"name":"Error: Connection refused (Connection refused)","status":"passed","stage":"finished","steps":[],"attachments":[],"parameters":[{"name":"stepName","value":"Error: Connection refused (Connection refused)"}],"start":1652784021663,"stop":1652784021663},{"name":"input command /Applications/Charles.app/Contents/MacOS/Charles -config charles_common.config.port8111","status":"passed","stage":"finished","steps":[],"attachments":[],"parameters":[{"name":"stepName","value":"input command /Applications/Charles.app/Contents/MacOS/Charles -config charles_common.config.port8111"}],"start":1652784021665,"stop":1652784021665},{"name":"Url :http://control.charles Responded with status code : 200","status":"passed","stage":"finished","steps":[],"attachments":[],"parameters":[{"name":"stepName","value":"Url :http://control.charles Responded with status code : 200"}],"start":1652784051831,"stop":1652784051831},{"name":"Url :http://control.charles/tools/rewrite/disable Responded with status code : 200","status":"passed","stage":"finished","steps":[],"attachments":[],"parameters":[{"name":"stepName","value":"Url :http://control.charles/tools/rewrite/disable Responded with status code : 200"}],"start":1652784051839,"stop":1652784051839},{"name":"Url :http://control.charles/recording/stop Responded with status code : 200","status":"passed","stage":"finished","steps":[],"attachments":[],"parameters":[{"name":"stepName","value":"Url :http://control.charles/recording/stop Responded with status code : 200"}],"start":1652784051855,"stop":1652784051855},{"name":"Url :http://control.charles/tools/map-local/disable Responded with status code : 200","status":"passed","stage":"finished","steps":[],"attachments":[],"parameters":[{"name":"stepName","value":"Url :http://control.charles/tools/map-local/disable Responded with status code : 200"}],"start":1652784051864,"stop":1652784051864}],"attachments":[],"parameters":[],"start":1652784021535,"stop":1652784051866}],"afters":[{"name":"afterClass","status":"broken","statusDetails":{"known":false,"muted":false,"flaky":false,"message":"An element could not be located on the page using the given search parameters.\nFor documentation on this error, please visit: https://www.seleniumhq.org/exceptions/no_such_element.html\nBuild info: version: '3.141.59', revision: 'e82be7d358', time: '2018-11-14T08:17:03'\nSystem info: host: 'Aswinikumars-MacBook-Pro.local', ip: '2401:4900:1c27:8049:591d:8894:1741:4e0e%en0', os.name: 'Mac OS X', os.arch: 'x86_64', os.version: '10.16', java.version: '1.8.0_311'\nDriver info: io.appium.java_client.ios.IOSDriver\nCapabilities {appPackage: com.weather.TWC, appium-version: 1.18.3, autoLaunch: true, automationName: XCUITest, browserName: , bundleId: com.weather.TWC, clearSystemFiles: true, databaseEnabled: false, device: iPhone, deviceName: =iPhone13, forceIphone: true, javascriptEnabled: true, launchTimeout: 60000, locationContextEnabled: false, networkConnectionEnabled: false, newCommandTimeout: 7200, noReset: true, platform: MAC, platformName: iOS, platformVersion: 15.2, realDeviceLogger: /Users/apple/node_modules/d..., takesScreenshot: true, udid: 00008110-000239112661801E, useNewWDA: true, wdaLocalPort: 7403, webStorageEnabled: false, xcodeConfigfile: /Applications/Appium.app/Co...}\nSession ID: caa8b091-7ccf-42a7-9a12-e618a5595bb3\n*** Element info: {Using=xpath, value=(//XCUIElementTypeButton[@name='close_menu_button'])[1]}","trace":"org.openqa.selenium.NoSuchElementException: An element could not be located on the page using the given search parameters.\nFor documentation on this error, please visit: https://www.seleniumhq.org/exceptions/no_such_element.html\nBuild info: version: '3.141.59', revision: 'e82be7d358', time: '2018-11-14T08:17:03'\nSystem info: host: 'Aswinikumars-MacBook-Pro.local', ip: '2401:4900:1c27:8049:591d:8894:1741:4e0e%en0', os.name: 'Mac OS X', os.arch: 'x86_64', os.version: '10.16', java.version: '1.8.0_311'\nDriver info: io.appium.java_client.ios.IOSDriver\nCapabilities {appPackage: com.weather.TWC, appium-version: 1.18.3, autoLaunch: true, automationName: XCUITest, browserName: , bundleId: com.weather.TWC, clearSystemFiles: true, databaseEnabled: false, device: iPhone, deviceName: =iPhone13, forceIphone: true, javascriptEnabled: true, launchTimeout: 60000, locationContextEnabled: false, networkConnectionEnabled: false, newCommandTimeout: 7200, noReset: true, platform: MAC, platformName: iOS, platformVersion: 15.2, realDeviceLogger: /Users/apple/node_modules/d..., takesScreenshot: true, udid: 00008110-000239112661801E, useNewWDA: true, wdaLocalPort: 7403, webStorageEnabled: false, xcodeConfigfile: /Applications/Appium.app/Co...}\nSession ID: caa8b091-7ccf-42a7-9a12-e618a5595bb3\n*** Element info: {Using=xpath, value=(//XCUIElementTypeButton[@name='close_menu_button'])[1]}\n\tat sun.reflect.NativeConstructorAccessorImpl.newInstance0(Native Method)\n\tat sun.reflect.NativeConstructorAccessorImpl.newInstance(NativeConstructorAccessorImpl.java:62)\n\tat sun.reflect.DelegatingConstructorAccessorImpl.newInstance(DelegatingConstructorAccessorImpl.java:45)\n\tat java.lang.reflect.Constructor.newInstance(Constructor.java:423)\n\tat org.openqa.selenium.remote.http.W3CHttpResponseCodec.createException(W3CHttpResponseCodec.java:187)\n\tat org.openqa.selenium.remote.http.W3CHttpResponseCodec.decode(W3CHttpResponseCodec.java:122)\n\tat org.openqa.selenium.remote.http.W3CHttpResponseCodec.decode(W3CHttpResponseCodec.java:49)\n\tat org.openqa.selenium.remote.HttpCommandExecutor.execute(HttpCommandExecutor.java:158)\n\tat io.appium.java_client.remote.AppiumCommandExecutor.execute(AppiumCommandExecutor.java:239)\n\tat org.openqa.selenium.remote.RemoteWebDriver.execute(RemoteWebDriver.java:552)\n\tat io.appium.java_client.DefaultGenericMobileDriver.execute(DefaultGenericMobileDriver.java:41)\n\tat io.appium.java_client.AppiumDriver.execute(AppiumDriver.java:1)\n\tat io.appium.java_client.ios.IOSDriver.execute(IOSDriver.java:1)\n\tat org.openqa.selenium.remote.RemoteWebDriver.findElement(RemoteWebDriver.java:323)\n\tat io.appium.java_client.DefaultGenericMobileDriver.findElement(DefaultGenericMobileDriver.java:61)\n\tat io.appium.java_client.AppiumDriver.findElement(AppiumDriver.java:1)\n\tat io.appium.java_client.ios.IOSDriver.findElement(IOSDriver.java:1)\n\tat org.openqa.selenium.remote.RemoteWebDriver.findElementByXPath(RemoteWebDriver.java:428)\n\tat io.appium.java_client.DefaultGenericMobileDriver.findElementByXPath(DefaultGenericMobileDriver.java:151)\n\tat io.appium.java_client.AppiumDriver.findElementByXPath(AppiumDriver.java:1)\n\tat io.appium.java_client.ios.IOSDriver.findElementByXPath(IOSDriver.java:1)\n\tat org.openqa.selenium.By$ByXPath.findElement(By.java:353)\n\tat org.openqa.selenium.remote.RemoteWebDriver.findElement(RemoteWebDriver.java:315)\n\tat io.appium.java_client.DefaultGenericMobileDriver.findElement(DefaultGenericMobileDriver.java:57)\n\tat io.appium.java_client.AppiumDriver.findElement(AppiumDriver.java:1)\n\tat io.appium.java_client.ios.IOSDriver.findElement(IOSDriver.java:1)\n\tat com.twc.ios.app.pages.SettingsScreen.getAppVersion(SettingsScreen.java:126)\n\tat com.twc.ios.app.testcases.SmokeTest.afterClass(SmokeTest.java:84)\n\tat sun.reflect.NativeMethodAccessorImpl.invoke0(Native Method)\n\tat sun.reflect.NativeMethodAccessorImpl.invoke(NativeMethodAccessorImpl.java:62)\n\tat sun.reflect.DelegatingMethodAccessorImpl.invoke(DelegatingMethodAccessorImpl.java:43)\n\tat java.lang.reflect.Method.invoke(Method.java:498)\n\tat org.testng.internal.MethodInvocationHelper.invokeMethod(MethodInvocationHelper.java:86)\n\tat org.testng.internal.Invoker.invokeConfigurationMethod(Invoker.java:514)\n\tat org.testng.internal.Invoker.invokeConfigurations(Invoker.java:215)\n\tat org.testng.internal.Invoker.invokeConfigurations(Invoker.java:142)\n\tat org.testng.internal.TestMethodWorker.invokeAfterClassMethods(TestMethodWorker.java:232)\n\tat org.testng.internal.TestMethodWorker.run(TestMethodWorker.java:115)\n\tat org.testng.TestRunner.privateRun(TestRunner.java:782)\n\tat org.testng.TestRunner.run(TestRunner.java:632)\n\tat org.testng.SuiteRunner.runTest(SuiteRunner.java:366)\n\tat org.testng.SuiteRunner.runSequentially(SuiteRunner.java:361)\n\tat org.testng.SuiteRunner.privateRun(SuiteRunner.java:319)\n\tat org.testng.SuiteRunner.run(SuiteRunner.java:268)\n\tat org.testng.SuiteRunnerWorker.runSuite(SuiteRunnerWorker.java:52)\n\tat org.testng.SuiteRunnerWorker.run(SuiteRunnerWorker.java:86)\n\tat org.testng.TestNG.runSuitesSequentially(TestNG.java:1244)\n\tat org.testng.TestNG.runSuitesLocally(TestNG.java:1169)\n\tat org.testng.TestNG.run(TestNG.java:1064)\n\tat org.testng.remote.AbstractRemoteTestNG.run(AbstractRemoteTestNG.java:115)\n\tat org.testng.remote.RemoteTestNG.initAndRun(RemoteTestNG.java:251)\n\tat org.testng.remote.RemoteTestNG.main(RemoteTestNG.java:77)\n"},"stage":"finished","description":"AfterClass","steps":[{"name":"****** After Class Started","status":"passed","stage":"finished","steps":[],"attachments":[],"parameters":[{"name":"stepName","value":"****** After Class Started"}],"start":1652784219491,"stop":1652784219492},{"name":"Get App version under About This App and writes it to JenkinsEmailConfig.Properties file","status":"broken","statusDetails":{"known":false,"muted":false,"flaky":false,"message":"An element could not be located on the page using the given search parameters.\nFor documentation on this error, please visit: https://www.seleniumhq.org/exceptions/no_such_element.html\nBuild info: version: '3.141.59', revision: 'e82be7d358', time: '2018-11-14T08:17:03'\nSystem info: host: 'Aswinikumars-MacBook-Pro.local', ip: '2401:4900:1c27:8049:591d:8894:1741:4e0e%en0', os.name: 'Mac OS X', os.arch: 'x86_64', os.version: '10.16', java.version: '1.8.0_311'\nDriver info: io.appium.java_client.ios.IOSDriver\nCapabilities {appPackage: com.weather.TWC, appium-version: 1.18.3, autoLaunch: true, automationName: XCUITest, browserName: , bundleId: com.weather.TWC, clearSystemFiles: true, databaseEnabled: false, device: iPhone, deviceName: =iPhone13, forceIphone: true, javascriptEnabled: true, launchTimeout: 60000, locationContextEnabled: false, networkConnectionEnabled: false, newCommandTimeout: 7200, noReset: true, platform: MAC, platformName: iOS, platformVersion: 15.2, realDeviceLogger: /Users/apple/node_modules/d..., takesScreenshot: true, udid: 00008110-000239112661801E, useNewWDA: true, wdaLocalPort: 7403, webStorageEnabled: false, xcodeConfigfile: /Applications/Appium.app/Co...}\nSession ID: caa8b091-7ccf-42a7-9a12-e618a5595bb3\n*** Element info: {Using=xpath, value=(//XCUIElementTypeButton[@name='close_menu_button'])[1]}","trace":"org.openqa.selenium.NoSuchElementException: An element could not be located on the page using the given search parameters.\nFor documentation on this error, please visit: https://www.seleniumhq.org/exceptions/no_such_element.html\nBuild info: version: '3.141.59', revision: 'e82be7d358', time: '2018-11-14T08:17:03'\nSystem info: host: 'Aswinikumars-MacBook-Pro.local', ip: '2401:4900:1c27:8049:591d:8894:1741:4e0e%en0', os.name: 'Mac OS X', os.arch: 'x86_64', os.version: '10.16', java.version: '1.8.0_311'\nDriver info: io.appium.java_client.ios.IOSDriver\nCapabilities {appPackage: com.weather.TWC, appium-version: 1.18.3, autoLaunch: true, automationName: XCUITest, browserName: , bundleId: com.weather.TWC, clearSystemFiles: true, databaseEnabled: false, device: iPhone, deviceName: =iPhone13, forceIphone: true, javascriptEnabled: true, launchTimeout: 60000, locationContextEnabled: false, networkConnectionEnabled: false, newCommandTimeout: 7200, noReset: true, platform: MAC, platformName: iOS, platformVersion: 15.2, realDeviceLogger: /Users/apple/node_modules/d..., takesScreenshot: true, udid: 00008110-000239112661801E, useNewWDA: true, wdaLocalPort: 7403, webStorageEnabled: false, xcodeConfigfile: /Applications/Appium.app/Co...}\nSession ID: caa8b091-7ccf-42a7-9a12-e618a5595bb3\n*** Element info: {Using=xpath, value=(//XCUIElementTypeButton[@name='close_menu_button'])[1]}\n\tat sun.reflect.NativeConstructorAccessorImpl.newInstance0(Native Method)\n\tat sun.reflect.NativeConstructorAccessorImpl.newInstance(NativeConstructorAccessorImpl.java:62)\n\tat sun.reflect.DelegatingConstructorAccessorImpl.newInstance(DelegatingConstructorAccessorImpl.java:45)\n\tat java.lang.reflect.Constructor.newInstance(Constructor.java:423)\n\tat org.openqa.selenium.remote.http.W3CHttpResponseCodec.createException(W3CHttpResponseCodec.java:187)\n\tat org.openqa.selenium.remote.http.W3CHttpResponseCodec.decode(W3CHttpResponseCodec.java:122)\n\tat org.openqa.selenium.remote.http.W3CHttpResponseCodec.decode(W3CHttpResponseCodec.java:49)\n\tat org.openqa.selenium.remote.HttpCommandExecutor.execute(HttpCommandExecutor.java:158)\n\tat io.appium.java_client.remote.AppiumCommandExecutor.execute(AppiumCommandExecutor.java:239)\n\tat org.openqa.selenium.remote.RemoteWebDriver.execute(RemoteWebDriver.java:552)\n\tat io.appium.java_client.DefaultGenericMobileDriver.execute(DefaultGenericMobileDriver.java:41)\n\tat io.appium.java_client.AppiumDriver.execute(AppiumDriver.java:1)\n\tat io.appium.java_client.ios.IOSDriver.execute(IOSDriver.java:1)\n\tat org.openqa.selenium.remote.RemoteWebDriver.findElement(RemoteWebDriver.java:323)\n\tat io.appium.java_client.DefaultGenericMobileDriver.findElement(DefaultGenericMobileDriver.java:61)\n\tat io.appium.java_client.AppiumDriver.findElement(AppiumDriver.java:1)\n\tat io.appium.java_client.ios.IOSDriver.findElement(IOSDriver.java:1)\n\tat org.openqa.selenium.remote.RemoteWebDriver.findElementByXPath(RemoteWebDriver.java:428)\n\tat io.appium.java_client.DefaultGenericMobileDriver.findElementByXPath(DefaultGenericMobileDriver.java:151)\n\tat io.appium.java_client.AppiumDriver.findElementByXPath(AppiumDriver.java:1)\n\tat io.appium.java_client.ios.IOSDriver.findElementByXPath(IOSDriver.java:1)\n\tat org.openqa.selenium.By$ByXPath.findElement(By.java:353)\n\tat org.openqa.selenium.remote.RemoteWebDriver.findElement(RemoteWebDriver.java:315)\n\tat io.appium.java_client.DefaultGenericMobileDriver.findElement(DefaultGenericMobileDriver.java:57)\n\tat io.appium.java_client.AppiumDriver.findElement(AppiumDriver.java:1)\n\tat io.appium.java_client.ios.IOSDriver.findElement(IOSDriver.java:1)\n\tat com.twc.ios.app.pages.SettingsScreen.getAppVersion(SettingsScreen.java:126)\n\tat com.twc.ios.app.testcases.SmokeTest.afterClass(SmokeTest.java:84)\n\tat sun.reflect.NativeMethodAccessorImpl.invoke0(Native Method)\n\tat sun.reflect.NativeMethodAccessorImpl.invoke(NativeMethodAccessorImpl.java:62)\n\tat sun.reflect.DelegatingMethodAccessorImpl.invoke(DelegatingMethodAccessorImpl.java:43)\n\tat java.lang.reflect.Method.invoke(Method.java:498)\n\tat org.testng.internal.MethodInvocationHelper.invokeMethod(MethodInvocationHelper.java:86)\n\tat org.testng.internal.Invoker.invokeConfigurationMethod(Invoker.java:514)\n\tat org.testng.internal.Invoker.invokeConfigurations(Invoker.java:215)\n\tat org.testng.internal.Invoker.invokeConfigurations(Invoker.java:142)\n\tat org.testng.internal.TestMethodWorker.invokeAfterClassMethods(TestMethodWorker.java:232)\n\tat org.testng.internal.TestMethodWorker.run(TestMethodWorker.java:115)\n\tat org.testng.TestRunner.privateRun(TestRunner.java:782)\n\tat org.testng.TestRunner.run(TestRunner.java:632)\n\tat org.testng.SuiteRunner.runTest(SuiteRunner.java:366)\n\tat org.testng.SuiteRunner.runSequentially(SuiteRunner.java:361)\n\tat org.testng.SuiteRunner.privateRun(SuiteRunner.java:319)\n\tat org.testng.SuiteRunner.run(SuiteRunner.java:268)\n\tat org.testng.SuiteRunnerWorker.runSuite(SuiteRunnerWorker.java:52)\n\tat org.testng.SuiteRunnerWorker.run(SuiteRunnerWorker.java:86)\n\tat org.testng.TestNG.runSuitesSequentially(TestNG.java:1244)\n\tat org.testng.TestNG.runSuitesLocally(TestNG.java:1169)\n\tat org.testng.TestNG.run(TestNG.java:1064)\n\tat org.testng.remote.AbstractRemoteTestNG.run(AbstractRemoteTestNG.java:115)\n\tat org.testng.remote.RemoteTestNG.initAndRun(RemoteTestNG.java:251)\n\tat org.testng.remote.RemoteTestNG.main(RemoteTestNG.java:77)\n"},"stage":"finished","steps":[{"name":"Clicking on About Label Element","status":"passed","stage":"finished","steps":[],"attachments":[],"parameters":[{"name":"stepName","value":"Clicking on About Label Element"}],"start":1652784240968,"stop":1652784240968},{"name":"Clicking on Settings Back Button Element","status":"passed","stage":"finished","steps":[],"attachments":[],"parameters":[{"name":"stepName","value":"Clicking on Settings Back Button Element"}],"start":1652784245677,"stop":1652784245677},{"name":"Scroll / Pull to refresh done","status":"passed","stage":"finished","steps":[],"attachments":[],"parameters":[{"name":"stepName","value":"Scroll / Pull to refresh done"}],"start":1652784252377,"stop":1652784252377}],"attachments":[],"parameters":[],"start":1652784228702,"stop":1652784262693}],"attachments":[],"parameters":[],"start":1652784219491,"stop":1652784262694}],"links":[],"start":1652784021514,"stop":1652784262903}