<?xml version="1.0" encoding="UTF-8"?>
<testng-results skipped="0" failed="4" total="101" passed="97">
  <reporter-output>
  </reporter-output>
  <suite name="Default suite" duration-ms="13459462" started-at="2022-04-26T12:09:22Z" finished-at="2022-04-26T15:53:41Z">
    <groups>
    </groups>
    <test name="Default test" duration-ms="13459462" started-at="2022-04-26T12:09:22Z" finished-at="2022-04-26T15:53:41Z">
      <class name="com.twc.ios.app.testcases.RegressionTest">
        <test-method status="PASS" signature="beforeClass()[pri:0, instance:com.twc.ios.app.testcases.RegressionTest@a10c1b5]" name="beforeClass" is-config="true" duration-ms="30635" started-at="2022-04-26T17:39:22Z" finished-at="2022-04-26T17:39:53Z">
          <reporter-output>
          </reporter-output>
        </test-method> <!-- beforeClass -->
        <test-method status="PASS" signature="beforeTest()[pri:0, instance:com.twc.ios.app.testcases.RegressionTest@a10c1b5]" name="beforeTest" duration-ms="570400" started-at="2022-04-26T17:39:53Z" finished-at="2022-04-26T17:49:23Z">
          <reporter-output>
          </reporter-output>
        </test-method> <!-- beforeTest -->
        <test-method status="PASS" signature="kill_and_Launch_app_for_aax_calls()[pri:50, instance:com.twc.ios.app.testcases.RegressionTest@a10c1b5]" name="kill_and_Launch_app_for_aax_calls" duration-ms="185176" started-at="2022-04-26T17:49:23Z" finished-at="2022-04-26T17:52:28Z">
          <reporter-output>
          </reporter-output>
        </test-method> <!-- kill_and_Launch_app_for_aax_calls -->
        <test-method status="PASS" signature="Verify_amazon_aax_preload_homescreen_adhesive_adcall()[pri:51, instance:com.twc.ios.app.testcases.RegressionTest@a10c1b5]" name="Verify_amazon_aax_preload_homescreen_adhesive_adcall" duration-ms="565" started-at="2022-04-26T17:52:28Z" finished-at="2022-04-26T17:52:29Z">
          <reporter-output>
          </reporter-output>
        </test-method> <!-- Verify_amazon_aax_preload_homescreen_adhesive_adcall -->
        <test-method status="PASS" signature="Verify_amazon_aax_preload_feed1_adcall()[pri:52, instance:com.twc.ios.app.testcases.RegressionTest@a10c1b5]" name="Verify_amazon_aax_preload_feed1_adcall" duration-ms="456" started-at="2022-04-26T17:52:29Z" finished-at="2022-04-26T17:52:29Z">
          <reporter-output>
          </reporter-output>
        </test-method> <!-- Verify_amazon_aax_preload_feed1_adcall -->
        <test-method status="PASS" signature="Verify_amazon_aax_preload_feed2_adcall()[pri:53, instance:com.twc.ios.app.testcases.RegressionTest@a10c1b5]" name="Verify_amazon_aax_preload_feed2_adcall" duration-ms="499" started-at="2022-04-26T17:52:29Z" finished-at="2022-04-26T17:52:30Z">
          <reporter-output>
          </reporter-output>
        </test-method> <!-- Verify_amazon_aax_preload_feed2_adcall -->
        <test-method status="PASS" signature="Verify_amazon_aax_preload_feed3_adcall()[pri:54, instance:com.twc.ios.app.testcases.RegressionTest@a10c1b5]" name="Verify_amazon_aax_preload_feed3_adcall" duration-ms="405" started-at="2022-04-26T17:52:30Z" finished-at="2022-04-26T17:52:30Z">
          <reporter-output>
          </reporter-output>
        </test-method> <!-- Verify_amazon_aax_preload_feed3_adcall -->
        <test-method status="PASS" signature="Verify_amazon_aax_preload_feed4_adcall()[pri:55, instance:com.twc.ios.app.testcases.RegressionTest@a10c1b5]" name="Verify_amazon_aax_preload_feed4_adcall" duration-ms="368" started-at="2022-04-26T17:52:30Z" finished-at="2022-04-26T17:52:31Z">
          <reporter-output>
          </reporter-output>
        </test-method> <!-- Verify_amazon_aax_preload_feed4_adcall -->
        <test-method status="PASS" signature="Verify_amazon_aax_preload_PreRollVideo_adcall()[pri:57, instance:com.twc.ios.app.testcases.RegressionTest@a10c1b5]" name="Verify_amazon_aax_preload_PreRollVideo_adcall" duration-ms="478" started-at="2022-04-26T17:52:31Z" finished-at="2022-04-26T17:52:31Z">
          <reporter-output>
          </reporter-output>
        </test-method> <!-- Verify_amazon_aax_preload_PreRollVideo_adcall -->
        <test-method status="PASS" signature="Verify_amazon_aax_preload_map_details_adcall()[pri:58, instance:com.twc.ios.app.testcases.RegressionTest@a10c1b5]" name="Verify_amazon_aax_preload_map_details_adcall" duration-ms="387" started-at="2022-04-26T17:52:31Z" finished-at="2022-04-26T17:52:31Z">
          <reporter-output>
          </reporter-output>
        </test-method> <!-- Verify_amazon_aax_preload_map_details_adcall -->
        <test-method status="PASS" signature="Verify_amazon_aax_preload_Daily_details_adcall()[pri:59, instance:com.twc.ios.app.testcases.RegressionTest@a10c1b5]" name="Verify_amazon_aax_preload_Daily_details_adcall" duration-ms="455" started-at="2022-04-26T17:52:31Z" finished-at="2022-04-26T17:52:32Z">
          <reporter-output>
          </reporter-output>
        </test-method> <!-- Verify_amazon_aax_preload_Daily_details_adcall -->
        <test-method status="PASS" signature="Verify_amazon_aax_preload_Hourly_details_adcall()[pri:60, instance:com.twc.ios.app.testcases.RegressionTest@a10c1b5]" name="Verify_amazon_aax_preload_Hourly_details_adcall" duration-ms="336" started-at="2022-04-26T17:52:32Z" finished-at="2022-04-26T17:52:32Z">
          <reporter-output>
          </reporter-output>
        </test-method> <!-- Verify_amazon_aax_preload_Hourly_details_adcall -->
        <test-method status="PASS" signature="Verify_amazon_aax_preload_Hourly_bigad_adcall()[pri:61, instance:com.twc.ios.app.testcases.RegressionTest@a10c1b5]" name="Verify_amazon_aax_preload_Hourly_bigad_adcall" duration-ms="519" started-at="2022-04-26T17:52:32Z" finished-at="2022-04-26T17:52:33Z">
          <reporter-output>
          </reporter-output>
        </test-method> <!-- Verify_amazon_aax_preload_Hourly_bigad_adcall -->
        <test-method status="PASS" signature="Verify_amazon_aax_preload_Covid_details_adcall()[pri:62, instance:com.twc.ios.app.testcases.RegressionTest@a10c1b5]" name="Verify_amazon_aax_preload_Covid_details_adcall" duration-ms="348" started-at="2022-04-26T17:52:33Z" finished-at="2022-04-26T17:52:33Z">
          <reporter-output>
          </reporter-output>
        </test-method> <!-- Verify_amazon_aax_preload_Covid_details_adcall -->
        <test-method status="PASS" signature="Validate_Amazon_SDK_adsdk_parameter()[pri:65, instance:com.twc.ios.app.testcases.RegressionTest@a10c1b5]" name="Validate_Amazon_SDK_adsdk_parameter" duration-ms="826" started-at="2022-04-26T17:52:33Z" finished-at="2022-04-26T17:52:34Z">
          <reporter-output>
          </reporter-output>
        </test-method> <!-- Validate_Amazon_SDK_adsdk_parameter -->
        <test-method status="PASS" signature="Validate_GMA_SDK_version()[pri:70, instance:com.twc.ios.app.testcases.RegressionTest@a10c1b5]" name="Validate_GMA_SDK_version" duration-ms="383" started-at="2022-04-26T17:52:34Z" finished-at="2022-04-26T17:52:34Z">
          <reporter-output>
          </reporter-output>
        </test-method> <!-- Validate_GMA_SDK_version -->
        <test-method status="PASS" signature="Verify_Criteo_SDK_inapp_v2_Call()[pri:75, instance:com.twc.ios.app.testcases.RegressionTest@a10c1b5]" name="Verify_Criteo_SDK_inapp_v2_Call" duration-ms="374" started-at="2022-04-26T17:52:34Z" finished-at="2022-04-26T17:52:35Z">
          <reporter-output>
          </reporter-output>
        </test-method> <!-- Verify_Criteo_SDK_inapp_v2_Call -->
        <test-method status="PASS" signature="Verify_Criteo_SDK_config_app_Call()[pri:76, instance:com.twc.ios.app.testcases.RegressionTest@a10c1b5]" name="Verify_Criteo_SDK_config_app_Call" duration-ms="360" started-at="2022-04-26T17:52:35Z" finished-at="2022-04-26T17:52:35Z">
          <reporter-output>
          </reporter-output>
        </test-method> <!-- Verify_Criteo_SDK_config_app_Call -->
        <test-method status="PASS" signature="Validate_Criteo_SDK_config_app_Call_cpId_parameter()[pri:77, instance:com.twc.ios.app.testcases.RegressionTest@a10c1b5]" name="Validate_Criteo_SDK_config_app_Call_cpId_parameter" duration-ms="776" started-at="2022-04-26T17:52:35Z" finished-at="2022-04-26T17:52:36Z">
          <reporter-output>
          </reporter-output>
        </test-method> <!-- Validate_Criteo_SDK_config_app_Call_cpId_parameter -->
        <test-method status="PASS" signature="Validate_Criteo_SDK_config_app_Call_bundleId_parameter()[pri:78, instance:com.twc.ios.app.testcases.RegressionTest@a10c1b5]" name="Validate_Criteo_SDK_config_app_Call_bundleId_parameter" duration-ms="732" started-at="2022-04-26T17:52:36Z" finished-at="2022-04-26T17:52:37Z">
          <reporter-output>
          </reporter-output>
        </test-method> <!-- Validate_Criteo_SDK_config_app_Call_bundleId_parameter -->
        <test-method status="PASS" signature="Validate_Criteo_SDK_config_app_Call_sdkVersion_parameter()[pri:79, instance:com.twc.ios.app.testcases.RegressionTest@a10c1b5]" name="Validate_Criteo_SDK_config_app_Call_sdkVersion_parameter" duration-ms="722" started-at="2022-04-26T17:52:37Z" finished-at="2022-04-26T17:52:37Z">
          <reporter-output>
          </reporter-output>
        </test-method> <!-- Validate_Criteo_SDK_config_app_Call_sdkVersion_parameter -->
        <test-method status="PASS" signature="Validate_Criteo_SDK_Bidder_API_Call_Response_Code()[pri:81, instance:com.twc.ios.app.testcases.RegressionTest@a10c1b5]" name="Validate_Criteo_SDK_Bidder_API_Call_Response_Code" duration-ms="689" started-at="2022-04-26T17:52:37Z" finished-at="2022-04-26T17:52:38Z">
          <reporter-output>
          </reporter-output>
        </test-method> <!-- Validate_Criteo_SDK_Bidder_API_Call_Response_Code -->
        <test-method status="PASS" signature="Validate_Criteo_SDK_Initialization_API_Call_Response_Code()[pri:82, instance:com.twc.ios.app.testcases.RegressionTest@a10c1b5]" name="Validate_Criteo_SDK_Initialization_API_Call_Response_Code" duration-ms="674" started-at="2022-04-26T17:52:38Z" finished-at="2022-04-26T17:52:39Z">
          <reporter-output>
          </reporter-output>
        </test-method> <!-- Validate_Criteo_SDK_Initialization_API_Call_Response_Code -->
        <test-method status="PASS" signature="Validate_Criteo_SDK_Initialization_API_Call_Response_Parameter_csmEnabled()[pri:83, instance:com.twc.ios.app.testcases.RegressionTest@a10c1b5]" name="Validate_Criteo_SDK_Initialization_API_Call_Response_Parameter_csmEnabled" duration-ms="693" started-at="2022-04-26T17:52:39Z" finished-at="2022-04-26T17:52:39Z">
          <reporter-output>
          </reporter-output>
        </test-method> <!-- Validate_Criteo_SDK_Initialization_API_Call_Response_Parameter_csmEnabled -->
        <test-method status="PASS" signature="Validate_Criteo_SDK_Initialization_API_Call_Response_Parameter_liveBiddingEnabled()[pri:84, instance:com.twc.ios.app.testcases.RegressionTest@a10c1b5]" name="Validate_Criteo_SDK_Initialization_API_Call_Response_Parameter_liveBiddingEnabled" duration-ms="753" started-at="2022-04-26T17:52:39Z" finished-at="2022-04-26T17:52:40Z">
          <reporter-output>
          </reporter-output>
        </test-method> <!-- Validate_Criteo_SDK_Initialization_API_Call_Response_Parameter_liveBiddingEnabled -->
        <test-method status="PASS" signature="Validate_Criteo_SDK_Initialization_API_Call_Response_Parameter_prefetchOnInitEnabled()[pri:86, instance:com.twc.ios.app.testcases.RegressionTest@a10c1b5]" name="Validate_Criteo_SDK_Initialization_API_Call_Response_Parameter_prefetchOnInitEnabled" duration-ms="685" started-at="2022-04-26T17:52:40Z" finished-at="2022-04-26T17:52:41Z">
          <reporter-output>
          </reporter-output>
        </test-method> <!-- Validate_Criteo_SDK_Initialization_API_Call_Response_Parameter_prefetchOnInitEnabled -->
        <test-method status="PASS" signature="Validate_Criteo_SDK_Initialization_API_Call_Response_Parameter_remoteLogLevel()[pri:87, instance:com.twc.ios.app.testcases.RegressionTest@a10c1b5]" name="Validate_Criteo_SDK_Initialization_API_Call_Response_Parameter_remoteLogLevel" duration-ms="689" started-at="2022-04-26T17:52:41Z" finished-at="2022-04-26T17:52:42Z">
          <reporter-output>
          </reporter-output>
        </test-method> <!-- Validate_Criteo_SDK_Initialization_API_Call_Response_Parameter_remoteLogLevel -->
        <test-method status="PASS" signature="Verify_video_adcall_iu()[pri:250, instance:com.twc.ios.app.testcases.RegressionTest@a10c1b5]" name="Verify_video_adcall_iu" duration-ms="52026" started-at="2022-04-26T17:52:42Z" finished-at="2022-04-26T17:53:34Z">
          <reporter-output>
          </reporter-output>
        </test-method> <!-- Verify_video_adcall_iu -->
        <test-method status="PASS" signature="Validate_IMA_SDK_version()[pri:251, instance:com.twc.ios.app.testcases.RegressionTest@a10c1b5]" name="Validate_IMA_SDK_version" duration-ms="108" started-at="2022-04-26T17:53:34Z" finished-at="2022-04-26T17:53:34Z">
          <reporter-output>
          </reporter-output>
        </test-method> <!-- Validate_IMA_SDK_version -->
        <test-method status="PASS" signature="validate_Privacy_card_and_Options()[pri:325, instance:com.twc.ios.app.testcases.RegressionTest@a10c1b5]" name="validate_Privacy_card_and_Options" duration-ms="93551" started-at="2022-04-26T17:53:34Z" finished-at="2022-04-26T17:55:07Z">
          <reporter-output>
          </reporter-output>
        </test-method> <!-- validate_Privacy_card_and_Options -->
        <test-method status="PASS" signature="enable_PreConfiguration_for_servere1_BreakingNewsCard()[pri:350, instance:com.twc.ios.app.testcases.RegressionTest@a10c1b5]" name="enable_PreConfiguration_for_servere1_BreakingNewsCard" duration-ms="660151" started-at="2022-04-26T17:55:07Z" finished-at="2022-04-26T18:06:07Z">
          <reporter-output>
          </reporter-output>
        </test-method> <!-- enable_PreConfiguration_for_servere1_BreakingNewsCard -->
        <test-method status="PASS" signature="Verify_BreakingNews_Severe1_AdCall()[pri:351, instance:com.twc.ios.app.testcases.RegressionTest@a10c1b5]" name="Verify_BreakingNews_Severe1_AdCall" duration-ms="903" started-at="2022-04-26T18:06:07Z" finished-at="2022-04-26T18:06:08Z">
          <reporter-output>
          </reporter-output>
        </test-method> <!-- Verify_BreakingNews_Severe1_AdCall -->
        <test-method status="PASS" signature="Validate_BreakingNews_Severe1_bn_Custom_param()[pri:352, instance:com.twc.ios.app.testcases.RegressionTest@a10c1b5]" name="Validate_BreakingNews_Severe1_bn_Custom_param" duration-ms="580" started-at="2022-04-26T18:06:08Z" finished-at="2022-04-26T18:06:09Z">
          <reporter-output>
          </reporter-output>
        </test-method> <!-- Validate_BreakingNews_Severe1_bn_Custom_param -->
        <test-method status="PASS" signature="Validate_BreakingNews_Severe1_pos_Custom_param()[pri:353, instance:com.twc.ios.app.testcases.RegressionTest@a10c1b5]" name="Validate_BreakingNews_Severe1_pos_Custom_param" duration-ms="596" started-at="2022-04-26T18:06:09Z" finished-at="2022-04-26T18:06:09Z">
          <reporter-output>
          </reporter-output>
        </test-method> <!-- Validate_BreakingNews_Severe1_pos_Custom_param -->
        <test-method status="PASS" signature="Verify_BreakingNews_Video1_Severe1_AdCall()[pri:361, instance:com.twc.ios.app.testcases.RegressionTest@a10c1b5]" name="Verify_BreakingNews_Video1_Severe1_AdCall" duration-ms="38794" started-at="2022-04-26T18:06:09Z" finished-at="2022-04-26T18:06:48Z">
          <reporter-output>
          </reporter-output>
        </test-method> <!-- Verify_BreakingNews_Video1_Severe1_AdCall -->
        <test-method status="PASS" signature="Validate_BreakingNews_Video1_Severe1_bn_Custom_param()[pri:362, instance:com.twc.ios.app.testcases.RegressionTest@a10c1b5]" name="Validate_BreakingNews_Video1_Severe1_bn_Custom_param" duration-ms="23" started-at="2022-04-26T18:06:48Z" finished-at="2022-04-26T18:06:48Z">
          <reporter-output>
          </reporter-output>
        </test-method> <!-- Validate_BreakingNews_Video1_Severe1_bn_Custom_param -->
        <test-method status="PASS" signature="Validate_BreakingNews_Video1_Severe1_ref_Custom_param()[pri:363, instance:com.twc.ios.app.testcases.RegressionTest@a10c1b5]" name="Validate_BreakingNews_Video1_Severe1_ref_Custom_param" duration-ms="23" started-at="2022-04-26T18:06:48Z" finished-at="2022-04-26T18:06:48Z">
          <reporter-output>
          </reporter-output>
        </test-method> <!-- Validate_BreakingNews_Video1_Severe1_ref_Custom_param -->
        <test-method status="PASS" signature="enable_PreConfiguration_for_servere2_BreakingNewsCard()[pri:375, instance:com.twc.ios.app.testcases.RegressionTest@a10c1b5]" name="enable_PreConfiguration_for_servere2_BreakingNewsCard" duration-ms="650557" started-at="2022-04-26T18:06:48Z" finished-at="2022-04-26T18:17:39Z">
          <reporter-output>
          </reporter-output>
        </test-method> <!-- enable_PreConfiguration_for_servere2_BreakingNewsCard -->
        <test-method status="PASS" signature="Verify_BreakingNews_Severe2_AdCall()[pri:376, instance:com.twc.ios.app.testcases.RegressionTest@a10c1b5]" name="Verify_BreakingNews_Severe2_AdCall" duration-ms="892" started-at="2022-04-26T18:17:39Z" finished-at="2022-04-26T18:17:40Z">
          <reporter-output>
          </reporter-output>
        </test-method> <!-- Verify_BreakingNews_Severe2_AdCall -->
        <test-method status="PASS" signature="Validate_BreakingNews_Severe2_bn_Custom_param()[pri:377, instance:com.twc.ios.app.testcases.RegressionTest@a10c1b5]" name="Validate_BreakingNews_Severe2_bn_Custom_param" duration-ms="968" started-at="2022-04-26T18:17:40Z" finished-at="2022-04-26T18:17:41Z">
          <reporter-output>
          </reporter-output>
        </test-method> <!-- Validate_BreakingNews_Severe2_bn_Custom_param -->
        <test-method status="PASS" signature="Validate_BreakingNews_Severe2_pos_Custom_param()[pri:378, instance:com.twc.ios.app.testcases.RegressionTest@a10c1b5]" name="Validate_BreakingNews_Severe2_pos_Custom_param" duration-ms="1136" started-at="2022-04-26T18:17:41Z" finished-at="2022-04-26T18:17:42Z">
          <reporter-output>
          </reporter-output>
        </test-method> <!-- Validate_BreakingNews_Severe2_pos_Custom_param -->
        <test-method status="PASS" signature="Verify_BreakingNews_Video1_Severe2_AdCall()[pri:381, instance:com.twc.ios.app.testcases.RegressionTest@a10c1b5]" name="Verify_BreakingNews_Video1_Severe2_AdCall" duration-ms="39101" started-at="2022-04-26T18:17:42Z" finished-at="2022-04-26T18:18:21Z">
          <reporter-output>
          </reporter-output>
        </test-method> <!-- Verify_BreakingNews_Video1_Severe2_AdCall -->
        <test-method status="PASS" signature="Validate_BreakingNews_Video1_Severe2_bn_Custom_param()[pri:382, instance:com.twc.ios.app.testcases.RegressionTest@a10c1b5]" name="Validate_BreakingNews_Video1_Severe2_bn_Custom_param" duration-ms="43" started-at="2022-04-26T18:18:21Z" finished-at="2022-04-26T18:18:21Z">
          <reporter-output>
          </reporter-output>
        </test-method> <!-- Validate_BreakingNews_Video1_Severe2_bn_Custom_param -->
        <test-method status="PASS" signature="Validate_BreakingNews_Video1_Severe2_ref_Custom_param()[pri:383, instance:com.twc.ios.app.testcases.RegressionTest@a10c1b5]" name="Validate_BreakingNews_Video1_Severe2_ref_Custom_param" duration-ms="43" started-at="2022-04-26T18:18:21Z" finished-at="2022-04-26T18:18:21Z">
          <reporter-output>
          </reporter-output>
        </test-method> <!-- Validate_BreakingNews_Video1_Severe2_ref_Custom_param -->
        <test-method status="PASS" signature="enable_PreConfiguration_for_servere1_EditorialVideoHeadlineCard_BreakingNewsCard()[pri:400, instance:com.twc.ios.app.testcases.RegressionTest@a10c1b5]" name="enable_PreConfiguration_for_servere1_EditorialVideoHeadlineCard_BreakingNewsCard" duration-ms="502832" started-at="2022-04-26T18:18:21Z" finished-at="2022-04-26T18:26:44Z">
          <reporter-output>
          </reporter-output>
        </test-method> <!-- enable_PreConfiguration_for_servere1_EditorialVideoHeadlineCard_BreakingNewsCard -->
        <test-method status="PASS" signature="Verify_Editorial_Video_Headline_Card_Breaking_News_Card_Video1_Severe1_AdCalls()[pri:401, instance:com.twc.ios.app.testcases.RegressionTest@a10c1b5]" name="Verify_Editorial_Video_Headline_Card_Breaking_News_Card_Video1_Severe1_AdCalls" duration-ms="25921" started-at="2022-04-26T18:26:44Z" finished-at="2022-04-26T18:27:10Z">
          <reporter-output>
          </reporter-output>
        </test-method> <!-- Verify_Editorial_Video_Headline_Card_Breaking_News_Card_Video1_Severe1_AdCalls -->
        <test-method status="PASS" signature="Validate_Editorial_Video_Headline_Card_Breaking_News_Card_Video1_Severe1_ref_Custom_params()[pri:402, instance:com.twc.ios.app.testcases.RegressionTest@a10c1b5]" name="Validate_Editorial_Video_Headline_Card_Breaking_News_Card_Video1_Severe1_ref_Custom_params" duration-ms="92" started-at="2022-04-26T18:27:10Z" finished-at="2022-04-26T18:27:10Z">
          <reporter-output>
          </reporter-output>
        </test-method> <!-- Validate_Editorial_Video_Headline_Card_Breaking_News_Card_Video1_Severe1_ref_Custom_params -->
        <test-method status="PASS" signature="enable_PreConfiguration_for_servere2_EditorialVideoHeadlineCard_BreakingNewsCard()[pri:425, instance:com.twc.ios.app.testcases.RegressionTest@a10c1b5]" name="enable_PreConfiguration_for_servere2_EditorialVideoHeadlineCard_BreakingNewsCard" duration-ms="468657" started-at="2022-04-26T18:27:10Z" finished-at="2022-04-26T18:34:59Z">
          <reporter-output>
          </reporter-output>
        </test-method> <!-- enable_PreConfiguration_for_servere2_EditorialVideoHeadlineCard_BreakingNewsCard -->
        <test-method status="PASS" signature="Verify_Editorial_Video_Headline_Card_Breaking_News_Card_Video1_Severe2_AdCalls()[pri:426, instance:com.twc.ios.app.testcases.RegressionTest@a10c1b5]" name="Verify_Editorial_Video_Headline_Card_Breaking_News_Card_Video1_Severe2_AdCalls" duration-ms="25347" started-at="2022-04-26T18:34:59Z" finished-at="2022-04-26T18:35:24Z">
          <reporter-output>
          </reporter-output>
        </test-method> <!-- Verify_Editorial_Video_Headline_Card_Breaking_News_Card_Video1_Severe2_AdCalls -->
        <test-method status="PASS" signature="Validate_Editorial_Video_Headline_Card_Breaking_News_Card_Video1_Severe2_ref_Custom_params()[pri:427, instance:com.twc.ios.app.testcases.RegressionTest@a10c1b5]" name="Validate_Editorial_Video_Headline_Card_Breaking_News_Card_Video1_Severe2_ref_Custom_params" duration-ms="39" started-at="2022-04-26T18:35:24Z" finished-at="2022-04-26T18:35:24Z">
          <reporter-output>
          </reporter-output>
        </test-method> <!-- Validate_Editorial_Video_Headline_Card_Breaking_News_Card_Video1_Severe2_ref_Custom_params -->
        <test-method status="PASS" signature="Validate_NextGenIM_StaticAd()[pri:601, instance:com.twc.ios.app.testcases.RegressionTest@a10c1b5]" name="Validate_NextGenIM_StaticAd" duration-ms="392419" started-at="2022-04-26T18:35:24Z" finished-at="2022-04-26T18:41:56Z">
          <reporter-output>
          </reporter-output>
        </test-method> <!-- Validate_NextGenIM_StaticAd -->
        <test-method status="PASS" signature="Validate_NextGenIM_StaticAd_response()[pri:602, instance:com.twc.ios.app.testcases.RegressionTest@a10c1b5]" name="Validate_NextGenIM_StaticAd_response" duration-ms="11351" started-at="2022-04-26T18:41:56Z" finished-at="2022-04-26T18:42:08Z">
          <reporter-output>
          </reporter-output>
        </test-method> <!-- Validate_NextGenIM_StaticAd_response -->
        <test-method status="PASS" signature="Validate_NextGenIM_StaticAd_bgAssetCall()[pri:603, instance:com.twc.ios.app.testcases.RegressionTest@a10c1b5]" name="Validate_NextGenIM_StaticAd_bgAssetCall" duration-ms="394" started-at="2022-04-26T18:42:08Z" finished-at="2022-04-26T18:42:08Z">
          <reporter-output>
          </reporter-output>
        </test-method> <!-- Validate_NextGenIM_StaticAd_bgAssetCall -->
        <test-method status="PASS" signature="Validate_NextGenIM_StaticAd_fgAssetCall()[pri:604, instance:com.twc.ios.app.testcases.RegressionTest@a10c1b5]" name="Validate_NextGenIM_StaticAd_fgAssetCall" duration-ms="406" started-at="2022-04-26T18:42:08Z" finished-at="2022-04-26T18:42:09Z">
          <reporter-output>
          </reporter-output>
        </test-method> <!-- Validate_NextGenIM_StaticAd_fgAssetCall -->
        <test-method status="PASS" signature="Validate_NextGenIM_StaticAd_Size()[pri:605, instance:com.twc.ios.app.testcases.RegressionTest@a10c1b5]" name="Validate_NextGenIM_StaticAd_Size" duration-ms="380" started-at="2022-04-26T18:42:09Z" finished-at="2022-04-26T18:42:09Z">
          <reporter-output>
          </reporter-output>
        </test-method> <!-- Validate_NextGenIM_StaticAd_Size -->
        <test-method status="PASS" signature="Validate_NextGenIM_VideoAd()[pri:611, instance:com.twc.ios.app.testcases.RegressionTest@a10c1b5]" name="Validate_NextGenIM_VideoAd" duration-ms="134067" started-at="2022-04-26T18:42:09Z" finished-at="2022-04-26T18:44:23Z">
          <reporter-output>
          </reporter-output>
        </test-method> <!-- Validate_NextGenIM_VideoAd -->
        <test-method status="PASS" signature="Validate_NextGenIM_VideoAd_response()[pri:612, instance:com.twc.ios.app.testcases.RegressionTest@a10c1b5]" name="Validate_NextGenIM_VideoAd_response" duration-ms="11351" started-at="2022-04-26T18:44:23Z" finished-at="2022-04-26T18:44:34Z">
          <reporter-output>
          </reporter-output>
        </test-method> <!-- Validate_NextGenIM_VideoAd_response -->
        <test-method status="PASS" signature="Validate_NextGenIM_VideoAd_bgAssetCall()[pri:613, instance:com.twc.ios.app.testcases.RegressionTest@a10c1b5]" name="Validate_NextGenIM_VideoAd_bgAssetCall" duration-ms="201" started-at="2022-04-26T18:44:34Z" finished-at="2022-04-26T18:44:35Z">
          <reporter-output>
          </reporter-output>
        </test-method> <!-- Validate_NextGenIM_VideoAd_bgAssetCall -->
        <test-method status="PASS" signature="Validate_NextGenIM_VideoAd_Size()[pri:615, instance:com.twc.ios.app.testcases.RegressionTest@a10c1b5]" name="Validate_NextGenIM_VideoAd_Size" duration-ms="277" started-at="2022-04-26T18:44:35Z" finished-at="2022-04-26T18:44:35Z">
          <reporter-output>
          </reporter-output>
        </test-method> <!-- Validate_NextGenIM_VideoAd_Size -->
        <test-method status="PASS" signature="Validate_TapabilityOfHomeScreenStickyTestAd()[pri:651, instance:com.twc.ios.app.testcases.RegressionTest@a10c1b5]" name="Validate_TapabilityOfHomeScreenStickyTestAd" duration-ms="112992" started-at="2022-04-26T18:44:35Z" finished-at="2022-04-26T18:46:28Z">
          <reporter-output>
          </reporter-output>
        </test-method> <!-- Validate_TapabilityOfHomeScreenStickyTestAd -->
        <test-method status="PASS" signature="Validate_TapabilityOfDailyNavTabTestAd()[pri:652, instance:com.twc.ios.app.testcases.RegressionTest@a10c1b5]" name="Validate_TapabilityOfDailyNavTabTestAd" duration-ms="120570" started-at="2022-04-26T18:46:28Z" finished-at="2022-04-26T18:48:28Z">
          <reporter-output>
          </reporter-output>
        </test-method> <!-- Validate_TapabilityOfDailyNavTabTestAd -->
        <test-method status="PASS" signature="Validate_TapabilityOfRadarNavTabTestAd()[pri:653, instance:com.twc.ios.app.testcases.RegressionTest@a10c1b5]" name="Validate_TapabilityOfRadarNavTabTestAd" duration-ms="154164" started-at="2022-04-26T18:48:28Z" finished-at="2022-04-26T18:51:03Z">
          <reporter-output>
          </reporter-output>
        </test-method> <!-- Validate_TapabilityOfRadarNavTabTestAd -->
        <test-method status="PASS" signature="Validate_IDD_Ad()[pri:701, instance:com.twc.ios.app.testcases.RegressionTest@a10c1b5]" name="Validate_IDD_Ad" duration-ms="1007639" started-at="2022-04-26T18:51:03Z" finished-at="2022-04-26T19:07:50Z">
          <reporter-output>
          </reporter-output>
        </test-method> <!-- Validate_IDD_Ad -->
        <test-method status="PASS" signature="Validate_IDD_Ad_response()[pri:702, instance:com.twc.ios.app.testcases.RegressionTest@a10c1b5]" name="Validate_IDD_Ad_response" duration-ms="11410" started-at="2022-04-26T19:07:50Z" finished-at="2022-04-26T19:08:02Z">
          <reporter-output>
          </reporter-output>
        </test-method> <!-- Validate_IDD_Ad_response -->
        <test-method status="PASS" signature="Validate_IDD_StaticAd_bgAssetCall()[pri:703, instance:com.twc.ios.app.testcases.RegressionTest@a10c1b5]" name="Validate_IDD_StaticAd_bgAssetCall" duration-ms="229" started-at="2022-04-26T19:08:02Z" finished-at="2022-04-26T19:08:02Z">
          <reporter-output>
          </reporter-output>
        </test-method> <!-- Validate_IDD_StaticAd_bgAssetCall -->
        <test-method status="PASS" signature="Validate_IDD_StaticAd_fgAssetCall()[pri:704, instance:com.twc.ios.app.testcases.RegressionTest@a10c1b5]" name="Validate_IDD_StaticAd_fgAssetCall" duration-ms="234" started-at="2022-04-26T19:08:02Z" finished-at="2022-04-26T19:08:02Z">
          <reporter-output>
          </reporter-output>
        </test-method> <!-- Validate_IDD_StaticAd_fgAssetCall -->
        <test-method status="PASS" signature="Validate_IDD_Ad_Size()[pri:705, instance:com.twc.ios.app.testcases.RegressionTest@a10c1b5]" name="Validate_IDD_Ad_Size" duration-ms="282" started-at="2022-04-26T19:08:02Z" finished-at="2022-04-26T19:08:02Z">
          <reporter-output>
          </reporter-output>
        </test-method> <!-- Validate_IDD_Ad_Size -->
        <test-method status="PASS" signature="Validate_Integrated_FeedCard_StaticAd()[pri:751, instance:com.twc.ios.app.testcases.RegressionTest@a10c1b5]" name="Validate_Integrated_FeedCard_StaticAd" duration-ms="833399" started-at="2022-04-26T19:08:02Z" finished-at="2022-04-26T19:21:56Z">
          <reporter-output>
          </reporter-output>
        </test-method> <!-- Validate_Integrated_FeedCard_StaticAd -->
        <test-method status="PASS" signature="Validate_Integrated_FeedCard_StaticAd_response()[pri:752, instance:com.twc.ios.app.testcases.RegressionTest@a10c1b5]" name="Validate_Integrated_FeedCard_StaticAd_response" duration-ms="11802" started-at="2022-04-26T19:21:56Z" finished-at="2022-04-26T19:22:08Z">
          <reporter-output>
          </reporter-output>
        </test-method> <!-- Validate_Integrated_FeedCard_StaticAd_response -->
        <test-method status="PASS" signature="Validate_Integrated_FeedCard_StaticAd_bgAssetCall()[pri:753, instance:com.twc.ios.app.testcases.RegressionTest@a10c1b5]" name="Validate_Integrated_FeedCard_StaticAd_bgAssetCall" duration-ms="535" started-at="2022-04-26T19:22:08Z" finished-at="2022-04-26T19:22:08Z">
          <reporter-output>
          </reporter-output>
        </test-method> <!-- Validate_Integrated_FeedCard_StaticAd_bgAssetCall -->
        <test-method status="PASS" signature="Validate_Integrated_FeedCard_StaticAd_fgAssetCall()[pri:754, instance:com.twc.ios.app.testcases.RegressionTest@a10c1b5]" name="Validate_Integrated_FeedCard_StaticAd_fgAssetCall" duration-ms="588" started-at="2022-04-26T19:22:08Z" finished-at="2022-04-26T19:22:09Z">
          <reporter-output>
          </reporter-output>
        </test-method> <!-- Validate_Integrated_FeedCard_StaticAd_fgAssetCall -->
        <test-method status="PASS" signature="Validate_Integrated_FeedCard_StaticAd_Size()[pri:755, instance:com.twc.ios.app.testcases.RegressionTest@a10c1b5]" name="Validate_Integrated_FeedCard_StaticAd_Size" duration-ms="529" started-at="2022-04-26T19:22:09Z" finished-at="2022-04-26T19:22:09Z">
          <reporter-output>
          </reporter-output>
        </test-method> <!-- Validate_Integrated_FeedCard_StaticAd_Size -->
        <test-method status="PASS" signature="Validate_Integrated_FeedCard_VideoAd()[pri:761, instance:com.twc.ios.app.testcases.RegressionTest@a10c1b5]" name="Validate_Integrated_FeedCard_VideoAd" duration-ms="384305" started-at="2022-04-26T19:22:09Z" finished-at="2022-04-26T19:28:34Z">
          <reporter-output>
          </reporter-output>
        </test-method> <!-- Validate_Integrated_FeedCard_VideoAd -->
        <test-method status="PASS" signature="Validate_Integrated_FeedCard_VideoAd_response()[pri:762, instance:com.twc.ios.app.testcases.RegressionTest@a10c1b5]" name="Validate_Integrated_FeedCard_VideoAd_response" duration-ms="11086" started-at="2022-04-26T19:28:34Z" finished-at="2022-04-26T19:28:45Z">
          <reporter-output>
          </reporter-output>
        </test-method> <!-- Validate_Integrated_FeedCard_VideoAd_response -->
        <test-method status="FAIL" signature="Validate_Integrated_FeedCard_VideoAd_bgAssetCall()[pri:763, instance:com.twc.ios.app.testcases.RegressionTest@a10c1b5]" name="Validate_Integrated_FeedCard_VideoAd_bgAssetCall" duration-ms="225" started-at="2022-04-26T19:28:45Z" finished-at="2022-04-26T19:28:45Z">
          <exception class="java.lang.AssertionError">
            <message>
              <![CDATA[-bg Asset Call is not present in Charles session]]>
            </message>
            <full-stacktrace>
              <![CDATA[java.lang.AssertionError: -bg Asset Call is not present in Charles session
	at org.testng.Assert.fail(Assert.java:94)
	at com.twc.ios.app.general.Utils.verifyAssetCallWithHostandPath(Utils.java:10959)
	at com.twc.ios.app.testcases.RegressionTest.Validate_Integrated_FeedCard_VideoAd_bgAssetCall(RegressionTest.java:1317)
	at sun.reflect.NativeMethodAccessorImpl.invoke0(Native Method)
	at sun.reflect.NativeMethodAccessorImpl.invoke(NativeMethodAccessorImpl.java:62)
	at sun.reflect.DelegatingMethodAccessorImpl.invoke(DelegatingMethodAccessorImpl.java:43)
	at java.lang.reflect.Method.invoke(Method.java:498)
	at org.testng.internal.MethodInvocationHelper.invokeMethod(MethodInvocationHelper.java:86)
	at org.testng.internal.Invoker.invokeMethod(Invoker.java:643)
	at org.testng.internal.Invoker.invokeTestMethod(Invoker.java:820)
	at org.testng.internal.Invoker.invokeTestMethods(Invoker.java:1128)
	at org.testng.internal.TestMethodWorker.invokeTestMethods(TestMethodWorker.java:129)
	at org.testng.internal.TestMethodWorker.run(TestMethodWorker.java:112)
	at org.testng.TestRunner.privateRun(TestRunner.java:782)
	at org.testng.TestRunner.run(TestRunner.java:632)
	at org.testng.SuiteRunner.runTest(SuiteRunner.java:366)
	at org.testng.SuiteRunner.runSequentially(SuiteRunner.java:361)
	at org.testng.SuiteRunner.privateRun(SuiteRunner.java:319)
	at org.testng.SuiteRunner.run(SuiteRunner.java:268)
	at org.testng.SuiteRunnerWorker.runSuite(SuiteRunnerWorker.java:52)
	at org.testng.SuiteRunnerWorker.run(SuiteRunnerWorker.java:86)
	at org.testng.TestNG.runSuitesSequentially(TestNG.java:1244)
	at org.testng.TestNG.runSuitesLocally(TestNG.java:1169)
	at org.testng.TestNG.run(TestNG.java:1064)
	at org.testng.remote.AbstractRemoteTestNG.run(AbstractRemoteTestNG.java:115)
	at org.testng.remote.RemoteTestNG.initAndRun(RemoteTestNG.java:251)
	at org.testng.remote.RemoteTestNG.main(RemoteTestNG.java:77)
]]>
            </full-stacktrace>
          </exception> <!-- java.lang.AssertionError -->
          <reporter-output>
          </reporter-output>
        </test-method> <!-- Validate_Integrated_FeedCard_VideoAd_bgAssetCall -->
        <test-method status="PASS" signature="Validate_Integrated_FeedCard_VideoAd_Size()[pri:765, instance:com.twc.ios.app.testcases.RegressionTest@a10c1b5]" name="Validate_Integrated_FeedCard_VideoAd_Size" duration-ms="226" started-at="2022-04-26T19:28:45Z" finished-at="2022-04-26T19:28:45Z">
          <reporter-output>
          </reporter-output>
        </test-method> <!-- Validate_Integrated_FeedCard_VideoAd_Size -->
        <test-method status="FAIL" signature="Verify_interstitial_ads_hourlyTab()[pri:801, instance:com.twc.ios.app.testcases.RegressionTest@a10c1b5]" name="Verify_interstitial_ads_hourlyTab" duration-ms="602187" started-at="2022-04-26T19:28:45Z" finished-at="2022-04-26T19:38:47Z">
          <exception class="java.lang.AssertionError">
            <message>
              <![CDATA[Interstitial Ad call not generated after 1 min, no need to perform further checks]]>
            </message>
            <full-stacktrace>
              <![CDATA[java.lang.AssertionError: Interstitial Ad call not generated after 1 min, no need to perform further checks
	at org.testng.Assert.fail(Assert.java:94)
	at com.twc.ios.app.general.Utils.assertinterStitialAd(Utils.java:4778)
	at com.twc.ios.app.testcases.RegressionTest.Verify_interstitial_ads_hourlyTab(RegressionTest.java:1371)
	at sun.reflect.NativeMethodAccessorImpl.invoke0(Native Method)
	at sun.reflect.NativeMethodAccessorImpl.invoke(NativeMethodAccessorImpl.java:62)
	at sun.reflect.DelegatingMethodAccessorImpl.invoke(DelegatingMethodAccessorImpl.java:43)
	at java.lang.reflect.Method.invoke(Method.java:498)
	at org.testng.internal.MethodInvocationHelper.invokeMethod(MethodInvocationHelper.java:86)
	at org.testng.internal.Invoker.invokeMethod(Invoker.java:643)
	at org.testng.internal.Invoker.invokeTestMethod(Invoker.java:820)
	at org.testng.internal.Invoker.invokeTestMethods(Invoker.java:1128)
	at org.testng.internal.TestMethodWorker.invokeTestMethods(TestMethodWorker.java:129)
	at org.testng.internal.TestMethodWorker.run(TestMethodWorker.java:112)
	at org.testng.TestRunner.privateRun(TestRunner.java:782)
	at org.testng.TestRunner.run(TestRunner.java:632)
	at org.testng.SuiteRunner.runTest(SuiteRunner.java:366)
	at org.testng.SuiteRunner.runSequentially(SuiteRunner.java:361)
	at org.testng.SuiteRunner.privateRun(SuiteRunner.java:319)
	at org.testng.SuiteRunner.run(SuiteRunner.java:268)
	at org.testng.SuiteRunnerWorker.runSuite(SuiteRunnerWorker.java:52)
	at org.testng.SuiteRunnerWorker.run(SuiteRunnerWorker.java:86)
	at org.testng.TestNG.runSuitesSequentially(TestNG.java:1244)
	at org.testng.TestNG.runSuitesLocally(TestNG.java:1169)
	at org.testng.TestNG.run(TestNG.java:1064)
	at org.testng.remote.AbstractRemoteTestNG.run(AbstractRemoteTestNG.java:115)
	at org.testng.remote.RemoteTestNG.initAndRun(RemoteTestNG.java:251)
	at org.testng.remote.RemoteTestNG.main(RemoteTestNG.java:77)
]]>
            </full-stacktrace>
          </exception> <!-- java.lang.AssertionError -->
          <reporter-output>
          </reporter-output>
        </test-method> <!-- Verify_interstitial_ads_hourlyTab -->
        <test-method status="PASS" signature="Verify_interstitial_ads_dailyTab()[pri:802, instance:com.twc.ios.app.testcases.RegressionTest@a10c1b5]" name="Verify_interstitial_ads_dailyTab" duration-ms="373884" started-at="2022-04-26T19:38:47Z" finished-at="2022-04-26T19:45:01Z">
          <reporter-output>
          </reporter-output>
        </test-method> <!-- Verify_interstitial_ads_dailyTab -->
        <test-method status="PASS" signature="Verify_interstitial_ads_radarTab()[pri:803, instance:com.twc.ios.app.testcases.RegressionTest@a10c1b5]" name="Verify_interstitial_ads_radarTab" duration-ms="411725" started-at="2022-04-26T19:45:01Z" finished-at="2022-04-26T19:51:53Z">
          <reporter-output>
          </reporter-output>
        </test-method> <!-- Verify_interstitial_ads_radarTab -->
        <test-method status="FAIL" signature="Verify_interstitial_ads_videoTab()[pri:804, instance:com.twc.ios.app.testcases.RegressionTest@a10c1b5]" name="Verify_interstitial_ads_videoTab" duration-ms="269005" started-at="2022-04-26T19:51:53Z" finished-at="2022-04-26T19:56:22Z">
          <exception class="java.lang.AssertionError">
            <message>
              <![CDATA[Home Tab is not displayed, to get interstitial ad]]>
            </message>
            <full-stacktrace>
              <![CDATA[java.lang.AssertionError: Home Tab is not displayed, to get interstitial ad
	at org.testng.Assert.fail(Assert.java:94)
	at com.twc.ios.app.pages.HomeNavTab.navigateToHomeTab_toGetInterStitialAd(HomeNavTab.java:93)
	at com.twc.ios.app.general.Utils.verifyInterstitialAd(Utils.java:4542)
	at com.twc.ios.app.general.Utils.assertinterStitialAd(Utils.java:4774)
	at com.twc.ios.app.testcases.RegressionTest.Verify_interstitial_ads_videoTab(RegressionTest.java:1423)
	at sun.reflect.NativeMethodAccessorImpl.invoke0(Native Method)
	at sun.reflect.NativeMethodAccessorImpl.invoke(NativeMethodAccessorImpl.java:62)
	at sun.reflect.DelegatingMethodAccessorImpl.invoke(DelegatingMethodAccessorImpl.java:43)
	at java.lang.reflect.Method.invoke(Method.java:498)
	at org.testng.internal.MethodInvocationHelper.invokeMethod(MethodInvocationHelper.java:86)
	at org.testng.internal.Invoker.invokeMethod(Invoker.java:643)
	at org.testng.internal.Invoker.invokeTestMethod(Invoker.java:820)
	at org.testng.internal.Invoker.invokeTestMethods(Invoker.java:1128)
	at org.testng.internal.TestMethodWorker.invokeTestMethods(TestMethodWorker.java:129)
	at org.testng.internal.TestMethodWorker.run(TestMethodWorker.java:112)
	at org.testng.TestRunner.privateRun(TestRunner.java:782)
	at org.testng.TestRunner.run(TestRunner.java:632)
	at org.testng.SuiteRunner.runTest(SuiteRunner.java:366)
	at org.testng.SuiteRunner.runSequentially(SuiteRunner.java:361)
	at org.testng.SuiteRunner.privateRun(SuiteRunner.java:319)
	at org.testng.SuiteRunner.run(SuiteRunner.java:268)
	at org.testng.SuiteRunnerWorker.runSuite(SuiteRunnerWorker.java:52)
	at org.testng.SuiteRunnerWorker.run(SuiteRunnerWorker.java:86)
	at org.testng.TestNG.runSuitesSequentially(TestNG.java:1244)
	at org.testng.TestNG.runSuitesLocally(TestNG.java:1169)
	at org.testng.TestNG.run(TestNG.java:1064)
	at org.testng.remote.AbstractRemoteTestNG.run(AbstractRemoteTestNG.java:115)
	at org.testng.remote.RemoteTestNG.initAndRun(RemoteTestNG.java:251)
	at org.testng.remote.RemoteTestNG.main(RemoteTestNG.java:77)
]]>
            </full-stacktrace>
          </exception> <!-- java.lang.AssertionError -->
          <reporter-output>
          </reporter-output>
        </test-method> <!-- Verify_interstitial_ads_videoTab -->
        <test-method status="PASS" signature="Verify_interstitial_ads_hourlyDetailsBanner_fromPlanningCard()[pri:805, instance:com.twc.ios.app.testcases.RegressionTest@a10c1b5]" name="Verify_interstitial_ads_hourlyDetailsBanner_fromPlanningCard" duration-ms="607048" started-at="2022-04-26T19:56:22Z" finished-at="2022-04-26T20:06:29Z">
          <reporter-output>
          </reporter-output>
        </test-method> <!-- Verify_interstitial_ads_hourlyDetailsBanner_fromPlanningCard -->
        <test-method status="PASS" signature="Verify_interstitial_ads_dailyDetailsBanner_fromPlanningCard()[pri:806, instance:com.twc.ios.app.testcases.RegressionTest@a10c1b5]" name="Verify_interstitial_ads_dailyDetailsBanner_fromPlanningCard" duration-ms="652564" started-at="2022-04-26T20:06:29Z" finished-at="2022-04-26T20:17:22Z">
          <reporter-output>
          </reporter-output>
        </test-method> <!-- Verify_interstitial_ads_dailyDetailsBanner_fromPlanningCard -->
        <test-method status="PASS" signature="Verify_interstitial_ads_dailyCard()[pri:807, instance:com.twc.ios.app.testcases.RegressionTest@a10c1b5]" name="Verify_interstitial_ads_dailyCard" duration-ms="1078618" started-at="2022-04-26T20:17:22Z" finished-at="2022-04-26T20:35:20Z">
          <reporter-output>
          </reporter-output>
        </test-method> <!-- Verify_interstitial_ads_dailyCard -->
        <test-method status="PASS" signature="Verify_interstitial_ads_mapCard()[pri:808, instance:com.twc.ios.app.testcases.RegressionTest@a10c1b5]" name="Verify_interstitial_ads_mapCard" duration-ms="1188567" started-at="2022-04-26T20:35:21Z" finished-at="2022-04-26T20:55:09Z">
          <reporter-output>
          </reporter-output>
        </test-method> <!-- Verify_interstitial_ads_mapCard -->
        <test-method status="PASS" signature="enable_PreConfiguration_for_WatsonAndPlanningMomentCards()[pri:901, instance:com.twc.ios.app.testcases.RegressionTest@a10c1b5]" name="enable_PreConfiguration_for_WatsonAndPlanningMomentCards" duration-ms="1665323" started-at="2022-04-26T20:55:09Z" finished-at="2022-04-26T21:22:54Z">
          <reporter-output>
          </reporter-output>
        </test-method> <!-- enable_PreConfiguration_for_WatsonAndPlanningMomentCards -->
        <test-method status="PASS" signature="Verify_Week_Ahead_AdCall()[pri:902, instance:com.twc.ios.app.testcases.RegressionTest@a10c1b5]" name="Verify_Week_Ahead_AdCall" duration-ms="1083" started-at="2022-04-26T21:22:54Z" finished-at="2022-04-26T21:22:55Z">
          <reporter-output>
          </reporter-output>
        </test-method> <!-- Verify_Week_Ahead_AdCall -->
        <test-method status="PASS" signature="Validate_Week_Ahead_pos_Custom_param()[pri:903, instance:com.twc.ios.app.testcases.RegressionTest@a10c1b5]" name="Validate_Week_Ahead_pos_Custom_param" duration-ms="653" started-at="2022-04-26T21:22:55Z" finished-at="2022-04-26T21:22:56Z">
          <reporter-output>
          </reporter-output>
        </test-method> <!-- Validate_Week_Ahead_pos_Custom_param -->
        <test-method status="PASS" signature="Validate_Week_Ahead_Ad_Size()[pri:904, instance:com.twc.ios.app.testcases.RegressionTest@a10c1b5]" name="Validate_Week_Ahead_Ad_Size" duration-ms="705" started-at="2022-04-26T21:22:56Z" finished-at="2022-04-26T21:22:57Z">
          <reporter-output>
          </reporter-output>
        </test-method> <!-- Validate_Week_Ahead_Ad_Size -->
        <test-method status="PASS" signature="Validate_Week_Ahead_Call_Response()[pri:905, instance:com.twc.ios.app.testcases.RegressionTest@a10c1b5]" name="Validate_Week_Ahead_Call_Response" duration-ms="1304" started-at="2022-04-26T21:22:57Z" finished-at="2022-04-26T21:22:58Z">
          <reporter-output>
          </reporter-output>
        </test-method> <!-- Validate_Week_Ahead_Call_Response -->
        <test-method status="PASS" signature="Verify_Weekend_AdCall()[pri:911, instance:com.twc.ios.app.testcases.RegressionTest@a10c1b5]" name="Verify_Weekend_AdCall" duration-ms="664" started-at="2022-04-26T21:22:58Z" finished-at="2022-04-26T21:22:59Z">
          <reporter-output>
          </reporter-output>
        </test-method> <!-- Verify_Weekend_AdCall -->
        <test-method status="PASS" signature="Validate_Weekend_pos_Custom_param()[pri:912, instance:com.twc.ios.app.testcases.RegressionTest@a10c1b5]" name="Validate_Weekend_pos_Custom_param" duration-ms="974" started-at="2022-04-26T21:22:59Z" finished-at="2022-04-26T21:23:00Z">
          <reporter-output>
          </reporter-output>
        </test-method> <!-- Validate_Weekend_pos_Custom_param -->
        <test-method status="PASS" signature="Validate_Weekend_Ad_Size()[pri:913, instance:com.twc.ios.app.testcases.RegressionTest@a10c1b5]" name="Validate_Weekend_Ad_Size" duration-ms="913" started-at="2022-04-26T21:23:00Z" finished-at="2022-04-26T21:23:01Z">
          <reporter-output>
          </reporter-output>
        </test-method> <!-- Validate_Weekend_Ad_Size -->
        <test-method status="PASS" signature="Validate_Weekend_Call_Response()[pri:914, instance:com.twc.ios.app.testcases.RegressionTest@a10c1b5]" name="Validate_Weekend_Call_Response" duration-ms="1215" started-at="2022-04-26T21:23:01Z" finished-at="2022-04-26T21:23:02Z">
          <reporter-output>
          </reporter-output>
        </test-method> <!-- Validate_Weekend_Call_Response -->
        <test-method status="PASS" signature="Verify_WMFlu_AdCall()[pri:921, instance:com.twc.ios.app.testcases.RegressionTest@a10c1b5]" name="Verify_WMFlu_AdCall" duration-ms="816" started-at="2022-04-26T21:23:02Z" finished-at="2022-04-26T21:23:03Z">
          <reporter-output>
          </reporter-output>
        </test-method> <!-- Verify_WMFlu_AdCall -->
        <test-method status="PASS" signature="Validate_WMFlu_pos_Custom_param()[pri:922, instance:com.twc.ios.app.testcases.RegressionTest@a10c1b5]" name="Validate_WMFlu_pos_Custom_param" duration-ms="686" started-at="2022-04-26T21:23:03Z" finished-at="2022-04-26T21:23:03Z">
          <reporter-output>
          </reporter-output>
        </test-method> <!-- Validate_WMFlu_pos_Custom_param -->
        <test-method status="PASS" signature="Validate_WMFlu_Ad_Size()[pri:923, instance:com.twc.ios.app.testcases.RegressionTest@a10c1b5]" name="Validate_WMFlu_Ad_Size" duration-ms="692" started-at="2022-04-26T21:23:03Z" finished-at="2022-04-26T21:23:04Z">
          <reporter-output>
          </reporter-output>
        </test-method> <!-- Validate_WMFlu_Ad_Size -->
        <test-method status="PASS" signature="Validate_WMFlu_Call_Response()[pri:924, instance:com.twc.ios.app.testcases.RegressionTest@a10c1b5]" name="Validate_WMFlu_Call_Response" duration-ms="692" started-at="2022-04-26T21:23:04Z" finished-at="2022-04-26T21:23:05Z">
          <reporter-output>
          </reporter-output>
        </test-method> <!-- Validate_WMFlu_Call_Response -->
        <test-method status="PASS" signature="Verify_WMAllergy_AdCall()[pri:931, instance:com.twc.ios.app.testcases.RegressionTest@a10c1b5]" name="Verify_WMAllergy_AdCall" duration-ms="683" started-at="2022-04-26T21:23:05Z" finished-at="2022-04-26T21:23:06Z">
          <reporter-output>
          </reporter-output>
        </test-method> <!-- Verify_WMAllergy_AdCall -->
        <test-method status="PASS" signature="Validate_WMAllergy_pos_Custom_param()[pri:932, instance:com.twc.ios.app.testcases.RegressionTest@a10c1b5]" name="Validate_WMAllergy_pos_Custom_param" duration-ms="729" started-at="2022-04-26T21:23:06Z" finished-at="2022-04-26T21:23:06Z">
          <reporter-output>
          </reporter-output>
        </test-method> <!-- Validate_WMAllergy_pos_Custom_param -->
        <test-method status="PASS" signature="Validate_WMAllergy_Ad_Size()[pri:933, instance:com.twc.ios.app.testcases.RegressionTest@a10c1b5]" name="Validate_WMAllergy_Ad_Size" duration-ms="672" started-at="2022-04-26T21:23:06Z" finished-at="2022-04-26T21:23:07Z">
          <reporter-output>
          </reporter-output>
        </test-method> <!-- Validate_WMAllergy_Ad_Size -->
        <test-method status="PASS" signature="Validate_WMAllergy_Call_Response()[pri:934, instance:com.twc.ios.app.testcases.RegressionTest@a10c1b5]" name="Validate_WMAllergy_Call_Response" duration-ms="692" started-at="2022-04-26T21:23:07Z" finished-at="2022-04-26T21:23:08Z">
          <reporter-output>
          </reporter-output>
        </test-method> <!-- Validate_WMAllergy_Call_Response -->
        <test-method status="FAIL" signature="Validate_SafetyAndPreparednessCard_Call_Response()[pri:950, instance:com.twc.ios.app.testcases.RegressionTest@a10c1b5]" name="Validate_SafetyAndPreparednessCard_Call_Response" duration-ms="3" started-at="2022-04-26T21:23:08Z" finished-at="2022-04-26T21:23:08Z">
          <exception class="java.lang.NullPointerException">
            <full-stacktrace>
              <![CDATA[java.lang.NullPointerException
	at com.twc.ios.app.excel.ExcelData.excelread(ExcelData.java:41)
	at com.twc.ios.app.general.ReadExcelValues.excelValues(ReadExcelValues.java:11)
	at com.twc.ios.app.general.Utils.Verify_Gampad_Call_ByResponseText(Utils.java:2122)
	at com.twc.ios.app.testcases.RegressionTest.Validate_SafetyAndPreparednessCard_Call_Response(RegressionTest.java:1753)
	at sun.reflect.NativeMethodAccessorImpl.invoke0(Native Method)
	at sun.reflect.NativeMethodAccessorImpl.invoke(NativeMethodAccessorImpl.java:62)
	at sun.reflect.DelegatingMethodAccessorImpl.invoke(DelegatingMethodAccessorImpl.java:43)
	at java.lang.reflect.Method.invoke(Method.java:498)
	at org.testng.internal.MethodInvocationHelper.invokeMethod(MethodInvocationHelper.java:86)
	at org.testng.internal.Invoker.invokeMethod(Invoker.java:643)
	at org.testng.internal.Invoker.invokeTestMethod(Invoker.java:820)
	at org.testng.internal.Invoker.invokeTestMethods(Invoker.java:1128)
	at org.testng.internal.TestMethodWorker.invokeTestMethods(TestMethodWorker.java:129)
	at org.testng.internal.TestMethodWorker.run(TestMethodWorker.java:112)
	at org.testng.TestRunner.privateRun(TestRunner.java:782)
	at org.testng.TestRunner.run(TestRunner.java:632)
	at org.testng.SuiteRunner.runTest(SuiteRunner.java:366)
	at org.testng.SuiteRunner.runSequentially(SuiteRunner.java:361)
	at org.testng.SuiteRunner.privateRun(SuiteRunner.java:319)
	at org.testng.SuiteRunner.run(SuiteRunner.java:268)
	at org.testng.SuiteRunnerWorker.runSuite(SuiteRunnerWorker.java:52)
	at org.testng.SuiteRunnerWorker.run(SuiteRunnerWorker.java:86)
	at org.testng.TestNG.runSuitesSequentially(TestNG.java:1244)
	at org.testng.TestNG.runSuitesLocally(TestNG.java:1169)
	at org.testng.TestNG.run(TestNG.java:1064)
	at org.testng.remote.AbstractRemoteTestNG.run(AbstractRemoteTestNG.java:115)
	at org.testng.remote.RemoteTestNG.initAndRun(RemoteTestNG.java:251)
	at org.testng.remote.RemoteTestNG.main(RemoteTestNG.java:77)
]]>
            </full-stacktrace>
          </exception> <!-- java.lang.NullPointerException -->
          <reporter-output>
          </reporter-output>
        </test-method> <!-- Validate_SafetyAndPreparednessCard_Call_Response -->
        <test-method status="FAIL" signature="afterClass()[pri:0, instance:com.twc.ios.app.testcases.RegressionTest@a10c1b5]" name="afterClass" is-config="true" duration-ms="0" started-at="2022-04-26T21:23:08Z" finished-at="2022-04-26T21:23:08Z">
          <exception class="org.openqa.selenium.NoSuchElementException">
            <message>
              <![CDATA[An element could not be located on the page using the given search parameters.
For documentation on this error, please visit: https://www.seleniumhq.org/exceptions/no_such_element.html
Build info: version: '3.141.59', revision: 'e82be7d358', time: '2018-11-14T08:17:03'
System info: host: 'Aswinikumars-MacBook-Pro.local', ip: '2401:4900:1c27:2d19:34b4:eb8c:a068:accc%en0', os.name: 'Mac OS X', os.arch: 'x86_64', os.version: '10.16', java.version: '1.8.0_311'
Driver info: io.appium.java_client.ios.IOSDriver
Capabilities {appPackage: com.weather.TWC, appium-version: 1.18.3, autoLaunch: true, automationName: XCUITest, browserName: , bundleId: com.weather.TWC, clearSystemFiles: true, databaseEnabled: false, device: iPhone, deviceName: =iPhone13, forceIphone: true, javascriptEnabled: true, launchTimeout: 60000, locationContextEnabled: false, networkConnectionEnabled: false, newCommandTimeout: 7200, noReset: true, platform: MAC, platformName: iOS, platformVersion: 15.2, realDeviceLogger: /Users/apple/node_modules/d..., takesScreenshot: true, udid: 00008110-000239112661801E, useNewWDA: true, wdaLocalPort: 7403, webStorageEnabled: false, xcodeConfigfile: /Applications/Appium.app/Co...}
Session ID: 188a4b80-9dbe-4153-b544-868ee71071e5
*** Element info: {Using=xpath, value=(//XCUIElementTypeButton[@name='close_menu_button'])[1]}]]>
            </message>
            <full-stacktrace>
              <![CDATA[org.openqa.selenium.NoSuchElementException: An element could not be located on the page using the given search parameters.
For documentation on this error, please visit: https://www.seleniumhq.org/exceptions/no_such_element.html
Build info: version: '3.141.59', revision: 'e82be7d358', time: '2018-11-14T08:17:03'
System info: host: 'Aswinikumars-MacBook-Pro.local', ip: '2401:4900:1c27:2d19:34b4:eb8c:a068:accc%en0', os.name: 'Mac OS X', os.arch: 'x86_64', os.version: '10.16', java.version: '1.8.0_311'
Driver info: io.appium.java_client.ios.IOSDriver
Capabilities {appPackage: com.weather.TWC, appium-version: 1.18.3, autoLaunch: true, automationName: XCUITest, browserName: , bundleId: com.weather.TWC, clearSystemFiles: true, databaseEnabled: false, device: iPhone, deviceName: =iPhone13, forceIphone: true, javascriptEnabled: true, launchTimeout: 60000, locationContextEnabled: false, networkConnectionEnabled: false, newCommandTimeout: 7200, noReset: true, platform: MAC, platformName: iOS, platformVersion: 15.2, realDeviceLogger: /Users/apple/node_modules/d..., takesScreenshot: true, udid: 00008110-000239112661801E, useNewWDA: true, wdaLocalPort: 7403, webStorageEnabled: false, xcodeConfigfile: /Applications/Appium.app/Co...}
Session ID: 188a4b80-9dbe-4153-b544-868ee71071e5
*** Element info: {Using=xpath, value=(//XCUIElementTypeButton[@name='close_menu_button'])[1]}
	at sun.reflect.GeneratedConstructorAccessor56.newInstance(Unknown Source)
	at sun.reflect.DelegatingConstructorAccessorImpl.newInstance(DelegatingConstructorAccessorImpl.java:45)
	at java.lang.reflect.Constructor.newInstance(Constructor.java:423)
	at org.openqa.selenium.remote.http.W3CHttpResponseCodec.createException(W3CHttpResponseCodec.java:187)
	at org.openqa.selenium.remote.http.W3CHttpResponseCodec.decode(W3CHttpResponseCodec.java:122)
	at org.openqa.selenium.remote.http.W3CHttpResponseCodec.decode(W3CHttpResponseCodec.java:49)
	at org.openqa.selenium.remote.HttpCommandExecutor.execute(HttpCommandExecutor.java:158)
	at io.appium.java_client.remote.AppiumCommandExecutor.execute(AppiumCommandExecutor.java:239)
	at org.openqa.selenium.remote.RemoteWebDriver.execute(RemoteWebDriver.java:552)
	at io.appium.java_client.DefaultGenericMobileDriver.execute(DefaultGenericMobileDriver.java:41)
	at io.appium.java_client.AppiumDriver.execute(AppiumDriver.java:1)
	at io.appium.java_client.ios.IOSDriver.execute(IOSDriver.java:1)
	at org.openqa.selenium.remote.RemoteWebDriver.findElement(RemoteWebDriver.java:323)
	at io.appium.java_client.DefaultGenericMobileDriver.findElement(DefaultGenericMobileDriver.java:61)
	at io.appium.java_client.AppiumDriver.findElement(AppiumDriver.java:1)
	at io.appium.java_client.ios.IOSDriver.findElement(IOSDriver.java:1)
	at org.openqa.selenium.remote.RemoteWebDriver.findElementByXPath(RemoteWebDriver.java:428)
	at io.appium.java_client.DefaultGenericMobileDriver.findElementByXPath(DefaultGenericMobileDriver.java:151)
	at io.appium.java_client.AppiumDriver.findElementByXPath(AppiumDriver.java:1)
	at io.appium.java_client.ios.IOSDriver.findElementByXPath(IOSDriver.java:1)
	at org.openqa.selenium.By$ByXPath.findElement(By.java:353)
	at org.openqa.selenium.remote.RemoteWebDriver.findElement(RemoteWebDriver.java:315)
	at io.appium.java_client.DefaultGenericMobileDriver.findElement(DefaultGenericMobileDriver.java:57)
	at io.appium.java_client.AppiumDriver.findElement(AppiumDriver.java:1)
	at io.appium.java_client.ios.IOSDriver.findElement(IOSDriver.java:1)
	at com.twc.ios.app.pages.SettingsScreen.getAppVersion(SettingsScreen.java:123)
	at com.twc.ios.app.testcases.RegressionTest.afterClass(RegressionTest.java:78)
	at sun.reflect.NativeMethodAccessorImpl.invoke0(Native Method)
	at sun.reflect.NativeMethodAccessorImpl.invoke(NativeMethodAccessorImpl.java:62)
	at sun.reflect.DelegatingMethodAccessorImpl.invoke(DelegatingMethodAccessorImpl.java:43)
	at java.lang.reflect.Method.invoke(Method.java:498)
	at org.testng.internal.MethodInvocationHelper.invokeMethod(MethodInvocationHelper.java:86)
	at org.testng.internal.Invoker.invokeConfigurationMethod(Invoker.java:514)
	at org.testng.internal.Invoker.invokeConfigurations(Invoker.java:215)
	at org.testng.internal.Invoker.invokeConfigurations(Invoker.java:142)
	at org.testng.internal.TestMethodWorker.invokeAfterClassMethods(TestMethodWorker.java:232)
	at org.testng.internal.TestMethodWorker.run(TestMethodWorker.java:115)
	at org.testng.TestRunner.privateRun(TestRunner.java:782)
	at org.testng.TestRunner.run(TestRunner.java:632)
	at org.testng.SuiteRunner.runTest(SuiteRunner.java:366)
	at org.testng.SuiteRunner.runSequentially(SuiteRunner.java:361)
	at org.testng.SuiteRunner.privateRun(SuiteRunner.java:319)
	at org.testng.SuiteRunner.run(SuiteRunner.java:268)
	at org.testng.SuiteRunnerWorker.runSuite(SuiteRunnerWorker.java:52)
	at org.testng.SuiteRunnerWorker.run(SuiteRunnerWorker.java:86)
	at org.testng.TestNG.runSuitesSequentially(TestNG.java:1244)
	at org.testng.TestNG.runSuitesLocally(TestNG.java:1169)
	at org.testng.TestNG.run(TestNG.java:1064)
	at org.testng.remote.AbstractRemoteTestNG.run(AbstractRemoteTestNG.java:115)
	at org.testng.remote.RemoteTestNG.initAndRun(RemoteTestNG.java:251)
	at org.testng.remote.RemoteTestNG.main(RemoteTestNG.java:77)
]]>
            </full-stacktrace>
          </exception> <!-- org.openqa.selenium.NoSuchElementException -->
          <reporter-output>
          </reporter-output>
        </test-method> <!-- afterClass -->
      </class> <!-- com.twc.ios.app.testcases.RegressionTest -->
    </test> <!-- Default test -->
  </suite> <!-- Default suite -->
</testng-results>
