<?xml version="1.0" encoding="UTF-8"?>
<!-- Generated by org.testng.reporters.JUnitReportReporter -->
<testsuite hostname="Aswinikumars-MacBook-Pro.local" name="twc.Automation.ExecutableTestCases.SerbiaPrivacyTest" tests="21" failures="0" timestamp="27 Mar 2022 14:33:20 GMT" time="395.692" errors="2">
  <testcase name="validate_Video_call_npa_val_for_Serbia" time="0.301" classname="twc.Automation.ExecutableTestCases.SerbiaPrivacyTest"/>
  <testcase name="Verify_Criteo_SDK_inapp_v2_Call_for_Serbia" time="0.278" classname="twc.Automation.ExecutableTestCases.SerbiaPrivacyTest"/>
  <testcase name="Verify_LocationWFXTriggers_Call__for_Serbia" time="0.415" classname="twc.Automation.ExecutableTestCases.SerbiaPrivacyTest"/>
  <testcase name="Verify_amazon_aax_feed3_adcall_for_Serbia" time="0.207" classname="twc.Automation.ExecutableTestCases.SerbiaPrivacyTest"/>
  <testcase name="Verify_amazon_aax_PreRollVideo_adcall_for_Serbia" time="0.216" classname="twc.Automation.ExecutableTestCases.SerbiaPrivacyTest"/>
  <testcase name="Verify_amazon_aax_Hourly2_details_adcall_for_Serbia" time="0.220" classname="twc.Automation.ExecutableTestCases.SerbiaPrivacyTest"/>
  <testcase name="Verify_Amazon_Call" time="0.296" classname="twc.Automation.ExecutableTestCases.SerbiaPrivacyTest"/>
  <testcase name="Verify_amazon_aax_Hourly_details_adcall_for_Serbia" time="0.227" classname="twc.Automation.ExecutableTestCases.SerbiaPrivacyTest"/>
  <testcase name="Verify_amazon_aax_feed1_adcall_for_Serbia" time="0.233" classname="twc.Automation.ExecutableTestCases.SerbiaPrivacyTest"/>
  <testcase name="Verify_WFXTriggers_Call_privacy_for_Serbia" time="0.339" classname="twc.Automation.ExecutableTestCases.SerbiaPrivacyTest"/>
  <testcase name="Verify_amazon_aax_feed2_adcall_for_Serbia" time="0.253" classname="twc.Automation.ExecutableTestCases.SerbiaPrivacyTest"/>
  <testcase name="Verify_amazon_aax_Daily_details_adcall_for_Serbia" time="0.225" classname="twc.Automation.ExecutableTestCases.SerbiaPrivacyTest"/>
  <testcase name="Smoke_Test_CaseVerify_Video_adCall_Serbia" time="0.280" classname="twc.Automation.ExecutableTestCases.SerbiaPrivacyTest"/>
  <testcase name="Smoke_Test_CaseVerify_Homescreen_marquee_adCall_Serbia" time="0.297" classname="twc.Automation.ExecutableTestCases.SerbiaPrivacyTest"/>
  <testcase name="preConditionsTest_for_Serbia" time="390.312" classname="twc.Automation.ExecutableTestCases.SerbiaPrivacyTest">
    <error type="java.lang.NullPointerException">
      <![CDATA[java.lang.NullPointerException
	at java.io.File.<init>(File.java:277)
	at twc.Automation.HandleWithCharles.CharlesFunctions.archive_folder(CharlesFunctions.java:318)
	at twc.Automation.ExecutableTestCases.SerbiaPrivacyTest.preConditionsTest_for_Serbia(SerbiaPrivacyTest.java:134)
	at sun.reflect.NativeMethodAccessorImpl.invoke0(Native Method)
	at sun.reflect.NativeMethodAccessorImpl.invoke(NativeMethodAccessorImpl.java:62)
	at sun.reflect.DelegatingMethodAccessorImpl.invoke(DelegatingMethodAccessorImpl.java:43)
	at java.lang.reflect.Method.invoke(Method.java:498)
	at org.testng.internal.MethodInvocationHelper.invokeMethod(MethodInvocationHelper.java:85)
	at org.testng.internal.Invoker.invokeMethod(Invoker.java:659)
	at org.testng.internal.Invoker.invokeTestMethod(Invoker.java:845)
	at org.testng.internal.Invoker.invokeTestMethods(Invoker.java:1153)
	at org.testng.internal.TestMethodWorker.invokeTestMethods(TestMethodWorker.java:125)
	at org.testng.internal.TestMethodWorker.run(TestMethodWorker.java:108)
	at org.testng.TestRunner.privateRun(TestRunner.java:771)
	at org.testng.TestRunner.run(TestRunner.java:621)
	at org.testng.SuiteRunner.runTest(SuiteRunner.java:357)
	at org.testng.SuiteRunner.runSequentially(SuiteRunner.java:352)
	at org.testng.SuiteRunner.privateRun(SuiteRunner.java:310)
	at org.testng.SuiteRunner.run(SuiteRunner.java:259)
	at org.testng.SuiteRunnerWorker.runSuite(SuiteRunnerWorker.java:52)
	at org.testng.SuiteRunnerWorker.run(SuiteRunnerWorker.java:86)
	at org.testng.TestNG.runSuitesSequentially(TestNG.java:1199)
	at org.testng.TestNG.runSuitesLocally(TestNG.java:1124)
	at org.testng.TestNG.run(TestNG.java:1032)
	at org.testng.remote.AbstractRemoteTestNG.run(AbstractRemoteTestNG.java:115)
	at org.testng.remote.RemoteTestNG.initAndRun(RemoteTestNG.java:251)
	at org.testng.remote.RemoteTestNG.main(RemoteTestNG.java:77)
]]>
    </error>
  </testcase> <!-- preConditionsTest_for_Serbia -->
  <testcase name="Verify_amazon_aax_Hourly1_details_adcall_for_Serbia" time="0.219" classname="twc.Automation.ExecutableTestCases.SerbiaPrivacyTest"/>
  <testcase name="Verify_amazon_aax_map_details_adcall_for_Serbia" time="0.214" classname="twc.Automation.ExecutableTestCases.SerbiaPrivacyTest"/>
  <testcase name="validate_NextGen_IM_call_npa_val_for_Serbia" time="0.313" classname="twc.Automation.ExecutableTestCases.SerbiaPrivacyTest"/>
  <testcase name="Verify_Criteo_SDK_config_app_Call_for_Serbia" time="0.292" classname="twc.Automation.ExecutableTestCases.SerbiaPrivacyTest">
    <error type="java.lang.NullPointerException">
      <![CDATA[java.lang.NullPointerException
	at java.io.File.<init>(File.java:277)
	at twc.Automation.HandleWithCharles.CharlesFunctions.archive_folder(CharlesFunctions.java:318)
	at twc.Automation.ExecutableTestCases.SerbiaPrivacyTest.Verify_Criteo_SDK_config_app_Call_for_Serbia(SerbiaPrivacyTest.java:382)
	at sun.reflect.NativeMethodAccessorImpl.invoke0(Native Method)
	at sun.reflect.NativeMethodAccessorImpl.invoke(NativeMethodAccessorImpl.java:62)
	at sun.reflect.DelegatingMethodAccessorImpl.invoke(DelegatingMethodAccessorImpl.java:43)
	at java.lang.reflect.Method.invoke(Method.java:498)
	at org.testng.internal.MethodInvocationHelper.invokeMethod(MethodInvocationHelper.java:85)
	at org.testng.internal.Invoker.invokeMethod(Invoker.java:659)
	at org.testng.internal.Invoker.invokeTestMethod(Invoker.java:845)
	at org.testng.internal.Invoker.invokeTestMethods(Invoker.java:1153)
	at org.testng.internal.TestMethodWorker.invokeTestMethods(TestMethodWorker.java:125)
	at org.testng.internal.TestMethodWorker.run(TestMethodWorker.java:108)
	at org.testng.TestRunner.privateRun(TestRunner.java:771)
	at org.testng.TestRunner.run(TestRunner.java:621)
	at org.testng.SuiteRunner.runTest(SuiteRunner.java:357)
	at org.testng.SuiteRunner.runSequentially(SuiteRunner.java:352)
	at org.testng.SuiteRunner.privateRun(SuiteRunner.java:310)
	at org.testng.SuiteRunner.run(SuiteRunner.java:259)
	at org.testng.SuiteRunnerWorker.runSuite(SuiteRunnerWorker.java:52)
	at org.testng.SuiteRunnerWorker.run(SuiteRunnerWorker.java:86)
	at org.testng.TestNG.runSuitesSequentially(TestNG.java:1199)
	at org.testng.TestNG.runSuitesLocally(TestNG.java:1124)
	at org.testng.TestNG.run(TestNG.java:1032)
	at org.testng.remote.AbstractRemoteTestNG.run(AbstractRemoteTestNG.java:115)
	at org.testng.remote.RemoteTestNG.initAndRun(RemoteTestNG.java:251)
	at org.testng.remote.RemoteTestNG.main(RemoteTestNG.java:77)
]]>
    </error>
  </testcase> <!-- Verify_Criteo_SDK_config_app_Call_for_Serbia -->
  <testcase name="Verify_amazon_aax_Hourly3_details_adcall_for_Serbia" time="0.205" classname="twc.Automation.ExecutableTestCases.SerbiaPrivacyTest"/>
  <testcase name="Verify_Lotame_Call_for_Serbia" time="0.350" classname="twc.Automation.ExecutableTestCases.SerbiaPrivacyTest"/>
</testsuite> <!-- twc.Automation.ExecutableTestCases.SerbiaPrivacyTest -->
