<?xml version="1.0" encoding="UTF-8"?>
<!-- Generated by org.testng.reporters.JUnitReportReporter -->
<testsuite hostname="Aswinikumars-MacBook-Pro.local" name="twc.Automation.ExecutableTestCases.RegressionTestCases" tests="4" failures="1" timestamp="26 May 2022 12:00:56 GMT" time="105.010" errors="0">
  <testcase name="seg_Parameter_Verification_When_Navigated_To_Daily_Tab" time="21.804" classname="twc.Automation.ExecutableTestCases.RegressionTestCases"/>
  <testcase name="seg_Parameter_Verification_When_Navigated_To_Hourly_Tab" time="48.701" classname="twc.Automation.ExecutableTestCases.RegressionTestCases"/>
  <testcase name="seg_Parameter_Verification_When_Navigated_To_Video_Tab" time="23.614" classname="twc.Automation.ExecutableTestCases.RegressionTestCases"/>
  <testcase name="seg_Parameter_Verification_When_Navigated_To_Radar_Tab" time="10.891" classname="twc.Automation.ExecutableTestCases.RegressionTestCases">
    <failure type="java.lang.AssertionError" message="Either bcp.crwdcntrl.net call is not present in Charles session or bcp.crwdcntrl.net call not contains the segment Radar">
      <![CDATA[java.lang.AssertionError: Either bcp.crwdcntrl.net call is not present in Charles session or bcp.crwdcntrl.net call not contains the segment Radar
	at org.testng.Assert.fail(Assert.java:94)
	at twc.Automation.General.Utils.verify_Lotame_Call_Segment_Parameter(Utils.java:8256)
	at twc.Automation.ExecutableTestCases.RegressionTestCases.seg_Parameter_Verification_When_Navigated_To_Radar_Tab(RegressionTestCases.java:134)
	at sun.reflect.NativeMethodAccessorImpl.invoke0(Native Method)
	at sun.reflect.NativeMethodAccessorImpl.invoke(NativeMethodAccessorImpl.java:62)
	at sun.reflect.DelegatingMethodAccessorImpl.invoke(DelegatingMethodAccessorImpl.java:43)
	at java.lang.reflect.Method.invoke(Method.java:498)
	at org.testng.internal.MethodInvocationHelper.invokeMethod(MethodInvocationHelper.java:85)
	at org.testng.internal.Invoker.invokeMethod(Invoker.java:659)
	at org.testng.internal.Invoker.invokeTestMethod(Invoker.java:845)
	at org.testng.internal.Invoker.invokeTestMethods(Invoker.java:1153)
	at org.testng.internal.TestMethodWorker.invokeTestMethods(TestMethodWorker.java:125)
	at org.testng.internal.TestMethodWorker.run(TestMethodWorker.java:108)
	at org.testng.TestRunner.privateRun(TestRunner.java:771)
	at org.testng.TestRunner.run(TestRunner.java:621)
	at org.testng.SuiteRunner.runTest(SuiteRunner.java:357)
	at org.testng.SuiteRunner.runSequentially(SuiteRunner.java:352)
	at org.testng.SuiteRunner.privateRun(SuiteRunner.java:310)
	at org.testng.SuiteRunner.run(SuiteRunner.java:259)
	at org.testng.SuiteRunnerWorker.runSuite(SuiteRunnerWorker.java:52)
	at org.testng.SuiteRunnerWorker.run(SuiteRunnerWorker.java:86)
	at org.testng.TestNG.runSuitesSequentially(TestNG.java:1199)
	at org.testng.TestNG.runSuitesLocally(TestNG.java:1124)
	at org.testng.TestNG.run(TestNG.java:1032)
	at org.testng.remote.AbstractRemoteTestNG.run(AbstractRemoteTestNG.java:115)
	at org.testng.remote.RemoteTestNG.initAndRun(RemoteTestNG.java:251)
	at org.testng.remote.RemoteTestNG.main(RemoteTestNG.java:77)
]]>
    </failure>
  </testcase> <!-- seg_Parameter_Verification_When_Navigated_To_Radar_Tab -->
</testsuite> <!-- twc.Automation.ExecutableTestCases.RegressionTestCases -->
