<?xml version="1.0" encoding="UTF-8"?>
<!-- Generated by org.testng.reporters.JUnitReportReporter -->
<testsuite hostname="Aswinikumars-MacBook-Pro.local" name="com.twc.ios.app.testcases.SmokeTest" tests="129" failures="9" timestamp="15 Mar 2022 15:13:52 GMT" time="5561.319" errors="12">
  <testcase name="Validate_Marquee_cnd_Custom_param" time="1.204" classname="com.twc.ios.app.testcases.SmokeTest"/>
  <testcase name="Validate_Marquee_fltmpc_Custom_param" time="0.463" classname="com.twc.ios.app.testcases.SmokeTest"/>
  <testcase name="Validate_PreRollVideo_description_url_Custom_param" time="0.023" classname="com.twc.ios.app.testcases.SmokeTest">
    <error type="java.lang.NullPointerException">
      <![CDATA[java.lang.NullPointerException
	at java.lang.String.contains(String.java:2133)
	at com.twc.ios.app.general.Utils.validate_Noncustom_param_val_of_gampad(Utils.java:8335)
	at com.twc.ios.app.testcases.SmokeTest.Validate_PreRollVideo_description_url_Custom_param(SmokeTest.java:2460)
	at sun.reflect.NativeMethodAccessorImpl.invoke0(Native Method)
	at sun.reflect.NativeMethodAccessorImpl.invoke(NativeMethodAccessorImpl.java:62)
	at sun.reflect.DelegatingMethodAccessorImpl.invoke(DelegatingMethodAccessorImpl.java:43)
	at java.lang.reflect.Method.invoke(Method.java:498)
	at org.testng.internal.MethodInvocationHelper.invokeMethod(MethodInvocationHelper.java:86)
	at org.testng.internal.Invoker.invokeMethod(Invoker.java:643)
	at org.testng.internal.Invoker.invokeTestMethod(Invoker.java:820)
	at org.testng.internal.Invoker.invokeTestMethods(Invoker.java:1128)
	at org.testng.internal.TestMethodWorker.invokeTestMethods(TestMethodWorker.java:129)
	at org.testng.internal.TestMethodWorker.run(TestMethodWorker.java:112)
	at org.testng.TestRunner.privateRun(TestRunner.java:782)
	at org.testng.TestRunner.run(TestRunner.java:632)
	at org.testng.SuiteRunner.runTest(SuiteRunner.java:366)
	at org.testng.SuiteRunner.runSequentially(SuiteRunner.java:361)
	at org.testng.SuiteRunner.privateRun(SuiteRunner.java:319)
	at org.testng.SuiteRunner.run(SuiteRunner.java:268)
	at org.testng.SuiteRunnerWorker.runSuite(SuiteRunnerWorker.java:52)
	at org.testng.SuiteRunnerWorker.run(SuiteRunnerWorker.java:86)
	at org.testng.TestNG.runSuitesSequentially(TestNG.java:1244)
	at org.testng.TestNG.runSuitesLocally(TestNG.java:1169)
	at org.testng.TestNG.run(TestNG.java:1064)
	at org.testng.remote.AbstractRemoteTestNG.run(AbstractRemoteTestNG.java:115)
	at org.testng.remote.RemoteTestNG.initAndRun(RemoteTestNG.java:251)
	at org.testng.remote.RemoteTestNG.main(RemoteTestNG.java:77)
]]>
    </error>
  </testcase> <!-- Validate_PreRollVideo_description_url_Custom_param -->
  <testcase name="Validate_DailyDetails_tf_Custom_param" time="0.506" classname="com.twc.ios.app.testcases.SmokeTest"/>
  <testcase name="Validate_Marquee_dma_Custom_param" time="0.937" classname="com.twc.ios.app.testcases.SmokeTest"/>
  <testcase name="Verify_Health_Allergy_ContentPage_AdCall" time="0.484" classname="com.twc.ios.app.testcases.SmokeTest"/>
  <testcase name="Validate_Feed1_layer_Custom_param" time="0.499" classname="com.twc.ios.app.testcases.SmokeTest"/>
  <testcase name="Validate_MapDetails_nzcs_Custom_param" time="0.242" classname="com.twc.ios.app.testcases.SmokeTest">
    <failure type="java.lang.AssertionError" message="Custom Parameter :nzcs value: 22905,22602,22570,22557,22532,22451,22444,22443,22296,22001,21992,21982,21955,21952,21951,21949,21947,21676,21668,21666,21643,21628,21622,21620,21604 is not matched with the expected value: nl">
      <![CDATA[java.lang.AssertionError: Custom Parameter :nzcs value: 22905,22602,22570,22557,22532,22451,22444,22443,22296,22001,21992,21982,21955,21952,21951,21949,21947,21676,21668,21666,21643,21628,21622,21620,21604 is not matched with the expected value: nl
	at org.testng.Assert.fail(Assert.java:94)
	at com.twc.ios.app.general.Utils.validate_custom_param_val_of_gampad_with_zip(Utils.java:8269)
	at com.twc.ios.app.testcases.SmokeTest.Validate_MapDetails_nzcs_Custom_param(SmokeTest.java:2076)
	at sun.reflect.NativeMethodAccessorImpl.invoke0(Native Method)
	at sun.reflect.NativeMethodAccessorImpl.invoke(NativeMethodAccessorImpl.java:62)
	at sun.reflect.DelegatingMethodAccessorImpl.invoke(DelegatingMethodAccessorImpl.java:43)
	at java.lang.reflect.Method.invoke(Method.java:498)
	at org.testng.internal.MethodInvocationHelper.invokeMethod(MethodInvocationHelper.java:86)
	at org.testng.internal.Invoker.invokeMethod(Invoker.java:643)
	at org.testng.internal.Invoker.invokeTestMethod(Invoker.java:820)
	at org.testng.internal.Invoker.invokeTestMethods(Invoker.java:1128)
	at org.testng.internal.TestMethodWorker.invokeTestMethods(TestMethodWorker.java:129)
	at org.testng.internal.TestMethodWorker.run(TestMethodWorker.java:112)
	at org.testng.TestRunner.privateRun(TestRunner.java:782)
	at org.testng.TestRunner.run(TestRunner.java:632)
	at org.testng.SuiteRunner.runTest(SuiteRunner.java:366)
	at org.testng.SuiteRunner.runSequentially(SuiteRunner.java:361)
	at org.testng.SuiteRunner.privateRun(SuiteRunner.java:319)
	at org.testng.SuiteRunner.run(SuiteRunner.java:268)
	at org.testng.SuiteRunnerWorker.runSuite(SuiteRunnerWorker.java:52)
	at org.testng.SuiteRunnerWorker.run(SuiteRunnerWorker.java:86)
	at org.testng.TestNG.runSuitesSequentially(TestNG.java:1244)
	at org.testng.TestNG.runSuitesLocally(TestNG.java:1169)
	at org.testng.TestNG.run(TestNG.java:1064)
	at org.testng.remote.AbstractRemoteTestNG.run(AbstractRemoteTestNG.java:115)
	at org.testng.remote.RemoteTestNG.initAndRun(RemoteTestNG.java:251)
	at org.testng.remote.RemoteTestNG.main(RemoteTestNG.java:77)
]]>
    </failure>
  </testcase> <!-- Validate_MapDetails_nzcs_Custom_param -->
  <testcase name="Verify_Seasonal_Hub_Details_Page_AdCall" time="507.699" classname="com.twc.ios.app.testcases.SmokeTest">
    <failure type="java.lang.AssertionError" message="Scrolling filed, need to execute test Case again">
      <![CDATA[java.lang.AssertionError: Scrolling filed, need to execute test Case again
	at org.testng.Assert.fail(Assert.java:94)
	at com.twc.ios.app.general.Utils.navigateTofeedCard(Utils.java:6340)
	at com.twc.ios.app.testcases.SmokeTest.Verify_Seasonal_Hub_Details_Page_AdCall(SmokeTest.java:2852)
	at sun.reflect.NativeMethodAccessorImpl.invoke0(Native Method)
	at sun.reflect.NativeMethodAccessorImpl.invoke(NativeMethodAccessorImpl.java:62)
	at sun.reflect.DelegatingMethodAccessorImpl.invoke(DelegatingMethodAccessorImpl.java:43)
	at java.lang.reflect.Method.invoke(Method.java:498)
	at org.testng.internal.MethodInvocationHelper.invokeMethod(MethodInvocationHelper.java:86)
	at org.testng.internal.Invoker.invokeMethod(Invoker.java:643)
	at org.testng.internal.Invoker.invokeTestMethod(Invoker.java:820)
	at org.testng.internal.Invoker.invokeTestMethods(Invoker.java:1128)
	at org.testng.internal.TestMethodWorker.invokeTestMethods(TestMethodWorker.java:129)
	at org.testng.internal.TestMethodWorker.run(TestMethodWorker.java:112)
	at org.testng.TestRunner.privateRun(TestRunner.java:782)
	at org.testng.TestRunner.run(TestRunner.java:632)
	at org.testng.SuiteRunner.runTest(SuiteRunner.java:366)
	at org.testng.SuiteRunner.runSequentially(SuiteRunner.java:361)
	at org.testng.SuiteRunner.privateRun(SuiteRunner.java:319)
	at org.testng.SuiteRunner.run(SuiteRunner.java:268)
	at org.testng.SuiteRunnerWorker.runSuite(SuiteRunnerWorker.java:52)
	at org.testng.SuiteRunnerWorker.run(SuiteRunnerWorker.java:86)
	at org.testng.TestNG.runSuitesSequentially(TestNG.java:1244)
	at org.testng.TestNG.runSuitesLocally(TestNG.java:1169)
	at org.testng.TestNG.run(TestNG.java:1064)
	at org.testng.remote.AbstractRemoteTestNG.run(AbstractRemoteTestNG.java:115)
	at org.testng.remote.RemoteTestNG.initAndRun(RemoteTestNG.java:251)
	at org.testng.remote.RemoteTestNG.main(RemoteTestNG.java:77)
]]>
    </failure>
  </testcase> <!-- Verify_Seasonal_Hub_Details_Page_AdCall -->
  <testcase name="Validate_Feed1_rmid_Custom_param" time="0.485" classname="com.twc.ios.app.testcases.SmokeTest"/>
  <testcase name="Validate_Feed1_wind_Custom_param" time="0.468" classname="com.twc.ios.app.testcases.SmokeTest"/>
  <testcase name="Verify_NextGen_IM_AdCall" time="0.632" classname="com.twc.ios.app.testcases.SmokeTest"/>
  <testcase name="Validate_Feed1_dma_Custom_param" time="1.118" classname="com.twc.ios.app.testcases.SmokeTest"/>
  <testcase name="Verify_SafetyAndPreparednessCard_AdCall" time="0.455" classname="com.twc.ios.app.testcases.SmokeTest"/>
  <testcase name="Validate_AllergyDetails_Spotlight_pos_Custom_param" time="0.462" classname="com.twc.ios.app.testcases.SmokeTest"/>
  <testcase name="Verify_HourlyDetails_AdCall" time="0.448" classname="com.twc.ios.app.testcases.SmokeTest"/>
  <testcase name="Validate_Feed1_dynght_Custom_param" time="1.010" classname="com.twc.ios.app.testcases.SmokeTest"/>
  <testcase name="Validate_DailyDetails_Banner_Ad_zcs_Custom_param" time="0.094" classname="com.twc.ios.app.testcases.SmokeTest">
    <failure type="java.lang.AssertionError" message="Custom Parameter :zcs value: nl is not matched with the expected value: 23229,23228,23183,23182,23077,23070,23066,23059,23056,23038,22991,22990,22984,22904,22302,22299,22291,22277,22273,22243,22241,22240,21936,21801,21791,21773,21745,21744,21531,21374,21350,21248,21179,18470,17017,17016,16662,16600,15225,14787,13987,9245,7893,7813,7797">
      <![CDATA[java.lang.AssertionError: Custom Parameter :zcs value: nl is not matched with the expected value: 23229,23228,23183,23182,23077,23070,23066,23059,23056,23038,22991,22990,22984,22904,22302,22299,22291,22277,22273,22243,22241,22240,21936,21801,21791,21773,21745,21744,21531,21374,21350,21248,21179,18470,17017,17016,16662,16600,15225,14787,13987,9245,7893,7813,7797
	at org.testng.Assert.fail(Assert.java:94)
	at com.twc.ios.app.general.Utils.validate_custom_param_val_of_gampad_with_zip(Utils.java:8269)
	at com.twc.ios.app.testcases.SmokeTest.Validate_DailyDetails_Banner_Ad_zcs_Custom_param(SmokeTest.java:2195)
	at sun.reflect.NativeMethodAccessorImpl.invoke0(Native Method)
	at sun.reflect.NativeMethodAccessorImpl.invoke(NativeMethodAccessorImpl.java:62)
	at sun.reflect.DelegatingMethodAccessorImpl.invoke(DelegatingMethodAccessorImpl.java:43)
	at java.lang.reflect.Method.invoke(Method.java:498)
	at org.testng.internal.MethodInvocationHelper.invokeMethod(MethodInvocationHelper.java:86)
	at org.testng.internal.Invoker.invokeMethod(Invoker.java:643)
	at org.testng.internal.Invoker.invokeTestMethod(Invoker.java:820)
	at org.testng.internal.Invoker.invokeTestMethods(Invoker.java:1128)
	at org.testng.internal.TestMethodWorker.invokeTestMethods(TestMethodWorker.java:129)
	at org.testng.internal.TestMethodWorker.run(TestMethodWorker.java:112)
	at org.testng.TestRunner.privateRun(TestRunner.java:782)
	at org.testng.TestRunner.run(TestRunner.java:632)
	at org.testng.SuiteRunner.runTest(SuiteRunner.java:366)
	at org.testng.SuiteRunner.runSequentially(SuiteRunner.java:361)
	at org.testng.SuiteRunner.privateRun(SuiteRunner.java:319)
	at org.testng.SuiteRunner.run(SuiteRunner.java:268)
	at org.testng.SuiteRunnerWorker.runSuite(SuiteRunnerWorker.java:52)
	at org.testng.SuiteRunnerWorker.run(SuiteRunnerWorker.java:86)
	at org.testng.TestNG.runSuitesSequentially(TestNG.java:1244)
	at org.testng.TestNG.runSuitesLocally(TestNG.java:1169)
	at org.testng.TestNG.run(TestNG.java:1064)
	at org.testng.remote.AbstractRemoteTestNG.run(AbstractRemoteTestNG.java:115)
	at org.testng.remote.RemoteTestNG.initAndRun(RemoteTestNG.java:251)
	at org.testng.remote.RemoteTestNG.main(RemoteTestNG.java:77)
]]>
    </failure>
  </testcase> <!-- Validate_DailyDetails_Banner_Ad_zcs_Custom_param -->
  <testcase name="Validate_Marquee_lang_Custom_param" time="0.442" classname="com.twc.ios.app.testcases.SmokeTest"/>
  <testcase name="Verify_Daily_Details_AdUnits" time="333.720" classname="com.twc.ios.app.testcases.SmokeTest"/>
  <testcase name="Validate_Criteo_SDK_config_app_Call_sdkVersion_parameter" time="0.256" classname="com.twc.ios.app.testcases.SmokeTest"/>
  <testcase name="validate_Marquee_sod_Custom_param" time="0.480" classname="com.twc.ios.app.testcases.SmokeTest"/>
  <testcase name="Validate_Marquee_wind_Custom_param" time="0.448" classname="com.twc.ios.app.testcases.SmokeTest"/>
  <testcase name="Validate_Feed1_ftl_Custom_param" time="0.488" classname="com.twc.ios.app.testcases.SmokeTest"/>
  <testcase name="Validate_Marquee_fhic_Custom_param" time="0.491" classname="com.twc.ios.app.testcases.SmokeTest"/>
  <testcase name="Validate_PreRollVideo_hzcs_Custom_param" time="0.030" classname="com.twc.ios.app.testcases.SmokeTest">
    <error type="java.lang.NullPointerException">
      <![CDATA[java.lang.NullPointerException
	at java.lang.String.contains(String.java:2133)
	at com.twc.ios.app.general.Utils.validate_custom_param_val_of_gampad_with_zip(Utils.java:8203)
	at com.twc.ios.app.testcases.SmokeTest.Validate_PreRollVideo_hzcs_Custom_param(SmokeTest.java:2538)
	at sun.reflect.NativeMethodAccessorImpl.invoke0(Native Method)
	at sun.reflect.NativeMethodAccessorImpl.invoke(NativeMethodAccessorImpl.java:62)
	at sun.reflect.DelegatingMethodAccessorImpl.invoke(DelegatingMethodAccessorImpl.java:43)
	at java.lang.reflect.Method.invoke(Method.java:498)
	at org.testng.internal.MethodInvocationHelper.invokeMethod(MethodInvocationHelper.java:86)
	at org.testng.internal.Invoker.invokeMethod(Invoker.java:643)
	at org.testng.internal.Invoker.invokeTestMethod(Invoker.java:820)
	at org.testng.internal.Invoker.invokeTestMethods(Invoker.java:1128)
	at org.testng.internal.TestMethodWorker.invokeTestMethods(TestMethodWorker.java:129)
	at org.testng.internal.TestMethodWorker.run(TestMethodWorker.java:112)
	at org.testng.TestRunner.privateRun(TestRunner.java:782)
	at org.testng.TestRunner.run(TestRunner.java:632)
	at org.testng.SuiteRunner.runTest(SuiteRunner.java:366)
	at org.testng.SuiteRunner.runSequentially(SuiteRunner.java:361)
	at org.testng.SuiteRunner.privateRun(SuiteRunner.java:319)
	at org.testng.SuiteRunner.run(SuiteRunner.java:268)
	at org.testng.SuiteRunnerWorker.runSuite(SuiteRunnerWorker.java:52)
	at org.testng.SuiteRunnerWorker.run(SuiteRunnerWorker.java:86)
	at org.testng.TestNG.runSuitesSequentially(TestNG.java:1244)
	at org.testng.TestNG.runSuitesLocally(TestNG.java:1169)
	at org.testng.TestNG.run(TestNG.java:1064)
	at org.testng.remote.AbstractRemoteTestNG.run(AbstractRemoteTestNG.java:115)
	at org.testng.remote.RemoteTestNG.initAndRun(RemoteTestNG.java:251)
	at org.testng.remote.RemoteTestNG.main(RemoteTestNG.java:77)
]]>
    </error>
  </testcase> <!-- Validate_PreRollVideo_hzcs_Custom_param -->
  <testcase name="Validate_SafetyAndPreparednessCard_Call_Response" time="0.479" classname="com.twc.ios.app.testcases.SmokeTest"/>
  <testcase name="Validate_Marquee_ord_Custom_param" time="0.478" classname="com.twc.ios.app.testcases.SmokeTest"/>
  <testcase name="Validate_Feed1_aid_Custom_param" time="0.458" classname="com.twc.ios.app.testcases.SmokeTest"/>
  <testcase name="Validate_Feed1_hmid_Custom_param" time="0.486" classname="com.twc.ios.app.testcases.SmokeTest"/>
  <testcase name="Validate_MapDetails_hzcs_Custom_param" time="0.266" classname="com.twc.ios.app.testcases.SmokeTest"/>
  <testcase name="Verify_Hourly_Details_BigAd2_Adcall" time="0.245" classname="com.twc.ios.app.testcases.SmokeTest"/>
  <testcase name="Validate_Feed1_ord_Custom_param" time="0.467" classname="com.twc.ios.app.testcases.SmokeTest"/>
  <testcase name="Validate_Feed1_st_Custom_param" time="0.912" classname="com.twc.ios.app.testcases.SmokeTest"/>
  <testcase name="Validate_Marquee_layer_Custom_param" time="0.490" classname="com.twc.ios.app.testcases.SmokeTest"/>
  <testcase name="Validate_PreRollVideo_dnt_Custom_param" time="0.023" classname="com.twc.ios.app.testcases.SmokeTest">
    <error type="java.lang.NullPointerException">
      <![CDATA[java.lang.NullPointerException
	at java.lang.String.contains(String.java:2133)
	at com.twc.ios.app.general.Utils.validate_custom_param_val_of_gampad(Utils.java:7897)
	at com.twc.ios.app.testcases.SmokeTest.Validate_PreRollVideo_dnt_Custom_param(SmokeTest.java:2486)
	at sun.reflect.NativeMethodAccessorImpl.invoke0(Native Method)
	at sun.reflect.NativeMethodAccessorImpl.invoke(NativeMethodAccessorImpl.java:62)
	at sun.reflect.DelegatingMethodAccessorImpl.invoke(DelegatingMethodAccessorImpl.java:43)
	at java.lang.reflect.Method.invoke(Method.java:498)
	at org.testng.internal.MethodInvocationHelper.invokeMethod(MethodInvocationHelper.java:86)
	at org.testng.internal.Invoker.invokeMethod(Invoker.java:643)
	at org.testng.internal.Invoker.invokeTestMethod(Invoker.java:820)
	at org.testng.internal.Invoker.invokeTestMethods(Invoker.java:1128)
	at org.testng.internal.TestMethodWorker.invokeTestMethods(TestMethodWorker.java:129)
	at org.testng.internal.TestMethodWorker.run(TestMethodWorker.java:112)
	at org.testng.TestRunner.privateRun(TestRunner.java:782)
	at org.testng.TestRunner.run(TestRunner.java:632)
	at org.testng.SuiteRunner.runTest(SuiteRunner.java:366)
	at org.testng.SuiteRunner.runSequentially(SuiteRunner.java:361)
	at org.testng.SuiteRunner.privateRun(SuiteRunner.java:319)
	at org.testng.SuiteRunner.run(SuiteRunner.java:268)
	at org.testng.SuiteRunnerWorker.runSuite(SuiteRunnerWorker.java:52)
	at org.testng.SuiteRunnerWorker.run(SuiteRunnerWorker.java:86)
	at org.testng.TestNG.runSuitesSequentially(TestNG.java:1244)
	at org.testng.TestNG.runSuitesLocally(TestNG.java:1169)
	at org.testng.TestNG.run(TestNG.java:1064)
	at org.testng.remote.AbstractRemoteTestNG.run(AbstractRemoteTestNG.java:115)
	at org.testng.remote.RemoteTestNG.initAndRun(RemoteTestNG.java:251)
	at org.testng.remote.RemoteTestNG.main(RemoteTestNG.java:77)
]]>
    </error>
  </testcase> <!-- Validate_PreRollVideo_dnt_Custom_param -->
  <testcase name="Validate_DailyDetails_Banner_Ad_wfxtg_Custom_param" time="0.212" classname="com.twc.ios.app.testcases.SmokeTest"/>
  <testcase name="Validate_Marquee_adid_Custom_param" time="0.473" classname="com.twc.ios.app.testcases.SmokeTest"/>
  <testcase name="Validate_Marquee_h2o_Custom_param" time="0.446" classname="com.twc.ios.app.testcases.SmokeTest"/>
  <testcase name="Verify_Lotame_Call_On_KillAndLaunch" time="0.355" classname="com.twc.ios.app.testcases.SmokeTest"/>
  <testcase name="Validate_Marquee_ltv_Custom_param" time="0.472" classname="com.twc.ios.app.testcases.SmokeTest"/>
  <testcase name="Validate_Feed1_tmp_Custom_param" time="0.478" classname="com.twc.ios.app.testcases.SmokeTest"/>
  <testcase name="Verify_AlertCenterAd" time="0.522" classname="com.twc.ios.app.testcases.SmokeTest"/>
  <testcase name="Verify_PrerollAd" time="295.530" classname="com.twc.ios.app.testcases.SmokeTest">
    <failure type="java.lang.AssertionError" message="Ad Call not found in charles session">
      <![CDATA[java.lang.AssertionError: Ad Call not found in charles session
	at org.testng.Assert.fail(Assert.java:94)
	at com.twc.ios.app.general.Utils.get_iu_value_of_Feedcall(Utils.java:8472)
	at com.twc.ios.app.testcases.SmokeTest.Verify_PrerollAd(SmokeTest.java:2408)
	at sun.reflect.NativeMethodAccessorImpl.invoke0(Native Method)
	at sun.reflect.NativeMethodAccessorImpl.invoke(NativeMethodAccessorImpl.java:62)
	at sun.reflect.DelegatingMethodAccessorImpl.invoke(DelegatingMethodAccessorImpl.java:43)
	at java.lang.reflect.Method.invoke(Method.java:498)
	at org.testng.internal.MethodInvocationHelper.invokeMethod(MethodInvocationHelper.java:86)
	at org.testng.internal.Invoker.invokeMethod(Invoker.java:643)
	at org.testng.internal.Invoker.invokeTestMethod(Invoker.java:820)
	at org.testng.internal.Invoker.invokeTestMethods(Invoker.java:1128)
	at org.testng.internal.TestMethodWorker.invokeTestMethods(TestMethodWorker.java:129)
	at org.testng.internal.TestMethodWorker.run(TestMethodWorker.java:112)
	at org.testng.TestRunner.privateRun(TestRunner.java:782)
	at org.testng.TestRunner.run(TestRunner.java:632)
	at org.testng.SuiteRunner.runTest(SuiteRunner.java:366)
	at org.testng.SuiteRunner.runSequentially(SuiteRunner.java:361)
	at org.testng.SuiteRunner.privateRun(SuiteRunner.java:319)
	at org.testng.SuiteRunner.run(SuiteRunner.java:268)
	at org.testng.SuiteRunnerWorker.runSuite(SuiteRunnerWorker.java:52)
	at org.testng.SuiteRunnerWorker.run(SuiteRunnerWorker.java:86)
	at org.testng.TestNG.runSuitesSequentially(TestNG.java:1244)
	at org.testng.TestNG.runSuitesLocally(TestNG.java:1169)
	at org.testng.TestNG.run(TestNG.java:1064)
	at org.testng.remote.AbstractRemoteTestNG.run(AbstractRemoteTestNG.java:115)
	at org.testng.remote.RemoteTestNG.initAndRun(RemoteTestNG.java:251)
	at org.testng.remote.RemoteTestNG.main(RemoteTestNG.java:77)
]]>
    </failure>
  </testcase> <!-- Verify_PrerollAd -->
  <testcase name="Validate_Marquee_tmpr_Custom_param" time="0.467" classname="com.twc.ios.app.testcases.SmokeTest"/>
  <testcase name="Validate_Marquee_aid_Custom_param" time="0.459" classname="com.twc.ios.app.testcases.SmokeTest"/>
  <testcase name="Validate_Marquee_tile_Custom_param" time="0.511" classname="com.twc.ios.app.testcases.SmokeTest"/>
  <testcase name="Verify_Homescreen_Adhesive_AdCall" time="0.754" classname="com.twc.ios.app.testcases.SmokeTest"/>
  <testcase name="Validate_Marquee_ver_Custom_param" time="0.466" classname="com.twc.ios.app.testcases.SmokeTest"/>
  <testcase name="beforeTest" time="475.276" classname="com.twc.ios.app.testcases.SmokeTest"/>
  <testcase name="Validate_Marquee_rmid_Custom_param" time="0.472" classname="com.twc.ios.app.testcases.SmokeTest"/>
  <testcase name="Validate_Feed1_fhic_Custom_param" time="0.445" classname="com.twc.ios.app.testcases.SmokeTest"/>
  <testcase name="Validate_PreRollVideo_vid_Custom_param" time="0.022" classname="com.twc.ios.app.testcases.SmokeTest">
    <error type="java.lang.NullPointerException">
      <![CDATA[java.lang.NullPointerException
	at java.lang.String.contains(String.java:2133)
	at com.twc.ios.app.general.Utils.validate_custom_param_val_of_gampad(Utils.java:8047)
	at com.twc.ios.app.testcases.SmokeTest.Validate_PreRollVideo_vid_Custom_param(SmokeTest.java:2447)
	at sun.reflect.NativeMethodAccessorImpl.invoke0(Native Method)
	at sun.reflect.NativeMethodAccessorImpl.invoke(NativeMethodAccessorImpl.java:62)
	at sun.reflect.DelegatingMethodAccessorImpl.invoke(DelegatingMethodAccessorImpl.java:43)
	at java.lang.reflect.Method.invoke(Method.java:498)
	at org.testng.internal.MethodInvocationHelper.invokeMethod(MethodInvocationHelper.java:86)
	at org.testng.internal.Invoker.invokeMethod(Invoker.java:643)
	at org.testng.internal.Invoker.invokeTestMethod(Invoker.java:820)
	at org.testng.internal.Invoker.invokeTestMethods(Invoker.java:1128)
	at org.testng.internal.TestMethodWorker.invokeTestMethods(TestMethodWorker.java:129)
	at org.testng.internal.TestMethodWorker.run(TestMethodWorker.java:112)
	at org.testng.TestRunner.privateRun(TestRunner.java:782)
	at org.testng.TestRunner.run(TestRunner.java:632)
	at org.testng.SuiteRunner.runTest(SuiteRunner.java:366)
	at org.testng.SuiteRunner.runSequentially(SuiteRunner.java:361)
	at org.testng.SuiteRunner.privateRun(SuiteRunner.java:319)
	at org.testng.SuiteRunner.run(SuiteRunner.java:268)
	at org.testng.SuiteRunnerWorker.runSuite(SuiteRunnerWorker.java:52)
	at org.testng.SuiteRunnerWorker.run(SuiteRunnerWorker.java:86)
	at org.testng.TestNG.runSuitesSequentially(TestNG.java:1244)
	at org.testng.TestNG.runSuitesLocally(TestNG.java:1169)
	at org.testng.TestNG.run(TestNG.java:1064)
	at org.testng.remote.AbstractRemoteTestNG.run(AbstractRemoteTestNG.java:115)
	at org.testng.remote.RemoteTestNG.initAndRun(RemoteTestNG.java:251)
	at org.testng.remote.RemoteTestNG.main(RemoteTestNG.java:77)
]]>
    </error>
  </testcase> <!-- Validate_PreRollVideo_vid_Custom_param -->
  <testcase name="Validate_Feed1_ver_Custom_param" time="0.442" classname="com.twc.ios.app.testcases.SmokeTest"/>
  <testcase name="Verify_Hourly_Details_BigAd3_Adcall" time="0.053" classname="com.twc.ios.app.testcases.SmokeTest"/>
  <testcase name="Validate_Criteo_SDK_Bidder_API_Call_Response_Code" time="0.262" classname="com.twc.ios.app.testcases.SmokeTest"/>
  <testcase name="Validate_Marquee_zip_Custom_param" time="1.122" classname="com.twc.ios.app.testcases.SmokeTest"/>
  <testcase name="Validate_daily_details_fcnd_Custom_param" time="1.148" classname="com.twc.ios.app.testcases.SmokeTest"/>
  <testcase name="Validate_Criteo_SDK_Initialization_API_Call_Response_Parameter_liveBiddingEnabled" time="0.225" classname="com.twc.ios.app.testcases.SmokeTest"/>
  <testcase name="Verify_Health_Running_ContentPage_AdCall" time="0.492" classname="com.twc.ios.app.testcases.SmokeTest"/>
  <testcase name="Validate_PreRollVideo_wfxtg_Custom_param" time="0.024" classname="com.twc.ios.app.testcases.SmokeTest">
    <error type="java.lang.NullPointerException">
      <![CDATA[java.lang.NullPointerException
	at java.lang.String.contains(String.java:2133)
	at com.twc.ios.app.general.Utils.validate_custom_param_val_of_gampad_with_zip(Utils.java:8203)
	at com.twc.ios.app.testcases.SmokeTest.Validate_PreRollVideo_wfxtg_Custom_param(SmokeTest.java:2499)
	at sun.reflect.NativeMethodAccessorImpl.invoke0(Native Method)
	at sun.reflect.NativeMethodAccessorImpl.invoke(NativeMethodAccessorImpl.java:62)
	at sun.reflect.DelegatingMethodAccessorImpl.invoke(DelegatingMethodAccessorImpl.java:43)
	at java.lang.reflect.Method.invoke(Method.java:498)
	at org.testng.internal.MethodInvocationHelper.invokeMethod(MethodInvocationHelper.java:86)
	at org.testng.internal.Invoker.invokeMethod(Invoker.java:643)
	at org.testng.internal.Invoker.invokeTestMethod(Invoker.java:820)
	at org.testng.internal.Invoker.invokeTestMethods(Invoker.java:1128)
	at org.testng.internal.TestMethodWorker.invokeTestMethods(TestMethodWorker.java:129)
	at org.testng.internal.TestMethodWorker.run(TestMethodWorker.java:112)
	at org.testng.TestRunner.privateRun(TestRunner.java:782)
	at org.testng.TestRunner.run(TestRunner.java:632)
	at org.testng.SuiteRunner.runTest(SuiteRunner.java:366)
	at org.testng.SuiteRunner.runSequentially(SuiteRunner.java:361)
	at org.testng.SuiteRunner.privateRun(SuiteRunner.java:319)
	at org.testng.SuiteRunner.run(SuiteRunner.java:268)
	at org.testng.SuiteRunnerWorker.runSuite(SuiteRunnerWorker.java:52)
	at org.testng.SuiteRunnerWorker.run(SuiteRunnerWorker.java:86)
	at org.testng.TestNG.runSuitesSequentially(TestNG.java:1244)
	at org.testng.TestNG.runSuitesLocally(TestNG.java:1169)
	at org.testng.TestNG.run(TestNG.java:1064)
	at org.testng.remote.AbstractRemoteTestNG.run(AbstractRemoteTestNG.java:115)
	at org.testng.remote.RemoteTestNG.initAndRun(RemoteTestNG.java:251)
	at org.testng.remote.RemoteTestNG.main(RemoteTestNG.java:77)
]]>
    </error>
  </testcase> <!-- Validate_PreRollVideo_wfxtg_Custom_param -->
  <testcase name="Validate_Feed1_ct_Custom_param" time="1.071" classname="com.twc.ios.app.testcases.SmokeTest"/>
  <testcase name="Validate_Feed1_sod_Custom_param" time="0.525" classname="com.twc.ios.app.testcases.SmokeTest"/>
  <testcase name="Validate_daily_details_dt_Custom_param" time="0.477" classname="com.twc.ios.app.testcases.SmokeTest"/>
  <testcase name="Validate_AllergyDetails_Spotlight_Ad_Size" time="0.494" classname="com.twc.ios.app.testcases.SmokeTest"/>
  <testcase name="Validate_Feed1_cnd_Custom_param" time="0.952" classname="com.twc.ios.app.testcases.SmokeTest"/>
  <testcase name="Verify_WFXTriggers_Call_On_KillAndLaunch" time="0.198" classname="com.twc.ios.app.testcases.SmokeTest"/>
  <testcase name="Validate_GMA_SDK_version" time="0.122" classname="com.twc.ios.app.testcases.SmokeTest"/>
  <testcase name="Validate_Marquee_dnt_Custom_param" time="0.485" classname="com.twc.ios.app.testcases.SmokeTest"/>
  <testcase name="kill_and_Launch_app_for_api_calls" time="664.978" classname="com.twc.ios.app.testcases.SmokeTest"/>
  <testcase name="Validate_Marquee_tmpc_Custom_param" time="0.918" classname="com.twc.ios.app.testcases.SmokeTest"/>
  <testcase name="Validate_PreRollVideo_cxtg_Custom_param" time="0.029" classname="com.twc.ios.app.testcases.SmokeTest">
    <error type="java.lang.NullPointerException">
      <![CDATA[java.lang.NullPointerException
	at java.lang.String.contains(String.java:2133)
	at com.twc.ios.app.general.Utils.validate_custom_param_val_of_gampad_with_zip(Utils.java:8203)
	at com.twc.ios.app.testcases.SmokeTest.Validate_PreRollVideo_cxtg_Custom_param(SmokeTest.java:2512)
	at sun.reflect.NativeMethodAccessorImpl.invoke0(Native Method)
	at sun.reflect.NativeMethodAccessorImpl.invoke(NativeMethodAccessorImpl.java:62)
	at sun.reflect.DelegatingMethodAccessorImpl.invoke(DelegatingMethodAccessorImpl.java:43)
	at java.lang.reflect.Method.invoke(Method.java:498)
	at org.testng.internal.MethodInvocationHelper.invokeMethod(MethodInvocationHelper.java:86)
	at org.testng.internal.Invoker.invokeMethod(Invoker.java:643)
	at org.testng.internal.Invoker.invokeTestMethod(Invoker.java:820)
	at org.testng.internal.Invoker.invokeTestMethods(Invoker.java:1128)
	at org.testng.internal.TestMethodWorker.invokeTestMethods(TestMethodWorker.java:129)
	at org.testng.internal.TestMethodWorker.run(TestMethodWorker.java:112)
	at org.testng.TestRunner.privateRun(TestRunner.java:782)
	at org.testng.TestRunner.run(TestRunner.java:632)
	at org.testng.SuiteRunner.runTest(SuiteRunner.java:366)
	at org.testng.SuiteRunner.runSequentially(SuiteRunner.java:361)
	at org.testng.SuiteRunner.privateRun(SuiteRunner.java:319)
	at org.testng.SuiteRunner.run(SuiteRunner.java:268)
	at org.testng.SuiteRunnerWorker.runSuite(SuiteRunnerWorker.java:52)
	at org.testng.SuiteRunnerWorker.run(SuiteRunnerWorker.java:86)
	at org.testng.TestNG.runSuitesSequentially(TestNG.java:1244)
	at org.testng.TestNG.runSuitesLocally(TestNG.java:1169)
	at org.testng.TestNG.run(TestNG.java:1064)
	at org.testng.remote.AbstractRemoteTestNG.run(AbstractRemoteTestNG.java:115)
	at org.testng.remote.RemoteTestNG.initAndRun(RemoteTestNG.java:251)
	at org.testng.remote.RemoteTestNG.main(RemoteTestNG.java:77)
]]>
    </error>
  </testcase> <!-- Validate_PreRollVideo_cxtg_Custom_param -->
  <testcase name="Validate_Feed1_mr_Custom_param" time="0.472" classname="com.twc.ios.app.testcases.SmokeTest"/>
  <testcase name="Validate_DailyDetails_Banner_Ad_hzcs_Custom_param" time="0.098" classname="com.twc.ios.app.testcases.SmokeTest"/>
  <testcase name="Validate_Feed1_ltv_Custom_param" time="0.501" classname="com.twc.ios.app.testcases.SmokeTest"/>
  <testcase name="Validate_Feed1_tmpc_Custom_param" time="1.059" classname="com.twc.ios.app.testcases.SmokeTest"/>
  <testcase name="Validate_daily_details_mnth_Custom_param" time="0.470" classname="com.twc.ios.app.testcases.SmokeTest"/>
  <testcase name="Validate_Amazon_SDK_adsdk_parameter" time="0.261" classname="com.twc.ios.app.testcases.SmokeTest"/>
  <testcase name="Validate_Feed1_tmpr_Custom_param" time="0.500" classname="com.twc.ios.app.testcases.SmokeTest"/>
  <testcase name="Validate_Marquee_ftl_Custom_param" time="0.479" classname="com.twc.ios.app.testcases.SmokeTest"/>
  <testcase name="Validate_Marquee_ct_Custom_param" time="1.023" classname="com.twc.ios.app.testcases.SmokeTest"/>
  <testcase name="Validate_MapDetails_wfxtg_Custom_param" time="0.381" classname="com.twc.ios.app.testcases.SmokeTest"/>
  <testcase name="Validate_daily_details_fdynght_Custom_param" time="0.953" classname="com.twc.ios.app.testcases.SmokeTest"/>
  <testcase name="Verify_AllergyDetails_Spotlight_AdCall" time="0.462" classname="com.twc.ios.app.testcases.SmokeTest"/>
  <testcase name="Verify_TurboAPI_Call_On_KillAndLaunch" time="0.171" classname="com.twc.ios.app.testcases.SmokeTest"/>
  <testcase name="Validate_Feed1_adid_Custom_param" time="0.471" classname="com.twc.ios.app.testcases.SmokeTest"/>
  <testcase name="Validate_Marquee_floc_Custom_param" time="0.458" classname="com.twc.ios.app.testcases.SmokeTest"/>
  <testcase name="Verify_MapsDetails_AdCall" time="0.491" classname="com.twc.ios.app.testcases.SmokeTest"/>
  <testcase name="Verify_Air_Quality_Details_AdCall" time="0.474" classname="com.twc.ios.app.testcases.SmokeTest"/>
  <testcase name="Verify_enable_preConditions_for_WeatherFx_API_Parameters" time="633.305" classname="com.twc.ios.app.testcases.SmokeTest"/>
  <testcase name="Validate_Criteo_SDK_Initialization_API_Call_Response_Parameter_remoteLogLevel" time="0.238" classname="com.twc.ios.app.testcases.SmokeTest"/>
  <testcase name="Validate_DailyDetails_Banner_Ad_cxtg_Custom_param" time="0.083" classname="com.twc.ios.app.testcases.SmokeTest">
    <failure type="java.lang.AssertionError" message="Custom Parameter :cxtg value: nl is not matched with the expected value: c,i,z,1a,1b,1c,1j,1l,1s,1u,1x,1y,1-,2a,2e,2f,6a,6g,6h,6n,6r,6s,6u,6v,6y,6z,7t,7w,8a,8b,8j,8m,8n,8s,9-,a3,a4,b8,c3,cj,cr,ef,ei,ff,gv,n9,nf,ng,ps,pt,px,p_,q1,q5,r1,r2,r7,rz,r-,r_,sm,so,x0,yq,yx,y-,z9,zf,zn,1gs,1gv,1h7,1h8,1h9,1hd,1he,1hg,1hj,1ht,1hv,1ii,1ij,1j8,1jh,1jq,1js,1k2,1k6,1kk,1kz,1l4,1ln,1m6,1sz,1t9,1ta,1tf,1tg,1th,1tl,1tm,1to,1tp,1tq,1tv,1tw,1u1,1u2,1u3,1u4,1u5,1u6,1v7,1v8,1v9,1va,1vb,1vc,1vj,1vk,1vl,1vm,1vn,1vo,1wc,1wl,1wx,1wy,1xd,1xf,1xh,1y9,1yb,1yc,1yn,1z9,1zh,1zi,1zj,1zl,1zm,1zn,1zp,1zr,1zx,1zy,1zz,1z_,1-3,1-6,1-9,1-c,1-d,1-h,1-o,1-u">
      <![CDATA[java.lang.AssertionError: Custom Parameter :cxtg value: nl is not matched with the expected value: c,i,z,1a,1b,1c,1j,1l,1s,1u,1x,1y,1-,2a,2e,2f,6a,6g,6h,6n,6r,6s,6u,6v,6y,6z,7t,7w,8a,8b,8j,8m,8n,8s,9-,a3,a4,b8,c3,cj,cr,ef,ei,ff,gv,n9,nf,ng,ps,pt,px,p_,q1,q5,r1,r2,r7,rz,r-,r_,sm,so,x0,yq,yx,y-,z9,zf,zn,1gs,1gv,1h7,1h8,1h9,1hd,1he,1hg,1hj,1ht,1hv,1ii,1ij,1j8,1jh,1jq,1js,1k2,1k6,1kk,1kz,1l4,1ln,1m6,1sz,1t9,1ta,1tf,1tg,1th,1tl,1tm,1to,1tp,1tq,1tv,1tw,1u1,1u2,1u3,1u4,1u5,1u6,1v7,1v8,1v9,1va,1vb,1vc,1vj,1vk,1vl,1vm,1vn,1vo,1wc,1wl,1wx,1wy,1xd,1xf,1xh,1y9,1yb,1yc,1yn,1z9,1zh,1zi,1zj,1zl,1zm,1zn,1zp,1zr,1zx,1zy,1zz,1z_,1-3,1-6,1-9,1-c,1-d,1-h,1-o,1-u
	at org.testng.Assert.fail(Assert.java:94)
	at com.twc.ios.app.general.Utils.validate_custom_param_val_of_gampad_with_zip(Utils.java:8269)
	at com.twc.ios.app.testcases.SmokeTest.Validate_DailyDetails_Banner_Ad_cxtg_Custom_param(SmokeTest.java:2169)
	at sun.reflect.NativeMethodAccessorImpl.invoke0(Native Method)
	at sun.reflect.NativeMethodAccessorImpl.invoke(NativeMethodAccessorImpl.java:62)
	at sun.reflect.DelegatingMethodAccessorImpl.invoke(DelegatingMethodAccessorImpl.java:43)
	at java.lang.reflect.Method.invoke(Method.java:498)
	at org.testng.internal.MethodInvocationHelper.invokeMethod(MethodInvocationHelper.java:86)
	at org.testng.internal.Invoker.invokeMethod(Invoker.java:643)
	at org.testng.internal.Invoker.invokeTestMethod(Invoker.java:820)
	at org.testng.internal.Invoker.invokeTestMethods(Invoker.java:1128)
	at org.testng.internal.TestMethodWorker.invokeTestMethods(TestMethodWorker.java:129)
	at org.testng.internal.TestMethodWorker.run(TestMethodWorker.java:112)
	at org.testng.TestRunner.privateRun(TestRunner.java:782)
	at org.testng.TestRunner.run(TestRunner.java:632)
	at org.testng.SuiteRunner.runTest(SuiteRunner.java:366)
	at org.testng.SuiteRunner.runSequentially(SuiteRunner.java:361)
	at org.testng.SuiteRunner.privateRun(SuiteRunner.java:319)
	at org.testng.SuiteRunner.run(SuiteRunner.java:268)
	at org.testng.SuiteRunnerWorker.runSuite(SuiteRunnerWorker.java:52)
	at org.testng.SuiteRunnerWorker.run(SuiteRunnerWorker.java:86)
	at org.testng.TestNG.runSuitesSequentially(TestNG.java:1244)
	at org.testng.TestNG.runSuitesLocally(TestNG.java:1169)
	at org.testng.TestNG.run(TestNG.java:1064)
	at org.testng.remote.AbstractRemoteTestNG.run(AbstractRemoteTestNG.java:115)
	at org.testng.remote.RemoteTestNG.initAndRun(RemoteTestNG.java:251)
	at org.testng.remote.RemoteTestNG.main(RemoteTestNG.java:77)
]]>
    </failure>
  </testcase> <!-- Validate_DailyDetails_Banner_Ad_cxtg_Custom_param -->
  <testcase name="Validate_Marquee_uv_Custom_param" time="0.496" classname="com.twc.ios.app.testcases.SmokeTest"/>
  <testcase name="Validate_Feed1_h2o_Custom_param" time="0.506" classname="com.twc.ios.app.testcases.SmokeTest"/>
  <testcase name="validate_Marquee_mr_Custom_param" time="0.467" classname="com.twc.ios.app.testcases.SmokeTest"/>
  <testcase name="Validate_Feed1_floc_Custom_param" time="0.459" classname="com.twc.ios.app.testcases.SmokeTest"/>
  <testcase name="Validate_PreRollVideo_cmsid_Custom_param" time="0.022" classname="com.twc.ios.app.testcases.SmokeTest">
    <error type="java.lang.NullPointerException">
      <![CDATA[java.lang.NullPointerException
	at java.lang.String.contains(String.java:2133)
	at com.twc.ios.app.general.Utils.validate_custom_param_val_of_gampad(Utils.java:8047)
	at com.twc.ios.app.testcases.SmokeTest.Validate_PreRollVideo_cmsid_Custom_param(SmokeTest.java:2421)
	at sun.reflect.NativeMethodAccessorImpl.invoke0(Native Method)
	at sun.reflect.NativeMethodAccessorImpl.invoke(NativeMethodAccessorImpl.java:62)
	at sun.reflect.DelegatingMethodAccessorImpl.invoke(DelegatingMethodAccessorImpl.java:43)
	at java.lang.reflect.Method.invoke(Method.java:498)
	at org.testng.internal.MethodInvocationHelper.invokeMethod(MethodInvocationHelper.java:86)
	at org.testng.internal.Invoker.invokeMethod(Invoker.java:643)
	at org.testng.internal.Invoker.invokeTestMethod(Invoker.java:820)
	at org.testng.internal.Invoker.invokeTestMethods(Invoker.java:1128)
	at org.testng.internal.TestMethodWorker.invokeTestMethods(TestMethodWorker.java:129)
	at org.testng.internal.TestMethodWorker.run(TestMethodWorker.java:112)
	at org.testng.TestRunner.privateRun(TestRunner.java:782)
	at org.testng.TestRunner.run(TestRunner.java:632)
	at org.testng.SuiteRunner.runTest(SuiteRunner.java:366)
	at org.testng.SuiteRunner.runSequentially(SuiteRunner.java:361)
	at org.testng.SuiteRunner.privateRun(SuiteRunner.java:319)
	at org.testng.SuiteRunner.run(SuiteRunner.java:268)
	at org.testng.SuiteRunnerWorker.runSuite(SuiteRunnerWorker.java:52)
	at org.testng.SuiteRunnerWorker.run(SuiteRunnerWorker.java:86)
	at org.testng.TestNG.runSuitesSequentially(TestNG.java:1244)
	at org.testng.TestNG.runSuitesLocally(TestNG.java:1169)
	at org.testng.TestNG.run(TestNG.java:1064)
	at org.testng.remote.AbstractRemoteTestNG.run(AbstractRemoteTestNG.java:115)
	at org.testng.remote.RemoteTestNG.initAndRun(RemoteTestNG.java:251)
	at org.testng.remote.RemoteTestNG.main(RemoteTestNG.java:77)
]]>
    </error>
  </testcase> <!-- Validate_PreRollVideo_cmsid_Custom_param -->
  <testcase name="Validate_MapDetails_cxtg_Custom_param" time="0.221" classname="com.twc.ios.app.testcases.SmokeTest">
    <failure type="java.lang.AssertionError" message="Custom Parameter :cxtg value: c,i,s,u,z,1a,1b,1e,1j,1s,1u,2a,6a,6g,6h,6n,6q,6r,6s,6u,6v,7s,7t,7u,7w,8a,8g,8j,8m,8n,8r,9-,a3,a4,b8,c0,cj,cr,dc,dd,ei,gv,n6,n8,n9,nc,nf,ng,nh,nl,pu,pv,pw,px,p-,p_,q0,q4,q5,qy,r1,r7,rj,rk,rn,ro,r-,s0,s1,s5,s6,s9,sa,se,sf,si,sj,sm,so,sp,su,sv,sw,wv,ww,x0,x4,yx,yz,z2,z3,z9,za,zf,zn,-v,10g,1gi,1gp,1h9,1hd,1he,1hh,1hp,1hr,1ht,1hv,1hz,1ia,1ib,1ii,1ij,1j0,1j3,1jb,1jg,1jl,1jq,1js,1k2,1k6,1kc,1ks,1ky,1lb,1lm,1lq,1m5,1m6,1sz,1t5,1t6,1t8,1t9,1ta,1tf,1tg,1th,1tl,1tm,1to,1tp,1tq,1tv,1tw,1u1,1u2,1u3,1u4,1ub,1uc,1us,1uw,1v2,1v7,1v9,1va,1vc,1vj,1vk,1vl,1vm,1vn,1vo,1w7,1wa,1wc,1wl,1wx,1wy,1xe,1xf,1xh,1y9,1yb,1yc,1yn,1z9,1zh,1zi,1zm,1zn,1zp,1zq,1zr,1zs,1zx,1zy,1zz,1z-,1z_,1-3,1-6,1-9,1-b,1-c,1-g,1-h,1-m,1-t,1-u,1-x is not matched with the expected value: nl">
      <![CDATA[java.lang.AssertionError: Custom Parameter :cxtg value: c,i,s,u,z,1a,1b,1e,1j,1s,1u,2a,6a,6g,6h,6n,6q,6r,6s,6u,6v,7s,7t,7u,7w,8a,8g,8j,8m,8n,8r,9-,a3,a4,b8,c0,cj,cr,dc,dd,ei,gv,n6,n8,n9,nc,nf,ng,nh,nl,pu,pv,pw,px,p-,p_,q0,q4,q5,qy,r1,r7,rj,rk,rn,ro,r-,s0,s1,s5,s6,s9,sa,se,sf,si,sj,sm,so,sp,su,sv,sw,wv,ww,x0,x4,yx,yz,z2,z3,z9,za,zf,zn,-v,10g,1gi,1gp,1h9,1hd,1he,1hh,1hp,1hr,1ht,1hv,1hz,1ia,1ib,1ii,1ij,1j0,1j3,1jb,1jg,1jl,1jq,1js,1k2,1k6,1kc,1ks,1ky,1lb,1lm,1lq,1m5,1m6,1sz,1t5,1t6,1t8,1t9,1ta,1tf,1tg,1th,1tl,1tm,1to,1tp,1tq,1tv,1tw,1u1,1u2,1u3,1u4,1ub,1uc,1us,1uw,1v2,1v7,1v9,1va,1vc,1vj,1vk,1vl,1vm,1vn,1vo,1w7,1wa,1wc,1wl,1wx,1wy,1xe,1xf,1xh,1y9,1yb,1yc,1yn,1z9,1zh,1zi,1zm,1zn,1zp,1zq,1zr,1zs,1zx,1zy,1zz,1z-,1z_,1-3,1-6,1-9,1-b,1-c,1-g,1-h,1-m,1-t,1-u,1-x is not matched with the expected value: nl
	at org.testng.Assert.fail(Assert.java:94)
	at com.twc.ios.app.general.Utils.validate_custom_param_val_of_gampad_with_zip(Utils.java:8269)
	at com.twc.ios.app.testcases.SmokeTest.Validate_MapDetails_cxtg_Custom_param(SmokeTest.java:1929)
	at sun.reflect.NativeMethodAccessorImpl.invoke0(Native Method)
	at sun.reflect.NativeMethodAccessorImpl.invoke(NativeMethodAccessorImpl.java:62)
	at sun.reflect.DelegatingMethodAccessorImpl.invoke(DelegatingMethodAccessorImpl.java:43)
	at java.lang.reflect.Method.invoke(Method.java:498)
	at org.testng.internal.MethodInvocationHelper.invokeMethod(MethodInvocationHelper.java:86)
	at org.testng.internal.Invoker.invokeMethod(Invoker.java:643)
	at org.testng.internal.Invoker.invokeTestMethod(Invoker.java:820)
	at org.testng.internal.Invoker.invokeTestMethods(Invoker.java:1128)
	at org.testng.internal.TestMethodWorker.invokeTestMethods(TestMethodWorker.java:129)
	at org.testng.internal.TestMethodWorker.run(TestMethodWorker.java:112)
	at org.testng.TestRunner.privateRun(TestRunner.java:782)
	at org.testng.TestRunner.run(TestRunner.java:632)
	at org.testng.SuiteRunner.runTest(SuiteRunner.java:366)
	at org.testng.SuiteRunner.runSequentially(SuiteRunner.java:361)
	at org.testng.SuiteRunner.privateRun(SuiteRunner.java:319)
	at org.testng.SuiteRunner.run(SuiteRunner.java:268)
	at org.testng.SuiteRunnerWorker.runSuite(SuiteRunnerWorker.java:52)
	at org.testng.SuiteRunnerWorker.run(SuiteRunnerWorker.java:86)
	at org.testng.TestNG.runSuitesSequentially(TestNG.java:1244)
	at org.testng.TestNG.runSuitesLocally(TestNG.java:1169)
	at org.testng.TestNG.run(TestNG.java:1064)
	at org.testng.remote.AbstractRemoteTestNG.run(AbstractRemoteTestNG.java:115)
	at org.testng.remote.RemoteTestNG.initAndRun(RemoteTestNG.java:251)
	at org.testng.remote.RemoteTestNG.main(RemoteTestNG.java:77)
]]>
    </failure>
  </testcase> <!-- Validate_MapDetails_cxtg_Custom_param -->
  <testcase name="Verify_TrendingPage_AdCall" time="0.464" classname="com.twc.ios.app.testcases.SmokeTest"/>
  <testcase name="Validate_Feed1_locale_Custom_param" time="1.034" classname="com.twc.ios.app.testcases.SmokeTest"/>
  <testcase name="Validate_MapDetails_zcs_Custom_param" time="0.212" classname="com.twc.ios.app.testcases.SmokeTest">
    <failure type="java.lang.AssertionError" message="Custom Parameter :zcs value: 23304,23125,23124,23077,23070,22986,22564,22227,21800,21745,21744,21387,21374,21260,18675,18470,18384,18334,18277,18183,18182,18181,18174,18173,17112,15937,15934,14783,13251,13106,8231 is not matched with the expected value: nl">
      <![CDATA[java.lang.AssertionError: Custom Parameter :zcs value: 23304,23125,23124,23077,23070,22986,22564,22227,21800,21745,21744,21387,21374,21260,18675,18470,18384,18334,18277,18183,18182,18181,18174,18173,17112,15937,15934,14783,13251,13106,8231 is not matched with the expected value: nl
	at org.testng.Assert.fail(Assert.java:94)
	at com.twc.ios.app.general.Utils.validate_custom_param_val_of_gampad_with_zip(Utils.java:8269)
	at com.twc.ios.app.testcases.SmokeTest.Validate_MapDetails_zcs_Custom_param(SmokeTest.java:1978)
	at sun.reflect.NativeMethodAccessorImpl.invoke0(Native Method)
	at sun.reflect.NativeMethodAccessorImpl.invoke(NativeMethodAccessorImpl.java:62)
	at sun.reflect.DelegatingMethodAccessorImpl.invoke(DelegatingMethodAccessorImpl.java:43)
	at java.lang.reflect.Method.invoke(Method.java:498)
	at org.testng.internal.MethodInvocationHelper.invokeMethod(MethodInvocationHelper.java:86)
	at org.testng.internal.Invoker.invokeMethod(Invoker.java:643)
	at org.testng.internal.Invoker.invokeTestMethod(Invoker.java:820)
	at org.testng.internal.Invoker.invokeTestMethods(Invoker.java:1128)
	at org.testng.internal.TestMethodWorker.invokeTestMethods(TestMethodWorker.java:129)
	at org.testng.internal.TestMethodWorker.run(TestMethodWorker.java:112)
	at org.testng.TestRunner.privateRun(TestRunner.java:782)
	at org.testng.TestRunner.run(TestRunner.java:632)
	at org.testng.SuiteRunner.runTest(SuiteRunner.java:366)
	at org.testng.SuiteRunner.runSequentially(SuiteRunner.java:361)
	at org.testng.SuiteRunner.privateRun(SuiteRunner.java:319)
	at org.testng.SuiteRunner.run(SuiteRunner.java:268)
	at org.testng.SuiteRunnerWorker.runSuite(SuiteRunnerWorker.java:52)
	at org.testng.SuiteRunnerWorker.run(SuiteRunnerWorker.java:86)
	at org.testng.TestNG.runSuitesSequentially(TestNG.java:1244)
	at org.testng.TestNG.runSuitesLocally(TestNG.java:1169)
	at org.testng.TestNG.run(TestNG.java:1064)
	at org.testng.remote.AbstractRemoteTestNG.run(AbstractRemoteTestNG.java:115)
	at org.testng.remote.RemoteTestNG.initAndRun(RemoteTestNG.java:251)
	at org.testng.remote.RemoteTestNG.main(RemoteTestNG.java:77)
]]>
    </failure>
  </testcase> <!-- Validate_MapDetails_zcs_Custom_param -->
  <testcase name="Validate_Feed1_lang_Custom_param" time="0.455" classname="com.twc.ios.app.testcases.SmokeTest"/>
  <testcase name="Validate_Feed1_plat_Custom_param" time="0.450" classname="com.twc.ios.app.testcases.SmokeTest"/>
  <testcase name="Validate_Feed1_dnt_Custom_param" time="0.442" classname="com.twc.ios.app.testcases.SmokeTest"/>
  <testcase name="Validate_IMA_SDK_version" time="0.027" classname="com.twc.ios.app.testcases.SmokeTest">
    <error type="java.lang.NullPointerException">
      <![CDATA[java.lang.NullPointerException
	at java.lang.String.contains(String.java:2133)
	at com.twc.ios.app.general.Utils.validate_Noncustom_param_val_of_gampad(Utils.java:8335)
	at com.twc.ios.app.testcases.SmokeTest.Validate_IMA_SDK_version(SmokeTest.java:2567)
	at sun.reflect.NativeMethodAccessorImpl.invoke0(Native Method)
	at sun.reflect.NativeMethodAccessorImpl.invoke(NativeMethodAccessorImpl.java:62)
	at sun.reflect.DelegatingMethodAccessorImpl.invoke(DelegatingMethodAccessorImpl.java:43)
	at java.lang.reflect.Method.invoke(Method.java:498)
	at org.testng.internal.MethodInvocationHelper.invokeMethod(MethodInvocationHelper.java:86)
	at org.testng.internal.Invoker.invokeMethod(Invoker.java:643)
	at org.testng.internal.Invoker.invokeTestMethod(Invoker.java:820)
	at org.testng.internal.Invoker.invokeTestMethods(Invoker.java:1128)
	at org.testng.internal.TestMethodWorker.invokeTestMethods(TestMethodWorker.java:129)
	at org.testng.internal.TestMethodWorker.run(TestMethodWorker.java:112)
	at org.testng.TestRunner.privateRun(TestRunner.java:782)
	at org.testng.TestRunner.run(TestRunner.java:632)
	at org.testng.SuiteRunner.runTest(SuiteRunner.java:366)
	at org.testng.SuiteRunner.runSequentially(SuiteRunner.java:361)
	at org.testng.SuiteRunner.privateRun(SuiteRunner.java:319)
	at org.testng.SuiteRunner.run(SuiteRunner.java:268)
	at org.testng.SuiteRunnerWorker.runSuite(SuiteRunnerWorker.java:52)
	at org.testng.SuiteRunnerWorker.run(SuiteRunnerWorker.java:86)
	at org.testng.TestNG.runSuitesSequentially(TestNG.java:1244)
	at org.testng.TestNG.runSuitesLocally(TestNG.java:1169)
	at org.testng.TestNG.run(TestNG.java:1064)
	at org.testng.remote.AbstractRemoteTestNG.run(AbstractRemoteTestNG.java:115)
	at org.testng.remote.RemoteTestNG.initAndRun(RemoteTestNG.java:251)
	at org.testng.remote.RemoteTestNG.main(RemoteTestNG.java:77)
]]>
    </error>
  </testcase> <!-- Validate_IMA_SDK_version -->
  <testcase name="Validate_PreRollVideo_nzcs_Custom_param" time="0.036" classname="com.twc.ios.app.testcases.SmokeTest">
    <error type="java.lang.NullPointerException">
      <![CDATA[java.lang.NullPointerException
	at java.lang.String.contains(String.java:2133)
	at com.twc.ios.app.general.Utils.validate_custom_param_val_of_gampad_with_zip(Utils.java:8203)
	at com.twc.ios.app.testcases.SmokeTest.Validate_PreRollVideo_nzcs_Custom_param(SmokeTest.java:2551)
	at sun.reflect.NativeMethodAccessorImpl.invoke0(Native Method)
	at sun.reflect.NativeMethodAccessorImpl.invoke(NativeMethodAccessorImpl.java:62)
	at sun.reflect.DelegatingMethodAccessorImpl.invoke(DelegatingMethodAccessorImpl.java:43)
	at java.lang.reflect.Method.invoke(Method.java:498)
	at org.testng.internal.MethodInvocationHelper.invokeMethod(MethodInvocationHelper.java:86)
	at org.testng.internal.Invoker.invokeMethod(Invoker.java:643)
	at org.testng.internal.Invoker.invokeTestMethod(Invoker.java:820)
	at org.testng.internal.Invoker.invokeTestMethods(Invoker.java:1128)
	at org.testng.internal.TestMethodWorker.invokeTestMethods(TestMethodWorker.java:129)
	at org.testng.internal.TestMethodWorker.run(TestMethodWorker.java:112)
	at org.testng.TestRunner.privateRun(TestRunner.java:782)
	at org.testng.TestRunner.run(TestRunner.java:632)
	at org.testng.SuiteRunner.runTest(SuiteRunner.java:366)
	at org.testng.SuiteRunner.runSequentially(SuiteRunner.java:361)
	at org.testng.SuiteRunner.privateRun(SuiteRunner.java:319)
	at org.testng.SuiteRunner.run(SuiteRunner.java:268)
	at org.testng.SuiteRunnerWorker.runSuite(SuiteRunnerWorker.java:52)
	at org.testng.SuiteRunnerWorker.run(SuiteRunnerWorker.java:86)
	at org.testng.TestNG.runSuitesSequentially(TestNG.java:1244)
	at org.testng.TestNG.runSuitesLocally(TestNG.java:1169)
	at org.testng.TestNG.run(TestNG.java:1064)
	at org.testng.remote.AbstractRemoteTestNG.run(AbstractRemoteTestNG.java:115)
	at org.testng.remote.RemoteTestNG.initAndRun(RemoteTestNG.java:251)
	at org.testng.remote.RemoteTestNG.main(RemoteTestNG.java:77)
]]>
    </error>
  </testcase> <!-- Validate_PreRollVideo_nzcs_Custom_param -->
  <testcase name="Validate_PreRollVideo_ttid_Custom_param" time="0.024" classname="com.twc.ios.app.testcases.SmokeTest">
    <error type="java.lang.NullPointerException">
      <![CDATA[java.lang.NullPointerException
	at java.lang.String.contains(String.java:2133)
	at com.twc.ios.app.general.Utils.validate_custom_param_val_of_gampad(Utils.java:7897)
	at com.twc.ios.app.testcases.SmokeTest.Validate_PreRollVideo_ttid_Custom_param(SmokeTest.java:2434)
	at sun.reflect.NativeMethodAccessorImpl.invoke0(Native Method)
	at sun.reflect.NativeMethodAccessorImpl.invoke(NativeMethodAccessorImpl.java:62)
	at sun.reflect.DelegatingMethodAccessorImpl.invoke(DelegatingMethodAccessorImpl.java:43)
	at java.lang.reflect.Method.invoke(Method.java:498)
	at org.testng.internal.MethodInvocationHelper.invokeMethod(MethodInvocationHelper.java:86)
	at org.testng.internal.Invoker.invokeMethod(Invoker.java:643)
	at org.testng.internal.Invoker.invokeTestMethod(Invoker.java:820)
	at org.testng.internal.Invoker.invokeTestMethods(Invoker.java:1128)
	at org.testng.internal.TestMethodWorker.invokeTestMethods(TestMethodWorker.java:129)
	at org.testng.internal.TestMethodWorker.run(TestMethodWorker.java:112)
	at org.testng.TestRunner.privateRun(TestRunner.java:782)
	at org.testng.TestRunner.run(TestRunner.java:632)
	at org.testng.SuiteRunner.runTest(SuiteRunner.java:366)
	at org.testng.SuiteRunner.runSequentially(SuiteRunner.java:361)
	at org.testng.SuiteRunner.privateRun(SuiteRunner.java:319)
	at org.testng.SuiteRunner.run(SuiteRunner.java:268)
	at org.testng.SuiteRunnerWorker.runSuite(SuiteRunnerWorker.java:52)
	at org.testng.SuiteRunnerWorker.run(SuiteRunnerWorker.java:86)
	at org.testng.TestNG.runSuitesSequentially(TestNG.java:1244)
	at org.testng.TestNG.runSuitesLocally(TestNG.java:1169)
	at org.testng.TestNG.run(TestNG.java:1064)
	at org.testng.remote.AbstractRemoteTestNG.run(AbstractRemoteTestNG.java:115)
	at org.testng.remote.RemoteTestNG.initAndRun(RemoteTestNG.java:251)
	at org.testng.remote.RemoteTestNG.main(RemoteTestNG.java:77)
]]>
    </error>
  </testcase> <!-- Validate_PreRollVideo_ttid_Custom_param -->
  <testcase name="Verify_LocationWFXTriggers_Call_On_KillAndLaunch" time="0.163" classname="com.twc.ios.app.testcases.SmokeTest"/>
  <testcase name="Validate_Marquee_st_Custom_param" time="0.885" classname="com.twc.ios.app.testcases.SmokeTest"/>
  <testcase name="Validate_Feed1_fltmpc_Custom_param" time="0.470" classname="com.twc.ios.app.testcases.SmokeTest"/>
  <testcase name="Validate_PreRollVideo_zcs_Custom_param" time="0.030" classname="com.twc.ios.app.testcases.SmokeTest">
    <error type="java.lang.NullPointerException">
      <![CDATA[java.lang.NullPointerException
	at java.lang.String.contains(String.java:2133)
	at com.twc.ios.app.general.Utils.validate_custom_param_val_of_gampad_with_zip(Utils.java:8203)
	at com.twc.ios.app.testcases.SmokeTest.Validate_PreRollVideo_zcs_Custom_param(SmokeTest.java:2525)
	at sun.reflect.NativeMethodAccessorImpl.invoke0(Native Method)
	at sun.reflect.NativeMethodAccessorImpl.invoke(NativeMethodAccessorImpl.java:62)
	at sun.reflect.DelegatingMethodAccessorImpl.invoke(DelegatingMethodAccessorImpl.java:43)
	at java.lang.reflect.Method.invoke(Method.java:498)
	at org.testng.internal.MethodInvocationHelper.invokeMethod(MethodInvocationHelper.java:86)
	at org.testng.internal.Invoker.invokeMethod(Invoker.java:643)
	at org.testng.internal.Invoker.invokeTestMethod(Invoker.java:820)
	at org.testng.internal.Invoker.invokeTestMethods(Invoker.java:1128)
	at org.testng.internal.TestMethodWorker.invokeTestMethods(TestMethodWorker.java:129)
	at org.testng.internal.TestMethodWorker.run(TestMethodWorker.java:112)
	at org.testng.TestRunner.privateRun(TestRunner.java:782)
	at org.testng.TestRunner.run(TestRunner.java:632)
	at org.testng.SuiteRunner.runTest(SuiteRunner.java:366)
	at org.testng.SuiteRunner.runSequentially(SuiteRunner.java:361)
	at org.testng.SuiteRunner.privateRun(SuiteRunner.java:319)
	at org.testng.SuiteRunner.run(SuiteRunner.java:268)
	at org.testng.SuiteRunnerWorker.runSuite(SuiteRunnerWorker.java:52)
	at org.testng.SuiteRunnerWorker.run(SuiteRunnerWorker.java:86)
	at org.testng.TestNG.runSuitesSequentially(TestNG.java:1244)
	at org.testng.TestNG.runSuitesLocally(TestNG.java:1169)
	at org.testng.TestNG.run(TestNG.java:1064)
	at org.testng.remote.AbstractRemoteTestNG.run(AbstractRemoteTestNG.java:115)
	at org.testng.remote.RemoteTestNG.initAndRun(RemoteTestNG.java:251)
	at org.testng.remote.RemoteTestNG.main(RemoteTestNG.java:77)
]]>
    </error>
  </testcase> <!-- Validate_PreRollVideo_zcs_Custom_param -->
  <testcase name="Validate_Criteo_SDK_Initialization_API_Call_Response_Parameter_prefetchOnInitEnabled" time="0.252" classname="com.twc.ios.app.testcases.SmokeTest"/>
  <testcase name="Verify_Map_Details_mr_Custom_Parameter" time="113.899" classname="com.twc.ios.app.testcases.SmokeTest">
    <failure type="java.lang.AssertionError" message="Ad Call :iu=%2F7646%2Fapp_iphone_us%2Fdb_display%2Fdetails%2Fmaps not found in charles session, hence Custom Parameter: mr validation skipped">
      <![CDATA[java.lang.AssertionError: Ad Call :iu=%2F7646%2Fapp_iphone_us%2Fdb_display%2Fdetails%2Fmaps not found in charles session, hence Custom Parameter: mr validation skipped
	at org.testng.Assert.fail(Assert.java:94)
	at com.twc.ios.app.general.Utils.validate_custom_param_val_of_gampad(Utils.java:7919)
	at com.twc.ios.app.testcases.SmokeTest.Verify_Map_Details_mr_Custom_Parameter(SmokeTest.java:1791)
	at sun.reflect.NativeMethodAccessorImpl.invoke0(Native Method)
	at sun.reflect.NativeMethodAccessorImpl.invoke(NativeMethodAccessorImpl.java:62)
	at sun.reflect.DelegatingMethodAccessorImpl.invoke(DelegatingMethodAccessorImpl.java:43)
	at java.lang.reflect.Method.invoke(Method.java:498)
	at org.testng.internal.MethodInvocationHelper.invokeMethod(MethodInvocationHelper.java:86)
	at org.testng.internal.Invoker.invokeMethod(Invoker.java:643)
	at org.testng.internal.Invoker.invokeTestMethod(Invoker.java:820)
	at org.testng.internal.Invoker.invokeTestMethods(Invoker.java:1128)
	at org.testng.internal.TestMethodWorker.invokeTestMethods(TestMethodWorker.java:129)
	at org.testng.internal.TestMethodWorker.run(TestMethodWorker.java:112)
	at org.testng.TestRunner.privateRun(TestRunner.java:782)
	at org.testng.TestRunner.run(TestRunner.java:632)
	at org.testng.SuiteRunner.runTest(SuiteRunner.java:366)
	at org.testng.SuiteRunner.runSequentially(SuiteRunner.java:361)
	at org.testng.SuiteRunner.privateRun(SuiteRunner.java:319)
	at org.testng.SuiteRunner.run(SuiteRunner.java:268)
	at org.testng.SuiteRunnerWorker.runSuite(SuiteRunnerWorker.java:52)
	at org.testng.SuiteRunnerWorker.run(SuiteRunnerWorker.java:86)
	at org.testng.TestNG.runSuitesSequentially(TestNG.java:1244)
	at org.testng.TestNG.runSuitesLocally(TestNG.java:1169)
	at org.testng.TestNG.run(TestNG.java:1064)
	at org.testng.remote.AbstractRemoteTestNG.run(AbstractRemoteTestNG.java:115)
	at org.testng.remote.RemoteTestNG.initAndRun(RemoteTestNG.java:251)
	at org.testng.remote.RemoteTestNG.main(RemoteTestNG.java:77)
]]>
    </failure>
  </testcase> <!-- Verify_Map_Details_mr_Custom_Parameter -->
  <testcase name="Verify_Feed_Calls" time="1816.707" classname="com.twc.ios.app.testcases.SmokeTest"/>
  <testcase name="Validate_Marquee_plat_Custom_param" time="0.481" classname="com.twc.ios.app.testcases.SmokeTest"/>
  <testcase name="Validate_Feed1_tile_Custom_param" time="0.494" classname="com.twc.ios.app.testcases.SmokeTest"/>
  <testcase name="Validate_Feed1_uv_Custom_param" time="0.472" classname="com.twc.ios.app.testcases.SmokeTest"/>
  <testcase name="Verify_enable_preConditions_for_WeatherFx_API_ParametersFromPlanningCard" time="491.491" classname="com.twc.ios.app.testcases.SmokeTest"/>
  <testcase name="Validate_Marquee_locale_Custom_param" time="0.953" classname="com.twc.ios.app.testcases.SmokeTest"/>
  <testcase name="Validate_Criteo_SDK_Initialization_API_Call_Response_Code" time="0.259" classname="com.twc.ios.app.testcases.SmokeTest"/>
  <testcase name="Validate_Criteo_SDK_Initialization_API_Call_Response_Parameter_csmEnabled" time="0.239" classname="com.twc.ios.app.testcases.SmokeTest"/>
  <testcase name="Validate_Marquee_hmid_Custom_param" time="0.464" classname="com.twc.ios.app.testcases.SmokeTest"/>
  <testcase name="Validate_Feed1_zip_Custom_param" time="0.942" classname="com.twc.ios.app.testcases.SmokeTest"/>
  <testcase name="Validate_Marquee_dynght_Custom_param" time="0.979" classname="com.twc.ios.app.testcases.SmokeTest"/>
  <testcase name="Validate_HomeScreen_Call_tf_Custom_param" time="0.572" classname="com.twc.ios.app.testcases.SmokeTest"/>
  <testcase name="Validate_PreRollVideo_ref_Custom_param" time="0.023" classname="com.twc.ios.app.testcases.SmokeTest">
    <error type="java.lang.NullPointerException">
      <![CDATA[java.lang.NullPointerException
	at java.lang.String.contains(String.java:2133)
	at com.twc.ios.app.general.Utils.validate_custom_param_val_of_gampad(Utils.java:7897)
	at com.twc.ios.app.testcases.SmokeTest.Validate_PreRollVideo_ref_Custom_param(SmokeTest.java:2473)
	at sun.reflect.NativeMethodAccessorImpl.invoke0(Native Method)
	at sun.reflect.NativeMethodAccessorImpl.invoke(NativeMethodAccessorImpl.java:62)
	at sun.reflect.DelegatingMethodAccessorImpl.invoke(DelegatingMethodAccessorImpl.java:43)
	at java.lang.reflect.Method.invoke(Method.java:498)
	at org.testng.internal.MethodInvocationHelper.invokeMethod(MethodInvocationHelper.java:86)
	at org.testng.internal.Invoker.invokeMethod(Invoker.java:643)
	at org.testng.internal.Invoker.invokeTestMethod(Invoker.java:820)
	at org.testng.internal.Invoker.invokeTestMethods(Invoker.java:1128)
	at org.testng.internal.TestMethodWorker.invokeTestMethods(TestMethodWorker.java:129)
	at org.testng.internal.TestMethodWorker.run(TestMethodWorker.java:112)
	at org.testng.TestRunner.privateRun(TestRunner.java:782)
	at org.testng.TestRunner.run(TestRunner.java:632)
	at org.testng.SuiteRunner.runTest(SuiteRunner.java:366)
	at org.testng.SuiteRunner.runSequentially(SuiteRunner.java:361)
	at org.testng.SuiteRunner.privateRun(SuiteRunner.java:319)
	at org.testng.SuiteRunner.run(SuiteRunner.java:268)
	at org.testng.SuiteRunnerWorker.runSuite(SuiteRunnerWorker.java:52)
	at org.testng.SuiteRunnerWorker.run(SuiteRunnerWorker.java:86)
	at org.testng.TestNG.runSuitesSequentially(TestNG.java:1244)
	at org.testng.TestNG.runSuitesLocally(TestNG.java:1169)
	at org.testng.TestNG.run(TestNG.java:1064)
	at org.testng.remote.AbstractRemoteTestNG.run(AbstractRemoteTestNG.java:115)
	at org.testng.remote.RemoteTestNG.initAndRun(RemoteTestNG.java:251)
	at org.testng.remote.RemoteTestNG.main(RemoteTestNG.java:77)
]]>
    </error>
  </testcase> <!-- Validate_PreRollVideo_ref_Custom_param -->
  <testcase name="Validate_DailyDetails_Banner_Ad_nzcs_Custom_param" time="0.091" classname="com.twc.ios.app.testcases.SmokeTest">
    <failure type="java.lang.AssertionError" message="Custom Parameter :nzcs value: nl is not matched with the expected value: 22905,22602,22570,22557,22532,22530,22451,22444,22443,22440,22415,22414,21995,21994,21982,21972,21971,21958,21957,21956,21953,21951,21945,21943,21679,21678,21677,21675,21669,21658,21642,21640,21631,21630,21627,21626,21625,21624,21623,21610,21602">
      <![CDATA[java.lang.AssertionError: Custom Parameter :nzcs value: nl is not matched with the expected value: 22905,22602,22570,22557,22532,22530,22451,22444,22443,22440,22415,22414,21995,21994,21982,21972,21971,21958,21957,21956,21953,21951,21945,21943,21679,21678,21677,21675,21669,21658,21642,21640,21631,21630,21627,21626,21625,21624,21623,21610,21602
	at org.testng.Assert.fail(Assert.java:94)
	at com.twc.ios.app.general.Utils.validate_custom_param_val_of_gampad_with_zip(Utils.java:8269)
	at com.twc.ios.app.testcases.SmokeTest.Validate_DailyDetails_Banner_Ad_nzcs_Custom_param(SmokeTest.java:2247)
	at sun.reflect.NativeMethodAccessorImpl.invoke0(Native Method)
	at sun.reflect.NativeMethodAccessorImpl.invoke(NativeMethodAccessorImpl.java:62)
	at sun.reflect.DelegatingMethodAccessorImpl.invoke(DelegatingMethodAccessorImpl.java:43)
	at java.lang.reflect.Method.invoke(Method.java:498)
	at org.testng.internal.MethodInvocationHelper.invokeMethod(MethodInvocationHelper.java:86)
	at org.testng.internal.Invoker.invokeMethod(Invoker.java:643)
	at org.testng.internal.Invoker.invokeTestMethod(Invoker.java:820)
	at org.testng.internal.Invoker.invokeTestMethods(Invoker.java:1128)
	at org.testng.internal.TestMethodWorker.invokeTestMethods(TestMethodWorker.java:129)
	at org.testng.internal.TestMethodWorker.run(TestMethodWorker.java:112)
	at org.testng.TestRunner.privateRun(TestRunner.java:782)
	at org.testng.TestRunner.run(TestRunner.java:632)
	at org.testng.SuiteRunner.runTest(SuiteRunner.java:366)
	at org.testng.SuiteRunner.runSequentially(SuiteRunner.java:361)
	at org.testng.SuiteRunner.privateRun(SuiteRunner.java:319)
	at org.testng.SuiteRunner.run(SuiteRunner.java:268)
	at org.testng.SuiteRunnerWorker.runSuite(SuiteRunnerWorker.java:52)
	at org.testng.SuiteRunnerWorker.run(SuiteRunnerWorker.java:86)
	at org.testng.TestNG.runSuitesSequentially(TestNG.java:1244)
	at org.testng.TestNG.runSuitesLocally(TestNG.java:1169)
	at org.testng.TestNG.run(TestNG.java:1064)
	at org.testng.remote.AbstractRemoteTestNG.run(AbstractRemoteTestNG.java:115)
	at org.testng.remote.RemoteTestNG.initAndRun(RemoteTestNG.java:251)
	at org.testng.remote.RemoteTestNG.main(RemoteTestNG.java:77)
]]>
    </failure>
  </testcase> <!-- Validate_DailyDetails_Banner_Ad_nzcs_Custom_param -->
  <testcase name="Validate_Marquee_tmp_Custom_param" time="0.497" classname="com.twc.ios.app.testcases.SmokeTest"/>
  <testcase name="Verify_Hourly_Details_BigAd1_Adcall" time="174.026" classname="com.twc.ios.app.testcases.SmokeTest"/>
</testsuite> <!-- com.twc.ios.app.testcases.SmokeTest -->
